VisionPoseDetector init at 2026-03-07 06:11:51 +0000
2026-03-07 06:11:51 +0000: [ENGINE] PostureEngine init
2026-03-07 06:12:08 +0000: [ENGINE] startMonitoring called
2026-03-07 06:12:10 +0000: [ENGINE] no pending frame
2026-03-07 06:12:10 +0000: [MediaPipeClient] Connected to pose server
2026-03-07 06:12:10 +0000: [ENGINE] [PERF_START] mediaPipeConnectedMs=2116.0
2026-03-07 06:12:10 +0000: [ENGINE] MediaPipe server connected — using enhanced detection
2026-03-07T06:12:11Z: [PERF_CAMERA] frames=1 portrait=0 avgConvertMs=11.31 avgRotateMs=0.00 avgFrameMs=11.34 maxConvertMs=11.31 maxRotateMs=0.00 maxFrameMs=11.34
2026-03-07 06:12:11 +0000: [ENGINE] [PERF_START] firstFrameMs=3140.1
2026-03-07 06:12:11 +0000: [MediaPipeClient] faceLandmarks count=1434 (need 1434 for 3D mesh)
2026-03-07 06:12:11 +0000: [ENGINE] faceMesh present: 478 landmarks, 478 depths
2026-03-07 06:12:11 +0000: [ENGINE] [CTX] context=laptop conf=1.00 frame=stable source=manual faceRatio=0.98 cam=FaceTime HD Camera model=FaceTime HD Camera reasons=deviceHint:laptop|builtInHeuristic:belowEye|manualContextOverride
[EVAL] rawCVA=62.0 adj=62.0 base=62.0 class=normal relScore=94 sev=good pitchΔ=0.84 faceΔ=-2.2% eye=active eyeClass=inconclusive eyeConf=0.00 eyeFwd=0.00 eyeDown=0.00 eyePitchDrop=-0.84 depthΔ=-0.053 irisΔ=-0.056
2026-03-07 06:12:11 +0000: [ENGINE] [PERF_START] firstScoreMs=3277.8 source=mp firstFrameMs=3140.1 mediaPipeConnectedMs=2116.0 analysisDrops=0
2026-03-07 06:12:12 +0000: [MediaPipeClient] faceLandmarks count=1434 (need 1434 for 3D mesh)
2026-03-07 06:12:12 +0000: [ENGINE] faceMesh present: 478 landmarks, 478 depths
[EVAL] rawCVA=62.0 adj=62.0 base=62.0 class=normal relScore=94 sev=good pitchΔ=0.84 faceΔ=-3.9% eye=active eyeClass=inconclusive eyeConf=0.06 eyeFwd=0.11 eyeDown=0.22 eyePitchDrop=-0.84 depthΔ=-0.045 irisΔ=-0.056
2026-03-07 06:12:12 +0000: [MediaPipeClient] faceLandmarks count=1434 (need 1434 for 3D mesh)
2026-03-07 06:12:12 +0000: [ENGINE] faceMesh present: 478 landmarks, 478 depths
[EVAL] rawCVA=62.0 adj=62.0 base=62.0 class=normal relScore=94 sev=good pitchΔ=0.57 faceΔ=-5.2% eye=active eyeClass=inconclusive eyeConf=0.02 eyeFwd=0.15 eyeDown=0.17 eyePitchDrop=-0.57 depthΔ=-0.046 irisΔ=-0.056
2026-03-07 06:12:12 +0000: [MediaPipeClient] faceLandmarks count=1434 (need 1434 for 3D mesh)
2026-03-07 06:12:12 +0000: [ENGINE] faceMesh present: 478 landmarks, 478 depths
[EVAL] rawCVA=62.0 adj=62.0 base=62.0 class=normal relScore=94 sev=good pitchΔ=0.63 faceΔ=-2.2% eye=active eyeClass=inconclusive eyeConf=0.00 eyeFwd=0.00 eyeDown=0.00 eyePitchDrop=-0.63 depthΔ=-0.042 irisΔ=-0.055
2026-03-07 06:12:12 +0000: [MediaPipeClient] faceLandmarks count=1434 (need 1434 for 3D mesh)
2026-03-07 06:12:12 +0000: [ENGINE] faceMesh present: 478 landmarks, 478 depths
[EVAL] rawCVA=62.0 adj=62.0 base=62.0 class=normal relScore=94 sev=good pitchΔ=1.46 faceΔ=-1.2% eye=active eyeClass=inconclusive eyeConf=0.00 eyeFwd=0.00 eyeDown=0.00 eyePitchDrop=-1.46 depthΔ=-0.035 irisΔ=-0.034
2026-03-07 06:12:12 +0000: [ENGINE] [SCORE/MP] rawCVA=62.0 smoothedCVA=62.0 relScore=94 severity=good menuBar=good pitch=3.2
2026-03-07 06:12:12 +0000: [MediaPipeClient] faceLandmarks count=1434 (need 1434 for 3D mesh)
2026-03-07 06:12:12 +0000: [ENGINE] faceMesh present: 478 landmarks, 478 depths
[EVAL] rawCVA=62.0 adj=62.0 base=62.0 class=forwardHead relScore=88 sev=good pitchΔ=2.35 faceΔ=-6.5% eye=active eyeClass=forwardHead eyeConf=0.21 eyeFwd=0.19 eyeDown=0.13 eyePitchDrop=-2.35 depthΔ=-0.049 irisΔ=-0.025
2026-03-07 06:12:13 +0000: [MediaPipeClient] faceLandmarks count=1434 (need 1434 for 3D mesh)
2026-03-07 06:12:13 +0000: [ENGINE] faceMesh present: 478 landmarks, 478 depths
[EVAL] rawCVA=62.0 adj=62.0 base=62.0 class=normal relScore=93 sev=good pitchΔ=2.29 faceΔ=0.1% eye=active eyeClass=inconclusive eyeConf=0.00 eyeFwd=0.00 eyeDown=0.00 eyePitchDrop=-2.29 depthΔ=-0.044 irisΔ=-0.019
2026-03-07 06:12:13 +0000: [ENGINE] [SCORE/MP] rawCVA=62.0 smoothedCVA=62.0 relScore=93 severity=good menuBar=good pitch=4.0
2026-03-07 06:12:13 +0000: [MediaPipeClient] faceLandmarks count=1434 (need 1434 for 3D mesh)
2026-03-07 06:12:13 +0000: [ENGINE] faceMesh present: 478 landmarks, 478 depths
[EVAL] rawCVA=62.0 adj=62.0 base=62.0 class=normal relScore=91 sev=good pitchΔ=2.28 faceΔ=2.5% eye=active eyeClass=inconclusive eyeConf=0.00 eyeFwd=0.00 eyeDown=0.00 eyePitchDrop=-2.28 depthΔ=-0.025 irisΔ=-0.007
2026-03-07 06:12:13 +0000: [MediaPipeClient] faceLandmarks count=1434 (need 1434 for 3D mesh)
2026-03-07 06:12:13 +0000: [ENGINE] faceMesh present: 478 landmarks, 478 depths
[EVAL] rawCVA=62.0 adj=62.0 base=62.0 class=normal relScore=94 sev=good pitchΔ=0.69 faceΔ=1.1% eye=active eyeClass=inconclusive eyeConf=0.00 eyeFwd=0.00 eyeDown=0.00 eyePitchDrop=-0.69 depthΔ=0.009 irisΔ=-0.023
2026-03-07 06:12:13 +0000: [ENGINE] [SCORE/MP] rawCVA=62.0 smoothedCVA=62.0 relScore=94 severity=good menuBar=good pitch=2.4
2026-03-07 06:12:13 +0000: [MediaPipeClient] faceLandmarks count=1434 (need 1434 for 3D mesh)
2026-03-07 06:12:13 +0000: [ENGINE] faceMesh present: 478 landmarks, 478 depths
[EVAL] rawCVA=62.0 adj=62.0 base=62.0 class=normal relScore=92 sev=good pitchΔ=-0.39 faceΔ=5.0% eye=active eyeClass=inconclusive eyeConf=0.05 eyeFwd=0.14 eyeDown=0.20 eyePitchDrop=0.39 depthΔ=0.015 irisΔ=-0.023
2026-03-07 06:12:13 +0000: [ENGINE] [SCORE/MP] rawCVA=62.0 smoothedCVA=62.0 relScore=92 severity=good menuBar=good pitch=1.3
2026-03-07 06:12:13 +0000: [MediaPipeClient] faceLandmarks count=1434 (need 1434 for 3D mesh)
2026-03-07 06:12:13 +0000: [ENGINE] faceMesh present: 478 landmarks, 478 depths
[EVAL] rawCVA=62.0 adj=62.0 base=62.0 class=normal relScore=94 sev=good pitchΔ=-1.11 faceΔ=1.6% eye=active eyeClass=inconclusive eyeConf=0.00 eyeFwd=0.00 eyeDown=0.00 eyePitchDrop=1.11 depthΔ=0.015 irisΔ=-0.022
2026-03-07 06:12:14 +0000: [ENGINE] analyzing frame 1920x1080
2026-03-07 06:12:14 +0000: [MediaPipeClient] faceLandmarks count=1434 (need 1434 for 3D mesh)
2026-03-07 06:12:14 +0000: [ENGINE] faceMesh present: 478 landmarks, 478 depths
2026-03-07 06:12:14 +0000: [ENGINE] [CTX] context=laptop conf=1.00 frame=stable source=manual faceRatio=1.00 cam=FaceTime HD Camera model=FaceTime HD Camera reasons=deviceHint:laptop|builtInHeuristic:belowEye|manualContextOverride
[EVAL] rawCVA=62.0 adj=62.0 base=62.0 class=normal relScore=95 sev=good pitchΔ=-1.05 faceΔ=-0.0% eye=active eyeClass=inconclusive eyeConf=0.00 eyeFwd=0.00 eyeDown=0.00 eyePitchDrop=1.05 depthΔ=0.014 irisΔ=-0.020
2026-03-07 06:12:14 +0000: [ENGINE] analyzing frame 1920x1080
2026-03-07 06:12:14 +0000: [MediaPipeClient] faceLandmarks count=1434 (need 1434 for 3D mesh)
2026-03-07 06:12:14 +0000: [ENGINE] faceMesh present: 478 landmarks, 478 depths
[EVAL] rawCVA=62.0 adj=62.0 base=62.0 class=normal relScore=95 sev=good pitchΔ=-0.13 faceΔ=0.8% eye=active eyeClass=inconclusive eyeConf=0.00 eyeFwd=0.00 eyeDown=0.00 eyePitchDrop=0.13 depthΔ=0.004 irisΔ=-0.015
2026-03-07 06:12:14 +0000: [ENGINE] [SCORE/MP] rawCVA=62.0 smoothedCVA=62.0 relScore=95 severity=good menuBar=good pitch=1.6
2026-03-07 06:12:14 +0000: [MediaPipeClient] faceLandmarks count=1434 (need 1434 for 3D mesh)
2026-03-07 06:12:14 +0000: [ENGINE] faceMesh present: 478 landmarks, 478 depths
[EVAL] rawCVA=62.0 adj=62.0 base=62.0 class=normal relScore=94 sev=good pitchΔ=0.92 faceΔ=-0.2% eye=active eyeClass=inconclusive eyeConf=0.00 eyeFwd=0.00 eyeDown=0.00 eyePitchDrop=-0.92 depthΔ=0.005 irisΔ=-0.006
2026-03-07 06:12:14 +0000: [MediaPipeClient] faceLandmarks count=1434 (need 1434 for 3D mesh)
2026-03-07 06:12:14 +0000: [ENGINE] faceMesh present: 478 landmarks, 478 depths
[EVAL] rawCVA=62.0 adj=62.0 base=62.0 class=normal relScore=93 sev=good pitchΔ=1.72 faceΔ=-0.4% eye=active eyeClass=inconclusive eyeConf=0.00 eyeFwd=0.00 eyeDown=0.00 eyePitchDrop=-1.72 depthΔ=-0.007 irisΔ=0.001
2026-03-07 06:12:14 +0000: [ENGINE] [SCORE/MP] rawCVA=62.0 smoothedCVA=62.0 relScore=93 severity=good menuBar=good pitch=3.4
2026-03-07 06:12:14 +0000: [MediaPipeClient] faceLandmarks count=1434 (need 1434 for 3D mesh)
2026-03-07 06:12:14 +0000: [ENGINE] faceMesh present: 478 landmarks, 478 depths
[EVAL] rawCVA=62.0 adj=62.0 base=62.0 class=normal relScore=92 sev=good pitchΔ=1.74 faceΔ=2.2% eye=active eyeClass=inconclusive eyeConf=0.00 eyeFwd=0.00 eyeDown=0.00 eyePitchDrop=-1.74 depthΔ=-0.012 irisΔ=0.005
2026-03-07 06:12:14 +0000: [ENGINE] [SCORE/MP] rawCVA=62.0 smoothedCVA=62.0 relScore=92 severity=good menuBar=good pitch=3.5
2026-03-07 06:12:15 +0000: [MediaPipeClient] faceLandmarks count=1434 (need 1434 for 3D mesh)
2026-03-07 06:12:15 +0000: [ENGINE] faceMesh present: 478 landmarks, 478 depths
[EVAL] rawCVA=62.0 adj=62.0 base=62.0 class=normal relScore=93 sev=good pitchΔ=1.90 faceΔ=0.3% eye=active eyeClass=inconclusive eyeConf=0.00 eyeFwd=0.00 eyeDown=0.00 eyePitchDrop=-1.90 depthΔ=-0.018 irisΔ=0.009
2026-03-07 06:12:15 +0000: [MediaPipeClient] faceLandmarks count=1434 (need 1434 for 3D mesh)
2026-03-07 06:12:15 +0000: [ENGINE] faceMesh present: 478 landmarks, 478 depths
[EVAL] rawCVA=62.0 adj=62.0 base=62.0 class=normal relScore=93 sev=good pitchΔ=1.90 faceΔ=0.6% eye=active eyeClass=inconclusive eyeConf=0.00 eyeFwd=0.00 eyeDown=0.00 eyePitchDrop=-1.90 depthΔ=-0.011 irisΔ=0.012
2026-03-07 06:12:15 +0000: [ENGINE] [SCORE/MP] rawCVA=62.0 smoothedCVA=62.0 relScore=93 severity=good menuBar=good pitch=3.6
2026-03-07 06:12:15 +0000: [MediaPipeClient] faceLandmarks count=1434 (need 1434 for 3D mesh)
2026-03-07 06:12:15 +0000: [ENGINE] faceMesh present: 478 landmarks, 478 depths
[EVAL] rawCVA=62.0 adj=62.0 base=62.0 class=normal relScore=93 sev=good pitchΔ=1.89 faceΔ=1.0% eye=active eyeClass=inconclusive eyeConf=0.00 eyeFwd=0.00 eyeDown=0.00 eyePitchDrop=-1.89 depthΔ=-0.005 irisΔ=0.012
2026-03-07 06:12:15 +0000: [MediaPipeClient] faceLandmarks count=1434 (need 1434 for 3D mesh)
2026-03-07 06:12:15 +0000: [ENGINE] faceMesh present: 478 landmarks, 478 depths
2026-03-07 06:12:15 +0000: [ENGINE] [PERF_START] calibrationCompletedMs=7158.5
[EVAL] rawCVA=62.0 adj=62.0 base=62.0 class=normal relScore=95 sev=good pitchΔ=0.49 faceΔ=-0.5% eye=active eyeClass=inconclusive eyeConf=0.00 eyeFwd=0.00 eyeDown=0.00 eyePitchDrop=-0.49 depthΔ=0.013 irisΔ=0.032
2026-03-07 06:12:15 +0000: [ENGINE] [SCORE/MP] rawCVA=62.0 smoothedCVA=62.0 relScore=95 severity=good menuBar=good pitch=3.4
2026-03-07 06:12:15 +0000: [ENGINE] analyzing frame 1920x1080
2026-03-07 06:12:15 +0000: [MediaPipeClient] faceLandmarks count=1434 (need 1434 for 3D mesh)
2026-03-07 06:12:15 +0000: [ENGINE] faceMesh present: 478 landmarks, 478 depths
[EVAL] rawCVA=62.0 adj=62.0 base=62.0 class=normal relScore=94 sev=good pitchΔ=0.46 faceΔ=1.0% eye=active eyeClass=inconclusive eyeConf=0.00 eyeFwd=0.00 eyeDown=0.00 eyePitchDrop=-0.46 depthΔ=0.014 irisΔ=0.029
2026-03-07 06:12:16 +0000: [MediaPipeClient] faceLandmarks count=1434 (need 1434 for 3D mesh)
2026-03-07 06:12:16 +0000: [ENGINE] faceMesh present: 478 landmarks, 478 depths
2026-03-07 06:12:16 +0000: [ENGINE] [CTX] context=laptop conf=1.00 frame=stable source=manual faceRatio=1.00 cam=FaceTime HD Camera model=FaceTime HD Camera reasons=deviceHint:laptop|builtInHeuristic:belowEye|manualContextOverride
[EVAL] rawCVA=62.0 adj=62.0 base=62.0 class=normal relScore=95 sev=good pitchΔ=0.22 faceΔ=-0.2% eye=active eyeClass=inconclusive eyeConf=0.00 eyeFwd=0.00 eyeDown=0.00 eyePitchDrop=-0.22 depthΔ=0.015 irisΔ=0.019
2026-03-07 06:12:16 +0000: [MediaPipeClient] faceLandmarks count=1434 (need 1434 for 3D mesh)
2026-03-07 06:12:16 +0000: [ENGINE] faceMesh present: 478 landmarks, 478 depths
[EVAL] rawCVA=62.0 adj=62.0 base=62.0 class=normal relScore=95 sev=good pitchΔ=0.18 faceΔ=0.1% eye=active eyeClass=inconclusive eyeConf=0.00 eyeFwd=0.00 eyeDown=0.00 eyePitchDrop=-0.18 depthΔ=0.015 irisΔ=0.010
2026-03-07T06:12:16Z: [PERF_CAMERA] frames=151 portrait=0 avgConvertMs=4.54 avgRotateMs=0.00 avgFrameMs=4.56 maxConvertMs=10.02 maxRotateMs=0.00 maxFrameMs=10.03
2026-03-07 06:12:16 +0000: [MediaPipeClient] faceLandmarks count=1434 (need 1434 for 3D mesh)
2026-03-07 06:12:16 +0000: [ENGINE] faceMesh present: 478 landmarks, 478 depths
[EVAL] rawCVA=62.0 adj=62.0 base=62.0 class=normal relScore=95 sev=good pitchΔ=0.06 faceΔ=0.7% eye=active eyeClass=inconclusive eyeConf=0.00 eyeFwd=0.00 eyeDown=0.00 eyePitchDrop=-0.06 depthΔ=0.007 irisΔ=0.006
2026-03-07 06:12:16 +0000: [ENGINE] [SCORE/MP] rawCVA=62.0 smoothedCVA=62.0 relScore=95 severity=good menuBar=good pitch=3.0
2026-03-07 06:12:17 +0000: [MediaPipeClient] faceLandmarks count=1434 (need 1434 for 3D mesh)
2026-03-07 06:12:17 +0000: [ENGINE] faceMesh present: 478 landmarks, 478 depths
[EVAL] rawCVA=62.0 adj=62.0 base=62.0 class=normal relScore=94 sev=good pitchΔ=0.02 faceΔ=1.5% eye=active eyeClass=inconclusive eyeConf=0.00 eyeFwd=0.00 eyeDown=0.00 eyePitchDrop=-0.02 depthΔ=0.001 irisΔ=0.008
2026-03-07 06:12:17 +0000: [ENGINE] [SCORE/MP] rawCVA=62.0 smoothedCVA=62.0 relScore=94 severity=good menuBar=good pitch=2.9
2026-03-07 06:12:17 +0000: [MediaPipeClient] faceLandmarks count=1434 (need 1434 for 3D mesh)
2026-03-07 06:12:17 +0000: [ENGINE] faceMesh present: 478 landmarks, 478 depths
[EVAL] rawCVA=62.0 adj=62.0 base=62.0 class=normal relScore=94 sev=good pitchΔ=-0.19 faceΔ=1.5% eye=active eyeClass=inconclusive eyeConf=0.00 eyeFwd=0.00 eyeDown=0.00 eyePitchDrop=0.19 depthΔ=0.010 irisΔ=0.009
2026-03-07 06:12:17 +0000: [MediaPipeClient] faceLandmarks count=1434 (need 1434 for 3D mesh)
2026-03-07 06:12:17 +0000: [ENGINE] faceMesh present: 478 landmarks, 478 depths
[EVAL] rawCVA=62.0 adj=62.0 base=62.0 class=normal relScore=95 sev=good pitchΔ=-0.40 faceΔ=-0.3% eye=active eyeClass=inconclusive eyeConf=0.00 eyeFwd=0.00 eyeDown=0.00 eyePitchDrop=0.40 depthΔ=0.012 irisΔ=0.016
2026-03-07 06:12:17 +0000: [ENGINE] [SCORE/MP] rawCVA=62.0 smoothedCVA=62.0 relScore=95 severity=good menuBar=good pitch=2.5
2026-03-07 06:12:18 +0000: [MediaPipeClient] faceLandmarks count=1434 (need 1434 for 3D mesh)
2026-03-07 06:12:18 +0000: [ENGINE] faceMesh present: 478 landmarks, 478 depths
[EVAL] rawCVA=62.0 adj=62.0 base=62.0 class=normal relScore=93 sev=good pitchΔ=-0.33 faceΔ=3.1% eye=active eyeClass=inconclusive eyeConf=0.06 eyeFwd=0.09 eyeDown=0.24 eyePitchDrop=0.33 depthΔ=0.006 irisΔ=0.019
2026-03-07 06:12:18 +0000: [ENGINE] [SCORE/MP] rawCVA=62.0 smoothedCVA=62.0 relScore=93 severity=good menuBar=good pitch=2.6

===== DEBUG CAPTURE: GOOD_POSTURE START =====
2026-03-07 06:12:18 +0000: [MediaPipeClient] faceLandmarks count=1434 (need 1434 for 3D mesh)
2026-03-07 06:12:18 +0000: [ENGINE] faceMesh present: 478 landmarks, 478 depths
2026-03-07 06:12:18 +0000: [ENGINE] [CTX] context=laptop conf=1.00 frame=stable source=manual faceRatio=1.00 cam=FaceTime HD Camera model=FaceTime HD Camera reasons=deviceHint:laptop|builtInHeuristic:belowEye|manualContextOverride
[EVAL] rawCVA=62.0 adj=62.0 base=62.0 class=normal relScore=95 sev=good pitchΔ=-0.54 faceΔ=-0.1% eye=active eyeClass=inconclusive eyeConf=0.00 eyeFwd=0.00 eyeDown=0.00 eyePitchDrop=0.54 depthΔ=0.004 irisΔ=0.012
2026-03-07 06:12:18 +0000: [MediaPipeClient] faceLandmarks count=1434 (need 1434 for 3D mesh)
2026-03-07 06:12:18 +0000: [ENGINE] faceMesh present: 478 landmarks, 478 depths
[EVAL] rawCVA=62.0 adj=62.0 base=62.0 class=normal relScore=95 sev=good pitchΔ=-0.48 faceΔ=0.6% eye=active eyeClass=inconclusive eyeConf=0.00 eyeFwd=0.00 eyeDown=0.00 eyePitchDrop=0.48 depthΔ=0.010 irisΔ=0.016
2026-03-07 06:12:19 +0000: [MediaPipeClient] faceLandmarks count=1434 (need 1434 for 3D mesh)
2026-03-07 06:12:19 +0000: [ENGINE] faceMesh present: 478 landmarks, 478 depths
[EVAL] rawCVA=62.0 adj=62.0 base=62.0 class=normal relScore=95 sev=good pitchΔ=-0.37 faceΔ=0.2% eye=active eyeClass=inconclusive eyeConf=0.00 eyeFwd=0.00 eyeDown=0.00 eyePitchDrop=0.37 depthΔ=0.003 irisΔ=0.018
2026-03-07 06:12:19 +0000: [MediaPipeClient] faceLandmarks count=1434 (need 1434 for 3D mesh)
2026-03-07 06:12:19 +0000: [ENGINE] faceMesh present: 478 landmarks, 478 depths
[EVAL] rawCVA=62.0 adj=62.0 base=62.0 class=normal relScore=95 sev=good pitchΔ=-0.19 faceΔ=-1.2% eye=active eyeClass=inconclusive eyeConf=0.00 eyeFwd=0.00 eyeDown=0.00 eyePitchDrop=0.19 depthΔ=-0.002 irisΔ=0.022
2026-03-07 06:12:19 +0000: [ENGINE] [SCORE/MP] rawCVA=62.0 smoothedCVA=62.0 relScore=95 severity=good menuBar=good pitch=2.7
2026-03-07 06:12:19 +0000: [MediaPipeClient] faceLandmarks count=1434 (need 1434 for 3D mesh)
2026-03-07 06:12:19 +0000: [ENGINE] faceMesh present: 478 landmarks, 478 depths
[EVAL] rawCVA=62.0 adj=62.0 base=62.0 class=normal relScore=95 sev=good pitchΔ=-0.08 faceΔ=-0.5% eye=active eyeClass=inconclusive eyeConf=0.00 eyeFwd=0.00 eyeDown=0.00 eyePitchDrop=0.08 depthΔ=-0.004 irisΔ=0.031
2026-03-07 06:12:20 +0000: [MediaPipeClient] faceLandmarks count=1434 (need 1434 for 3D mesh)
2026-03-07 06:12:20 +0000: [ENGINE] faceMesh present: 478 landmarks, 478 depths
[EVAL] rawCVA=62.0 adj=62.0 base=62.0 class=normal relScore=94 sev=good pitchΔ=-0.28 faceΔ=1.0% eye=active eyeClass=inconclusive eyeConf=0.00 eyeFwd=0.00 eyeDown=0.00 eyePitchDrop=0.28 depthΔ=-0.001 irisΔ=0.034
2026-03-07 06:12:20 +0000: [MediaPipeClient] faceLandmarks count=1434 (need 1434 for 3D mesh)
2026-03-07 06:12:20 +0000: [ENGINE] faceMesh present: 478 landmarks, 478 depths
[EVAL] rawCVA=62.0 adj=62.0 base=62.0 class=normal relScore=95 sev=good pitchΔ=-0.39 faceΔ=-0.5% eye=active eyeClass=inconclusive eyeConf=0.00 eyeFwd=0.00 eyeDown=0.00 eyePitchDrop=0.39 depthΔ=0.002 irisΔ=0.032
2026-03-07 06:12:20 +0000: [MediaPipeClient] faceLandmarks count=1434 (need 1434 for 3D mesh)
2026-03-07 06:12:20 +0000: [ENGINE] faceMesh present: 478 landmarks, 478 depths
2026-03-07 06:12:20 +0000: [ENGINE] [CTX] context=laptop conf=1.00 frame=stable source=manual faceRatio=1.00 cam=FaceTime HD Camera model=FaceTime HD Camera reasons=deviceHint:laptop|builtInHeuristic:belowEye|manualContextOverride
[EVAL] rawCVA=62.0 adj=62.0 base=62.0 class=normal relScore=95 sev=good pitchΔ=-0.46 faceΔ=-0.3% eye=active eyeClass=inconclusive eyeConf=0.00 eyeFwd=0.00 eyeDown=0.00 eyePitchDrop=0.46 depthΔ=0.005 irisΔ=0.033
2026-03-07 06:12:21 +0000: [MediaPipeClient] faceLandmarks count=1434 (need 1434 for 3D mesh)
2026-03-07 06:12:21 +0000: [ENGINE] faceMesh present: 478 landmarks, 478 depths
[EVAL] rawCVA=62.0 adj=62.0 base=62.0 class=normal relScore=95 sev=good pitchΔ=-0.40 faceΔ=0.9% eye=active eyeClass=inconclusive eyeConf=0.00 eyeFwd=0.00 eyeDown=0.00 eyePitchDrop=0.40 depthΔ=0.006 irisΔ=0.037
2026-03-07 06:12:21 +0000: [MediaPipeClient] faceLandmarks count=1434 (need 1434 for 3D mesh)
2026-03-07 06:12:21 +0000: [ENGINE] faceMesh present: 478 landmarks, 478 depths
[EVAL] rawCVA=62.0 adj=62.0 base=62.0 class=normal relScore=95 sev=good pitchΔ=-0.38 faceΔ=-1.0% eye=active eyeClass=inconclusive eyeConf=0.00 eyeFwd=0.00 eyeDown=0.00 eyePitchDrop=0.38 depthΔ=0.005 irisΔ=0.033
2026-03-07T06:12:21Z: [PERF_CAMERA] frames=150 portrait=0 avgConvertMs=4.92 avgRotateMs=0.00 avgFrameMs=4.94 maxConvertMs=9.71 maxRotateMs=0.00 maxFrameMs=9.73
2026-03-07 06:12:21 +0000: [MediaPipeClient] faceLandmarks count=1434 (need 1434 for 3D mesh)
2026-03-07 06:12:21 +0000: [ENGINE] faceMesh present: 478 landmarks, 478 depths
[EVAL] rawCVA=62.0 adj=62.0 base=62.0 class=normal relScore=95 sev=good pitchΔ=-0.26 faceΔ=-0.4% eye=active eyeClass=inconclusive eyeConf=0.00 eyeFwd=0.00 eyeDown=0.00 eyePitchDrop=0.26 depthΔ=0.005 irisΔ=0.039
2026-03-07 06:12:22 +0000: [MediaPipeClient] faceLandmarks count=1434 (need 1434 for 3D mesh)
2026-03-07 06:12:22 +0000: [ENGINE] faceMesh present: 478 landmarks, 478 depths
[EVAL] rawCVA=62.0 adj=62.0 base=62.0 class=normal relScore=95 sev=good pitchΔ=-0.28 faceΔ=0.7% eye=active eyeClass=inconclusive eyeConf=0.00 eyeFwd=0.00 eyeDown=0.00 eyePitchDrop=0.28 depthΔ=0.007 irisΔ=0.043
2026-03-07 06:12:22 +0000: [ENGINE] [SCORE/MP] rawCVA=62.0 smoothedCVA=62.0 relScore=95 severity=good menuBar=good pitch=2.6
2026-03-07 06:12:22 +0000: [MediaPipeClient] faceLandmarks count=1434 (need 1434 for 3D mesh)
2026-03-07 06:12:22 +0000: [ENGINE] faceMesh present: 478 landmarks, 478 depths
[EVAL] rawCVA=62.0 adj=62.0 base=62.0 class=normal relScore=95 sev=good pitchΔ=-0.26 faceΔ=-0.8% eye=active eyeClass=inconclusive eyeConf=0.00 eyeFwd=0.00 eyeDown=0.00 eyePitchDrop=0.26 depthΔ=-0.003 irisΔ=0.045
2026-03-07 06:12:22 +0000: [MediaPipeClient] faceLandmarks count=1434 (need 1434 for 3D mesh)
2026-03-07 06:12:22 +0000: [ENGINE] faceMesh present: 478 landmarks, 478 depths
[EVAL] rawCVA=62.0 adj=62.0 base=62.0 class=normal relScore=94 sev=good pitchΔ=-0.16 faceΔ=1.8% eye=active eyeClass=inconclusive eyeConf=0.00 eyeFwd=0.00 eyeDown=0.00 eyePitchDrop=0.16 depthΔ=-0.001 irisΔ=0.038
2026-03-07 06:12:22 +0000: [ENGINE] [SCORE/MP] rawCVA=62.0 smoothedCVA=62.0 relScore=94 severity=good menuBar=good pitch=2.8
2026-03-07 06:12:23 +0000: [MediaPipeClient] faceLandmarks count=1434 (need 1434 for 3D mesh)
2026-03-07 06:12:23 +0000: [ENGINE] faceMesh present: 478 landmarks, 478 depths
2026-03-07 06:12:23 +0000: [ENGINE] [CTX] context=laptop conf=1.00 frame=stable source=manual faceRatio=0.98 cam=FaceTime HD Camera model=FaceTime HD Camera reasons=deviceHint:laptop|builtInHeuristic:belowEye|manualContextOverride
[EVAL] rawCVA=62.0 adj=62.0 base=62.0 class=normal relScore=95 sev=good pitchΔ=-0.22 faceΔ=-1.9% eye=active eyeClass=inconclusive eyeConf=0.00 eyeFwd=0.00 eyeDown=0.00 eyePitchDrop=0.22 depthΔ=0.002 irisΔ=0.034
2026-03-07 06:12:23 +0000: [MediaPipeClient] faceLandmarks count=1434 (need 1434 for 3D mesh)
2026-03-07 06:12:23 +0000: [ENGINE] faceMesh present: 478 landmarks, 478 depths
[EVAL] rawCVA=62.0 adj=62.0 base=62.0 class=normal relScore=95 sev=good pitchΔ=-0.31 faceΔ=-2.3% eye=active eyeClass=inconclusive eyeConf=0.00 eyeFwd=0.00 eyeDown=0.00 eyePitchDrop=0.31 depthΔ=0.003 irisΔ=0.035
===== DEBUG CAPTURE: GOOD_POSTURE END (6 snapshots saved) =====

[DEBUG SUMMARY] label=GOOD_POSTURE class=normal:16 scoreAvg=94.9 scoreHoldAvg=94.9 scoreLowAvg=94.6 scoreMin=94 holdClass=normal eyeWindow=5.0s eyeSamples=16 eyeUsable=16 eyeMajorityUsable=0 eyeMajorityConfMin=0.70 eyeMajority=n/a eyeConfAvg=n/a eyeConfAvgAll=0.00 eyeClass=inconclusive:16 eyeSkip=none
2026-03-07 06:12:23 +0000: [MediaPipeClient] faceLandmarks count=1434 (need 1434 for 3D mesh)
2026-03-07 06:12:23 +0000: [ENGINE] faceMesh present: 478 landmarks, 478 depths
[EVAL] rawCVA=62.0 adj=62.0 base=62.0 class=normal relScore=95 sev=good pitchΔ=-0.53 faceΔ=-0.5% eye=active eyeClass=inconclusive eyeConf=0.00 eyeFwd=0.00 eyeDown=0.00 eyePitchDrop=0.53 depthΔ=-0.003 irisΔ=0.037
2026-03-07 06:12:24 +0000: [MediaPipeClient] faceLandmarks count=1434 (need 1434 for 3D mesh)
2026-03-07 06:12:24 +0000: [ENGINE] faceMesh present: 478 landmarks, 478 depths
[EVAL] rawCVA=62.0 adj=62.0 base=62.0 class=normal relScore=95 sev=good pitchΔ=-0.69 faceΔ=-0.3% eye=active eyeClass=inconclusive eyeConf=0.00 eyeFwd=0.00 eyeDown=0.00 eyePitchDrop=0.69 depthΔ=0.003 irisΔ=0.040
2026-03-07 06:12:24 +0000: [MediaPipeClient] faceLandmarks count=1434 (need 1434 for 3D mesh)
2026-03-07 06:12:24 +0000: [ENGINE] faceMesh present: 478 landmarks, 478 depths
[EVAL] rawCVA=62.0 adj=62.0 base=62.0 class=normal relScore=95 sev=good pitchΔ=-0.33 faceΔ=-0.2% eye=active eyeClass=inconclusive eyeConf=0.00 eyeFwd=0.00 eyeDown=0.00 eyePitchDrop=0.33 depthΔ=-0.013 irisΔ=0.047
2026-03-07 06:12:24 +0000: [ENGINE] [SCORE/MP] rawCVA=62.0 smoothedCVA=62.0 relScore=95 severity=good menuBar=good pitch=2.6
2026-03-07 06:12:24 +0000: [MediaPipeClient] faceLandmarks count=1434 (need 1434 for 3D mesh)
2026-03-07 06:12:24 +0000: [ENGINE] faceMesh present: 478 landmarks, 478 depths
[EVAL] rawCVA=62.0 adj=62.0 base=62.0 class=normal relScore=94 sev=good pitchΔ=-0.23 faceΔ=2.9% eye=active eyeClass=inconclusive eyeConf=0.00 eyeFwd=0.00 eyeDown=0.00 eyePitchDrop=0.23 depthΔ=-0.001 irisΔ=0.052
2026-03-07 06:12:25 +0000: [MediaPipeClient] faceLandmarks count=1434 (need 1434 for 3D mesh)
2026-03-07 06:12:25 +0000: [ENGINE] faceMesh present: 478 landmarks, 478 depths
[EVAL] rawCVA=62.0 adj=62.0 base=62.0 class=normal relScore=95 sev=good pitchΔ=-0.65 faceΔ=-0.1% eye=active eyeClass=inconclusive eyeConf=0.00 eyeFwd=0.00 eyeDown=0.00 eyePitchDrop=0.65 depthΔ=0.000 irisΔ=0.049
2026-03-07 06:12:25 +0000: [MediaPipeClient] faceLandmarks count=1434 (need 1434 for 3D mesh)
2026-03-07 06:12:25 +0000: [ENGINE] faceMesh present: 478 landmarks, 478 depths
2026-03-07 06:12:25 +0000: [ENGINE] [CTX] context=laptop conf=1.00 frame=stable source=manual faceRatio=1.01 cam=FaceTime HD Camera model=FaceTime HD Camera reasons=deviceHint:laptop|builtInHeuristic:belowEye|manualContextOverride
[EVAL] rawCVA=62.0 adj=62.0 base=62.0 class=normal relScore=95 sev=good pitchΔ=-0.80 faceΔ=0.9% eye=active eyeClass=inconclusive eyeConf=0.00 eyeFwd=0.00 eyeDown=0.00 eyePitchDrop=0.80 depthΔ=-0.001 irisΔ=0.040
2026-03-07 06:12:25 +0000: [MediaPipeClient] faceLandmarks count=1434 (need 1434 for 3D mesh)
2026-03-07 06:12:25 +0000: [ENGINE] faceMesh present: 478 landmarks, 478 depths
[EVAL] rawCVA=62.0 adj=62.0 base=62.0 class=normal relScore=93 sev=good pitchΔ=-0.86 faceΔ=3.3% eye=active eyeClass=inconclusive eyeConf=0.06 eyeFwd=0.09 eyeDown=0.25 eyePitchDrop=0.86 depthΔ=0.007 irisΔ=0.040
2026-03-07 06:12:25 +0000: [MediaPipeClient] faceLandmarks count=1434 (need 1434 for 3D mesh)
2026-03-07 06:12:26 +0000: [ENGINE] faceMesh present: 478 landmarks, 478 depths
[EVAL] rawCVA=62.0 adj=62.0 base=62.0 class=normal relScore=94 sev=good pitchΔ=-0.91 faceΔ=2.5% eye=active eyeClass=inconclusive eyeConf=0.00 eyeFwd=0.00 eyeDown=0.00 eyePitchDrop=0.91 depthΔ=-0.000 irisΔ=0.036
2026-03-07 06:12:26 +0000: [ENGINE] [SCORE/MP] rawCVA=62.0 smoothedCVA=62.0 relScore=94 severity=good menuBar=good pitch=2.0
2026-03-07 06:12:26 +0000: [MediaPipeClient] faceLandmarks count=1434 (need 1434 for 3D mesh)
2026-03-07 06:12:26 +0000: [ENGINE] faceMesh present: 478 landmarks, 478 depths
[EVAL] rawCVA=62.0 adj=62.0 base=62.0 class=normal relScore=95 sev=good pitchΔ=-0.69 faceΔ=0.4% eye=active eyeClass=inconclusive eyeConf=0.00 eyeFwd=0.00 eyeDown=0.00 eyePitchDrop=0.69 depthΔ=0.002 irisΔ=0.040
2026-03-07 06:12:26 +0000: [MediaPipeClient] faceLandmarks count=1434 (need 1434 for 3D mesh)
2026-03-07 06:12:26 +0000: [ENGINE] faceMesh present: 478 landmarks, 478 depths
[EVAL] rawCVA=62.0 adj=62.0 base=62.0 class=normal relScore=94 sev=good pitchΔ=-1.03 faceΔ=2.6% eye=active eyeClass=inconclusive eyeConf=0.00 eyeFwd=0.00 eyeDown=0.00 eyePitchDrop=1.03 depthΔ=0.009 irisΔ=0.050
2026-03-07 06:12:26 +0000: [ENGINE] [SCORE/MP] rawCVA=62.0 smoothedCVA=62.0 relScore=94 severity=good menuBar=good pitch=1.9
2026-03-07T06:12:26Z: [PERF_CAMERA] frames=151 portrait=0 avgConvertMs=5.87 avgRotateMs=0.00 avgFrameMs=5.89 maxConvertMs=11.81 maxRotateMs=0.00 maxFrameMs=11.84

===== DEBUG CAPTURE: TURTLE_NECK START =====
2026-03-07 06:12:27 +0000: [MediaPipeClient] faceLandmarks count=1434 (need 1434 for 3D mesh)
2026-03-07 06:12:27 +0000: [ENGINE] faceMesh present: 478 landmarks, 478 depths
[EVAL] rawCVA=62.0 adj=62.0 base=62.0 class=normal relScore=93 sev=good pitchΔ=-1.81 faceΔ=3.2% eye=active eyeClass=inconclusive eyeConf=0.06 eyeFwd=0.08 eyeDown=0.25 eyePitchDrop=1.81 depthΔ=0.005 irisΔ=0.035
2026-03-07 06:12:27 +0000: [ENGINE] [SCORE/MP] rawCVA=62.0 smoothedCVA=62.0 relScore=93 severity=good menuBar=good pitch=1.1
2026-03-07 06:12:27 +0000: [MediaPipeClient] faceLandmarks count=1434 (need 1434 for 3D mesh)
2026-03-07 06:12:27 +0000: [ENGINE] faceMesh present: 478 landmarks, 478 depths
[EVAL] rawCVA=62.0 adj=62.0 base=62.0 class=normal relScore=95 sev=good pitchΔ=-2.29 faceΔ=-0.0% eye=active eyeClass=inconclusive eyeConf=0.00 eyeFwd=0.00 eyeDown=0.00 eyePitchDrop=2.29 depthΔ=0.007 irisΔ=0.030
2026-03-07 06:12:27 +0000: [MediaPipeClient] faceLandmarks count=1434 (need 1434 for 3D mesh)
2026-03-07 06:12:27 +0000: [ENGINE] faceMesh present: 478 landmarks, 478 depths
2026-03-07 06:12:27 +0000: [ENGINE] [CTX] context=laptop conf=1.00 frame=stable source=manual faceRatio=1.01 cam=FaceTime HD Camera model=FaceTime HD Camera reasons=deviceHint:laptop|builtInHeuristic:belowEye|manualContextOverride
[EVAL] rawCVA=62.0 adj=62.0 base=62.0 class=normal relScore=94 sev=good pitchΔ=-3.85 faceΔ=1.5% eye=active eyeClass=inconclusive eyeConf=0.00 eyeFwd=0.00 eyeDown=0.00 eyePitchDrop=3.85 depthΔ=0.012 irisΔ=0.016
2026-03-07 06:12:27 +0000: [ENGINE] [SCORE/MP] rawCVA=62.0 smoothedCVA=62.0 relScore=94 severity=good menuBar=good pitch=-0.9
2026-03-07 06:12:27 +0000: [MediaPipeClient] faceLandmarks count=1434 (need 1434 for 3D mesh)
2026-03-07 06:12:28 +0000: [ENGINE] faceMesh present: 478 landmarks, 478 depths
[EVAL] rawCVA=62.0 adj=62.0 base=62.0 class=normal relScore=94 sev=good pitchΔ=-4.78 faceΔ=1.5% eye=active eyeClass=forwardHead eyeConf=0.00 eyeFwd=0.19 eyeDown=0.55 eyePitchDrop=4.78 depthΔ=0.028 irisΔ=-0.002
2026-03-07 06:12:28 +0000: [ENGINE] [SCORE/MP] rawCVA=62.0 smoothedCVA=62.0 relScore=94 severity=good menuBar=good pitch=-1.9
2026-03-07 06:12:28 +0000: [ENGINE] analyzing frame 1920x1080
2026-03-07 06:12:28 +0000: [MediaPipeClient] faceLandmarks count=1434 (need 1434 for 3D mesh)
2026-03-07 06:12:28 +0000: [ENGINE] faceMesh present: 478 landmarks, 478 depths
[EVAL] rawCVA=62.0 adj=62.0 base=62.0 class=normal relScore=94 sev=good pitchΔ=-5.77 faceΔ=1.4% eye=active eyeClass=forwardHead eyeConf=0.00 eyeFwd=0.31 eyeDown=0.65 eyePitchDrop=5.77 depthΔ=0.052 irisΔ=-0.022
2026-03-07 06:12:28 +0000: [MediaPipeClient] faceLandmarks count=1434 (need 1434 for 3D mesh)
2026-03-07 06:12:28 +0000: [ENGINE] faceMesh present: 478 landmarks, 478 depths
[EVAL] rawCVA=62.0 adj=62.0 base=62.0 class=forwardHead relScore=65 sev=mild pitchΔ=-6.43 faceΔ=6.0% eye=active eyeClass=forwardHead eyeConf=0.00 eyeFwd=0.31 eyeDown=0.66 eyePitchDrop=6.43 depthΔ=0.082 irisΔ=-0.034
2026-03-07 06:12:28 +0000: [MediaPipeClient] faceLandmarks count=1434 (need 1434 for 3D mesh)
2026-03-07 06:12:29 +0000: [ENGINE] faceMesh present: 478 landmarks, 478 depths
[EVAL] rawCVA=62.0 adj=62.0 base=62.0 class=forwardHead relScore=62 sev=mild pitchΔ=-7.14 faceΔ=3.4% eye=active eyeClass=forwardHead eyeConf=0.00 eyeFwd=0.30 eyeDown=0.75 eyePitchDrop=7.14 depthΔ=0.100 irisΔ=-0.039
2026-03-07 06:12:29 +0000: [ENGINE] analyzing frame 1920x1080
2026-03-07 06:12:29 +0000: [MediaPipeClient] faceLandmarks count=1434 (need 1434 for 3D mesh)
2026-03-07 06:12:29 +0000: [ENGINE] faceMesh present: 478 landmarks, 478 depths
[EVAL] rawCVA=62.0 adj=62.0 base=62.0 class=forwardHead relScore=61 sev=mild pitchΔ=-7.83 faceΔ=3.8% eye=active eyeClass=forwardHead eyeConf=0.00 eyeFwd=0.30 eyeDown=0.75 eyePitchDrop=7.83 depthΔ=0.101 irisΔ=-0.042
2026-03-07 06:12:29 +0000: [ENGINE] [SCORE/MP] rawCVA=62.0 smoothedCVA=62.0 relScore=61 severity=mild menuBar=good pitch=-4.9
2026-03-07 06:12:29 +0000: [MediaPipeClient] faceLandmarks count=1434 (need 1434 for 3D mesh)
2026-03-07 06:12:29 +0000: [ENGINE] faceMesh present: 478 landmarks, 478 depths
[EVAL] rawCVA=61.9 adj=61.9 base=62.0 class=forwardHead relScore=61 sev=mild pitchΔ=-8.02 faceΔ=4.0% eye=active eyeClass=forwardHead eyeConf=0.00 eyeFwd=0.30 eyeDown=0.75 eyePitchDrop=8.02 depthΔ=0.096 irisΔ=-0.044
2026-03-07 06:12:29 +0000: [MediaPipeClient] faceLandmarks count=1434 (need 1434 for 3D mesh)
2026-03-07 06:12:29 +0000: [ENGINE] faceMesh present: 478 landmarks, 478 depths
2026-03-07 06:12:29 +0000: [ENGINE] [CTX] context=laptop conf=1.00 frame=stable source=manual faceRatio=1.03 cam=FaceTime HD Camera model=FaceTime HD Camera reasons=deviceHint:laptop|builtInHeuristic:belowEye|manualContextOverride
[EVAL] rawCVA=61.9 adj=61.9 base=62.0 class=forwardHead relScore=61 sev=mild pitchΔ=-7.89 faceΔ=3.2% eye=active eyeClass=forwardHead eyeConf=0.00 eyeFwd=0.30 eyeDown=0.76 eyePitchDrop=7.89 depthΔ=0.106 irisΔ=-0.039
2026-03-07 06:12:30 +0000: [MediaPipeClient] faceLandmarks count=1434 (need 1434 for 3D mesh)
2026-03-07 06:12:30 +0000: [ENGINE] faceMesh present: 478 landmarks, 478 depths
[EVAL] rawCVA=62.0 adj=62.0 base=62.0 class=forwardHead relScore=62 sev=mild pitchΔ=-7.84 faceΔ=1.1% eye=active eyeClass=forwardHead eyeConf=0.00 eyeFwd=0.30 eyeDown=0.80 eyePitchDrop=7.84 depthΔ=0.101 irisΔ=-0.039
2026-03-07 06:12:30 +0000: [ENGINE] [SCORE/MP] rawCVA=62.0 smoothedCVA=62.0 relScore=62 severity=mild menuBar=mild pitch=-4.9
2026-03-07 06:12:30 +0000: [MediaPipeClient] faceLandmarks count=1434 (need 1434 for 3D mesh)
2026-03-07 06:12:30 +0000: [ENGINE] faceMesh present: 478 landmarks, 478 depths
[EVAL] rawCVA=62.0 adj=62.0 base=62.0 class=forwardHead relScore=61 sev=mild pitchΔ=-7.69 faceΔ=4.2% eye=active eyeClass=forwardHead eyeConf=0.00 eyeFwd=0.30 eyeDown=0.74 eyePitchDrop=7.69 depthΔ=0.105 irisΔ=-0.046
2026-03-07 06:12:30 +0000: [ENGINE] [SCORE/MP] rawCVA=62.0 smoothedCVA=62.0 relScore=61 severity=mild menuBar=mild pitch=-4.8
2026-03-07 06:12:30 +0000: [MediaPipeClient] faceLandmarks count=1434 (need 1434 for 3D mesh)
2026-03-07 06:12:30 +0000: [ENGINE] faceMesh present: 478 landmarks, 478 depths
[EVAL] rawCVA=62.0 adj=62.0 base=62.0 class=forwardHead relScore=62 sev=mild pitchΔ=-7.52 faceΔ=2.0% eye=active eyeClass=forwardHead eyeConf=0.00 eyeFwd=0.30 eyeDown=0.79 eyePitchDrop=7.52 depthΔ=0.111 irisΔ=-0.051
2026-03-07 06:12:31 +0000: [MediaPipeClient] faceLandmarks count=1434 (need 1434 for 3D mesh)
2026-03-07 06:12:31 +0000: [ENGINE] faceMesh present: 478 landmarks, 478 depths
[EVAL] rawCVA=62.0 adj=62.0 base=62.0 class=forwardHead relScore=61 sev=mild pitchΔ=-7.37 faceΔ=4.1% eye=active eyeClass=forwardHead eyeConf=0.00 eyeFwd=0.30 eyeDown=0.75 eyePitchDrop=7.37 depthΔ=0.101 irisΔ=-0.049
2026-03-07 06:12:31 +0000: [MediaPipeClient] faceLandmarks count=1434 (need 1434 for 3D mesh)
2026-03-07 06:12:31 +0000: [ENGINE] faceMesh present: 478 landmarks, 478 depths
[EVAL] rawCVA=62.0 adj=62.0 base=62.0 class=forwardHead relScore=60 sev=mild pitchΔ=-7.41 faceΔ=7.5% eye=active eyeClass=forwardHead eyeConf=0.00 eyeFwd=0.30 eyeDown=0.73 eyePitchDrop=7.41 depthΔ=0.096 irisΔ=-0.046
2026-03-07 06:12:31 +0000: [ENGINE] [SCORE/MP] rawCVA=62.0 smoothedCVA=62.0 relScore=60 severity=mild menuBar=mild pitch=-4.5
2026-03-07T06:12:31Z: [PERF_CAMERA] frames=150 portrait=0 avgConvertMs=6.50 avgRotateMs=0.00 avgFrameMs=6.51 maxConvertMs=10.04 maxRotateMs=0.00 maxFrameMs=10.06
2026-03-07 06:12:31 +0000: [MediaPipeClient] faceLandmarks count=1434 (need 1434 for 3D mesh)
2026-03-07 06:12:31 +0000: [ENGINE] faceMesh present: 478 landmarks, 478 depths
[EVAL] rawCVA=62.0 adj=62.0 base=62.0 class=forwardHead relScore=62 sev=mild pitchΔ=-7.11 faceΔ=3.8% eye=active eyeClass=forwardHead eyeConf=0.00 eyeFwd=0.30 eyeDown=0.75 eyePitchDrop=7.11 depthΔ=0.100 irisΔ=-0.049
===== DEBUG CAPTURE: TURTLE_NECK END (6 snapshots saved) =====

[DEBUG SUMMARY] label=TURTLE_NECK class=forwardHead:11,normal:5 scoreAvg=71.8 scoreHoldAvg=65.9 scoreLowAvg=60.8 scoreMin=60 holdClass=forwardHead eyeWindow=5.0s eyeSamples=16 eyeUsable=16 eyeMajorityUsable=0 eyeMajorityConfMin=0.70 eyeMajority=n/a eyeConfAvg=n/a eyeConfAvgAll=0.00 eyeClass=forwardHead:13,inconclusive:3 eyeSkip=none
2026-03-07 06:12:32 +0000: [MediaPipeClient] faceLandmarks count=1434 (need 1434 for 3D mesh)
2026-03-07 06:12:32 +0000: [ENGINE] faceMesh present: 478 landmarks, 478 depths
2026-03-07 06:12:32 +0000: [ENGINE] [CTX] context=laptop conf=1.00 frame=stable source=manual faceRatio=1.03 cam=FaceTime HD Camera model=FaceTime HD Camera reasons=deviceHint:laptop|builtInHeuristic:belowEye|manualContextOverride
[EVAL] rawCVA=62.0 adj=62.0 base=62.0 class=forwardHead relScore=64 sev=mild pitchΔ=-7.21 faceΔ=3.4% eye=active eyeClass=forwardHead eyeConf=0.00 eyeFwd=0.30 eyeDown=0.76 eyePitchDrop=7.21 depthΔ=0.089 irisΔ=-0.049
2026-03-07 06:12:32 +0000: [ENGINE] [SCORE/MP] rawCVA=62.0 smoothedCVA=62.0 relScore=64 severity=mild menuBar=mild pitch=-4.3
2026-03-07 06:12:32 +0000: [MediaPipeClient] faceLandmarks count=1434 (need 1434 for 3D mesh)
2026-03-07 06:12:32 +0000: [ENGINE] faceMesh present: 478 landmarks, 478 depths
[EVAL] rawCVA=62.0 adj=62.0 base=62.0 class=forwardHead relScore=66 sev=mild pitchΔ=-7.04 faceΔ=3.1% eye=active eyeClass=forwardHead eyeConf=0.00 eyeFwd=0.30 eyeDown=0.77 eyePitchDrop=7.04 depthΔ=0.083 irisΔ=-0.048
2026-03-07 06:12:32 +0000: [MediaPipeClient] faceLandmarks count=1434 (need 1434 for 3D mesh)
2026-03-07 06:12:32 +0000: [ENGINE] faceMesh present: 478 landmarks, 478 depths
[EVAL] rawCVA=62.0 adj=62.0 base=62.0 class=forwardHead relScore=62 sev=mild pitchΔ=-6.98 faceΔ=2.4% eye=active eyeClass=forwardHead eyeConf=0.00 eyeFwd=0.30 eyeDown=0.78 eyePitchDrop=6.98 depthΔ=0.101 irisΔ=-0.045
2026-03-07 06:12:32 +0000: [ENGINE] [SCORE/MP] rawCVA=62.0 smoothedCVA=62.0 relScore=62 severity=mild menuBar=mild pitch=-4.1
2026-03-07 06:12:33 +0000: [MediaPipeClient] faceLandmarks count=1434 (need 1434 for 3D mesh)
2026-03-07 06:12:33 +0000: [ENGINE] faceMesh present: 478 landmarks, 478 depths
[EVAL] rawCVA=62.0 adj=62.0 base=62.0 class=forwardHead relScore=63 sev=mild pitchΔ=-6.89 faceΔ=3.2% eye=active eyeClass=forwardHead eyeConf=0.00 eyeFwd=0.30 eyeDown=0.75 eyePitchDrop=6.89 depthΔ=0.094 irisΔ=-0.044
2026-03-07 06:12:33 +0000: [ENGINE] [SCORE/MP] rawCVA=62.0 smoothedCVA=62.0 relScore=63 severity=mild menuBar=mild pitch=-4.0
2026-03-07 06:12:33 +0000: [MediaPipeClient] faceLandmarks count=1434 (need 1434 for 3D mesh)
2026-03-07 06:12:33 +0000: [ENGINE] faceMesh present: 478 landmarks, 478 depths
[EVAL] rawCVA=62.0 adj=62.0 base=62.0 class=forwardHead relScore=62 sev=mild pitchΔ=-6.68 faceΔ=3.9% eye=active eyeClass=forwardHead eyeConf=0.00 eyeFwd=0.30 eyeDown=0.71 eyePitchDrop=6.68 depthΔ=0.110 irisΔ=-0.041
2026-03-07 06:12:33 +0000: [ENGINE] [SCORE/MP] rawCVA=62.0 smoothedCVA=62.0 relScore=62 severity=mild menuBar=mild pitch=-3.8
2026-03-07 06:12:33 +0000: [MediaPipeClient] faceLandmarks count=1434 (need 1434 for 3D mesh)
2026-03-07 06:12:33 +0000: [ENGINE] faceMesh present: 478 landmarks, 478 depths
[EVAL] rawCVA=62.0 adj=62.0 base=62.0 class=forwardHead relScore=62 sev=mild pitchΔ=-6.71 faceΔ=3.5% eye=active eyeClass=forwardHead eyeConf=0.00 eyeFwd=0.30 eyeDown=0.72 eyePitchDrop=6.71 depthΔ=0.106 irisΔ=-0.041
2026-03-07 06:12:34 +0000: [MediaPipeClient] faceLandmarks count=1434 (need 1434 for 3D mesh)
2026-03-07 06:12:34 +0000: [ENGINE] faceMesh present: 478 landmarks, 478 depths
[EVAL] rawCVA=62.0 adj=62.0 base=62.0 class=forwardHead relScore=62 sev=mild pitchΔ=-6.53 faceΔ=4.7% eye=active eyeClass=forwardHead eyeConf=0.00 eyeFwd=0.30 eyeDown=0.68 eyePitchDrop=6.53 depthΔ=0.113 irisΔ=-0.038
2026-03-07 06:12:34 +0000: [MediaPipeClient] faceLandmarks count=1434 (need 1434 for 3D mesh)
2026-03-07 06:12:34 +0000: [ENGINE] faceMesh present: 478 landmarks, 478 depths
2026-03-07 06:12:34 +0000: [ENGINE] [CTX] context=laptop conf=1.00 frame=stable source=manual faceRatio=1.02 cam=FaceTime HD Camera model=FaceTime HD Camera reasons=deviceHint:laptop|builtInHeuristic:belowEye|manualContextOverride
[EVAL] rawCVA=62.0 adj=62.0 base=62.0 class=forwardHead relScore=63 sev=mild pitchΔ=-6.74 faceΔ=2.3% eye=active eyeClass=forwardHead eyeConf=0.00 eyeFwd=0.30 eyeDown=0.78 eyePitchDrop=6.74 depthΔ=0.111 irisΔ=-0.088
2026-03-07 06:12:34 +0000: [ENGINE] [SCORE/MP] rawCVA=62.0 smoothedCVA=62.0 relScore=63 severity=mild menuBar=mild pitch=-3.8
2026-03-07 06:12:34 +0000: [MediaPipeClient] faceLandmarks count=1434 (need 1434 for 3D mesh)
2026-03-07 06:12:34 +0000: [ENGINE] faceMesh present: 478 landmarks, 478 depths
[EVAL] rawCVA=62.0 adj=62.0 base=62.0 class=forwardHead relScore=63 sev=mild pitchΔ=-6.05 faceΔ=3.9% eye=active eyeClass=forwardHead eyeConf=0.00 eyeFwd=0.31 eyeDown=0.66 eyePitchDrop=6.05 depthΔ=0.103 irisΔ=-0.074
2026-03-07 06:12:34 +0000: [ENGINE] [SCORE/MP] rawCVA=62.0 smoothedCVA=62.0 relScore=63 severity=mild menuBar=mild pitch=-3.1
2026-03-07 06:12:35 +0000: [MediaPipeClient] faceLandmarks count=1434 (need 1434 for 3D mesh)
2026-03-07 06:12:35 +0000: [ENGINE] faceMesh present: 478 landmarks, 478 depths
[EVAL] rawCVA=62.0 adj=62.0 base=62.0 class=forwardHead relScore=64 sev=mild pitchΔ=-4.49 faceΔ=4.7% eye=active eyeClass=forwardHead eyeConf=0.01 eyeFwd=0.33 eyeDown=0.46 eyePitchDrop=4.49 depthΔ=0.106 irisΔ=-0.052
2026-03-07 06:12:35 +0000: [MediaPipeClient] faceLandmarks count=1434 (need 1434 for 3D mesh)
2026-03-07 06:12:35 +0000: [ENGINE] faceMesh present: 478 landmarks, 478 depths
[EVAL] rawCVA=62.0 adj=62.0 base=62.0 class=forwardHead relScore=74 sev=mild pitchΔ=-0.65 faceΔ=6.5% eye=active eyeClass=forwardHead eyeConf=0.33 eyeFwd=0.35 eyeDown=0.17 eyePitchDrop=0.65 depthΔ=0.064 irisΔ=-0.029
2026-03-07 06:12:35 +0000: [MediaPipeClient] faceLandmarks count=1434 (need 1434 for 3D mesh)
2026-03-07 06:12:35 +0000: [ENGINE] faceMesh present: 478 landmarks, 478 depths
[EVAL] rawCVA=62.0 adj=62.0 base=62.0 class=normal relScore=92 sev=good pitchΔ=1.92 faceΔ=1.6% eye=active eyeClass=inconclusive eyeConf=0.00 eyeFwd=0.00 eyeDown=0.00 eyePitchDrop=-1.92 depthΔ=0.022 irisΔ=-0.007
2026-03-07 06:12:36 +0000: [MediaPipeClient] faceLandmarks count=1434 (need 1434 for 3D mesh)
2026-03-07 06:12:36 +0000: [ENGINE] faceMesh present: 478 landmarks, 478 depths
[EVAL] rawCVA=61.4 adj=61.4 base=62.0 class=normal relScore=90 sev=good pitchΔ=2.76 faceΔ=-2.9% eye=active eyeClass=inconclusive eyeConf=0.00 eyeFwd=0.00 eyeDown=0.00 eyePitchDrop=-2.76 depthΔ=0.004 irisΔ=0.011
2026-03-07 06:12:36 +0000: [MediaPipeClient] faceLandmarks count=1434 (need 1434 for 3D mesh)
2026-03-07 06:12:36 +0000: [ENGINE] faceMesh present: 478 landmarks, 478 depths
[EVAL] rawCVA=60.6 adj=60.6 base=62.0 class=normal relScore=89 sev=good pitchΔ=3.02 faceΔ=-1.3% eye=active eyeClass=inconclusive eyeConf=0.00 eyeFwd=0.00 eyeDown=0.00 eyePitchDrop=-3.02 depthΔ=-0.013 irisΔ=0.023
2026-03-07 06:12:36 +0000: [ENGINE] [SCORE/MP] rawCVA=60.1 smoothedCVA=60.6 relScore=89 severity=good menuBar=mild pitch=5.9
2026-03-07T06:12:36Z: [PERF_CAMERA] frames=151 portrait=0 avgConvertMs=6.18 avgRotateMs=0.00 avgFrameMs=6.20 maxConvertMs=9.66 maxRotateMs=0.00 maxFrameMs=9.69
2026-03-07 06:12:36 +0000: [MediaPipeClient] faceLandmarks count=1434 (need 1434 for 3D mesh)
2026-03-07 06:12:36 +0000: [ENGINE] faceMesh present: 478 landmarks, 478 depths
2026-03-07 06:12:36 +0000: [ENGINE] [CTX] context=laptop conf=1.00 frame=stable source=manual faceRatio=0.98 cam=FaceTime HD Camera model=FaceTime HD Camera reasons=deviceHint:laptop|builtInHeuristic:belowEye|manualContextOverride
[EVAL] rawCVA=60.4 adj=61.2 base=62.0 class=lookingDown relScore=91 sev=good pitchΔ=2.78 faceΔ=-1.9% eye=active eyeClass=inconclusive eyeConf=0.00 eyeFwd=0.00 eyeDown=0.00 eyePitchDrop=-2.78 depthΔ=-0.030 irisΔ=0.032

===== DEBUG CAPTURE: TURTLE_NECK START =====
2026-03-07 06:12:37 +0000: [MediaPipeClient] faceLandmarks count=1434 (need 1434 for 3D mesh)
2026-03-07 06:12:37 +0000: [ENGINE] faceMesh present: 478 landmarks, 478 depths
[EVAL] rawCVA=60.4 adj=61.2 base=62.0 class=lookingDown relScore=91 sev=good pitchΔ=2.66 faceΔ=-4.9% eye=active eyeClass=inconclusive eyeConf=0.03 eyeFwd=0.14 eyeDown=0.17 eyePitchDrop=-2.66 depthΔ=-0.042 irisΔ=0.031
2026-03-07 06:12:37 +0000: [ENGINE] analyzing frame 1920x1080
2026-03-07 06:12:37 +0000: [MediaPipeClient] faceLandmarks count=1434 (need 1434 for 3D mesh)
2026-03-07 06:12:37 +0000: [ENGINE] faceMesh present: 478 landmarks, 478 depths
[EVAL] rawCVA=61.0 adj=61.0 base=62.0 class=normal relScore=91 sev=good pitchΔ=1.98 faceΔ=-1.8% eye=active eyeClass=inconclusive eyeConf=0.00 eyeFwd=0.00 eyeDown=0.00 eyePitchDrop=-1.98 depthΔ=-0.042 irisΔ=0.033
2026-03-07 06:12:37 +0000: [MediaPipeClient] faceLandmarks count=1434 (need 1434 for 3D mesh)
2026-03-07 06:12:37 +0000: [ENGINE] faceMesh present: 478 landmarks, 478 depths
[EVAL] rawCVA=61.4 adj=61.4 base=62.0 class=normal relScore=94 sev=good pitchΔ=-0.77 faceΔ=-5.1% eye=active eyeClass=inconclusive eyeConf=0.01 eyeFwd=0.15 eyeDown=0.16 eyePitchDrop=0.77 depthΔ=-0.041 irisΔ=0.030
2026-03-07 06:12:38 +0000: [MediaPipeClient] faceLandmarks count=1434 (need 1434 for 3D mesh)
2026-03-07 06:12:38 +0000: [ENGINE] faceMesh present: 478 landmarks, 478 depths
[EVAL] rawCVA=61.7 adj=61.7 base=62.0 class=normal relScore=94 sev=good pitchΔ=-3.54 faceΔ=-5.9% eye=active eyeClass=inconclusive eyeConf=0.15 eyeFwd=0.16 eyeDown=0.30 eyePitchDrop=3.54 depthΔ=-0.011 irisΔ=0.014
2026-03-07 06:12:38 +0000: [MediaPipeClient] faceLandmarks count=1434 (need 1434 for 3D mesh)
2026-03-07 06:12:38 +0000: [ENGINE] faceMesh present: 478 landmarks, 478 depths
[EVAL] rawCVA=61.9 adj=61.9 base=62.0 class=forwardHead relScore=88 sev=good pitchΔ=-4.88 faceΔ=-6.8% eye=active eyeClass=forwardHead eyeConf=0.00 eyeFwd=0.17 eyeDown=0.43 eyePitchDrop=4.88 depthΔ=-0.015 irisΔ=-0.009
2026-03-07 06:12:38 +0000: [MediaPipeClient] faceLandmarks count=1434 (need 1434 for 3D mesh)
2026-03-07 06:12:38 +0000: [ENGINE] faceMesh present: 478 landmarks, 478 depths
[EVAL] rawCVA=61.9 adj=61.9 base=62.0 class=forwardHead relScore=84 sev=good pitchΔ=-5.75 faceΔ=-9.4% eye=active eyeClass=forwardHead eyeConf=0.00 eyeFwd=0.24 eyeDown=0.49 eyePitchDrop=5.75 depthΔ=-0.013 irisΔ=-0.021
2026-03-07 06:12:39 +0000: [ENGINE] analyzing frame 1920x1080
2026-03-07 06:12:39 +0000: [MediaPipeClient] faceLandmarks count=1434 (need 1434 for 3D mesh)
2026-03-07 06:12:39 +0000: [ENGINE] faceMesh present: 478 landmarks, 478 depths
2026-03-07 06:12:39 +0000: [ENGINE] [CTX] context=laptop conf=1.00 frame=stable source=manual faceRatio=0.93 cam=FaceTime HD Camera model=FaceTime HD Camera reasons=deviceHint:laptop|builtInHeuristic:belowEye|manualContextOverride
[EVAL] rawCVA=62.0 adj=62.0 base=62.0 class=lookingDown relScore=95 sev=good pitchΔ=-5.94 faceΔ=-6.6% eye=active eyeClass=forwardHead eyeConf=0.00 eyeFwd=0.15 eyeDown=0.56 eyePitchDrop=5.94 depthΔ=-0.017 irisΔ=-0.027
2026-03-07 06:12:39 +0000: [ENGINE] [SCORE/MP] rawCVA=62.0 smoothedCVA=62.0 relScore=95 severity=good menuBar=good pitch=-3.0
2026-03-07 06:12:39 +0000: [MediaPipeClient] faceLandmarks count=1434 (need 1434 for 3D mesh)
2026-03-07 06:12:39 +0000: [ENGINE] faceMesh present: 478 landmarks, 478 depths
[EVAL] rawCVA=62.0 adj=62.0 base=62.0 class=lookingDown relScore=95 sev=good pitchΔ=-6.24 faceΔ=-6.6% eye=active eyeClass=forwardHead eyeConf=0.00 eyeFwd=0.15 eyeDown=0.60 eyePitchDrop=6.24 depthΔ=-0.012 irisΔ=-0.035
2026-03-07 06:12:39 +0000: [MediaPipeClient] faceLandmarks count=1434 (need 1434 for 3D mesh)
2026-03-07 06:12:39 +0000: [ENGINE] faceMesh present: 478 landmarks, 478 depths
[EVAL] rawCVA=62.0 adj=62.0 base=62.0 class=normal relScore=95 sev=good pitchΔ=-6.21 faceΔ=-4.4% eye=active eyeClass=lookingDown eyeConf=0.57 eyeFwd=0.08 eyeDown=0.65 eyePitchDrop=6.21 depthΔ=-0.032 irisΔ=-0.039
2026-03-07 06:12:40 +0000: [MediaPipeClient] faceLandmarks count=1434 (need 1434 for 3D mesh)
2026-03-07 06:12:40 +0000: [ENGINE] faceMesh present: 478 landmarks, 478 depths
[EVAL] rawCVA=62.0 adj=62.0 base=62.0 class=forwardHead relScore=85 sev=good pitchΔ=-6.21 faceΔ=-8.1% eye=active eyeClass=forwardHead eyeConf=0.00 eyeFwd=0.20 eyeDown=0.57 eyePitchDrop=6.21 depthΔ=-0.023 irisΔ=-0.041
2026-03-07 06:12:40 +0000: [ENGINE] [SCORE/MP] rawCVA=62.0 smoothedCVA=62.0 relScore=85 severity=good menuBar=good pitch=-3.3
2026-03-07 06:12:40 +0000: [MediaPipeClient] faceLandmarks count=1434 (need 1434 for 3D mesh)
2026-03-07 06:12:40 +0000: [ENGINE] faceMesh present: 478 landmarks, 478 depths
[EVAL] rawCVA=62.0 adj=62.0 base=62.0 class=normal relScore=95 sev=good pitchΔ=-6.02 faceΔ=-5.6% eye=active eyeClass=lookingDown eyeConf=0.46 eyeFwd=0.14 eyeDown=0.60 eyePitchDrop=6.02 depthΔ=0.002 irisΔ=-0.042
2026-03-07 06:12:40 +0000: [MediaPipeClient] faceLandmarks count=1434 (need 1434 for 3D mesh)
2026-03-07 06:12:40 +0000: [ENGINE] faceMesh present: 478 landmarks, 478 depths
[EVAL] rawCVA=62.0 adj=62.0 base=62.0 class=lookingDown relScore=95 sev=good pitchΔ=-6.27 faceΔ=-6.3% eye=active eyeClass=lookingDown eyeConf=0.47 eyeFwd=0.14 eyeDown=0.61 eyePitchDrop=6.27 depthΔ=-0.002 irisΔ=-0.041
2026-03-07 06:12:41 +0000: [MediaPipeClient] faceLandmarks count=1434 (need 1434 for 3D mesh)
2026-03-07 06:12:41 +0000: [ENGINE] faceMesh present: 478 landmarks, 478 depths
[EVAL] rawCVA=62.0 adj=62.0 base=62.0 class=normal relScore=95 sev=good pitchΔ=-6.20 faceΔ=-5.7% eye=active eyeClass=lookingDown eyeConf=0.50 eyeFwd=0.12 eyeDown=0.62 eyePitchDrop=6.20 depthΔ=-0.017 irisΔ=-0.043
2026-03-07 06:12:41 +0000: [MediaPipeClient] faceLandmarks count=1434 (need 1434 for 3D mesh)
2026-03-07 06:12:41 +0000: [ENGINE] faceMesh present: 478 landmarks, 478 depths
2026-03-07 06:12:41 +0000: [ENGINE] [CTX] context=laptop conf=1.00 frame=stable source=manual faceRatio=0.92 cam=FaceTime HD Camera model=FaceTime HD Camera reasons=deviceHint:laptop|builtInHeuristic:belowEye|manualContextOverride
[EVAL] rawCVA=62.0 adj=62.0 base=62.0 class=forwardHead relScore=85 sev=good pitchΔ=-6.08 faceΔ=-8.3% eye=active eyeClass=forwardHead eyeConf=0.00 eyeFwd=0.21 eyeDown=0.56 eyePitchDrop=6.08 depthΔ=-0.026 irisΔ=-0.042
2026-03-07T06:12:41Z: [PERF_CAMERA] frames=150 portrait=0 avgConvertMs=4.87 avgRotateMs=0.00 avgFrameMs=4.88 maxConvertMs=7.54 maxRotateMs=0.00 maxFrameMs=7.55
2026-03-07 06:12:41 +0000: [MediaPipeClient] faceLandmarks count=1434 (need 1434 for 3D mesh)
2026-03-07 06:12:41 +0000: [ENGINE] faceMesh present: 478 landmarks, 478 depths
[EVAL] rawCVA=62.0 adj=62.0 base=62.0 class=normal relScore=95 sev=good pitchΔ=-5.99 faceΔ=-5.0% eye=active eyeClass=lookingDown eyeConf=0.50 eyeFwd=0.10 eyeDown=0.60 eyePitchDrop=5.99 depthΔ=-0.030 irisΔ=-0.034
2026-03-07 06:12:41 +0000: [ENGINE] [SCORE/MP] rawCVA=62.0 smoothedCVA=62.0 relScore=95 severity=good menuBar=good pitch=-3.1
2026-03-07 06:12:42 +0000: [MediaPipeClient] faceLandmarks count=1434 (need 1434 for 3D mesh)
2026-03-07 06:12:42 +0000: [ENGINE] faceMesh present: 478 landmarks, 478 depths
[EVAL] rawCVA=62.0 adj=62.0 base=62.0 class=lookingDown relScore=95 sev=good pitchΔ=-5.65 faceΔ=-6.5% eye=active eyeClass=forwardHead eyeConf=0.00 eyeFwd=0.15 eyeDown=0.53 eyePitchDrop=5.65 depthΔ=-0.042 irisΔ=-0.029
===== DEBUG CAPTURE: TURTLE_NECK END (6 snapshots saved) =====

[DEBUG SUMMARY] label=TURTLE_NECK class=normal:7,lookingDown:5,forwardHead:4 scoreAvg=92.0 scoreHoldAvg=91.5 scoreLowAvg=86.6 scoreMin=84 holdClass=forwardHead eyeWindow=5.0s eyeSamples=16 eyeUsable=16 eyeMajorityUsable=0 eyeMajorityConfMin=0.70 eyeMajority=n/a eyeConfAvg=n/a eyeConfAvgAll=0.17 eyeClass=forwardHead:7,lookingDown:5,inconclusive:4 eyeSkip=none
2026-03-07 06:12:42 +0000: [ENGINE] analyzing frame 1920x1080
2026-03-07 06:12:42 +0000: [MediaPipeClient] faceLandmarks count=1434 (need 1434 for 3D mesh)
2026-03-07 06:12:42 +0000: [ENGINE] faceMesh present: 478 landmarks, 478 depths
[EVAL] rawCVA=62.0 adj=62.0 base=62.0 class=lookingDown relScore=95 sev=good pitchΔ=-5.52 faceΔ=-7.0% eye=active eyeClass=forwardHead eyeConf=0.00 eyeFwd=0.17 eyeDown=0.51 eyePitchDrop=5.52 depthΔ=-0.039 irisΔ=-0.021
2026-03-07 06:12:42 +0000: [MediaPipeClient] faceLandmarks count=1434 (need 1434 for 3D mesh)
2026-03-07 06:12:42 +0000: [ENGINE] faceMesh present: 478 landmarks, 478 depths
[EVAL] rawCVA=62.0 adj=62.0 base=62.0 class=normal relScore=95 sev=good pitchΔ=-5.51 faceΔ=-6.0% eye=active eyeClass=lookingDown eyeConf=0.38 eyeFwd=0.14 eyeDown=0.52 eyePitchDrop=5.51 depthΔ=-0.034 irisΔ=-0.021
2026-03-07 06:12:43 +0000: [MediaPipeClient] faceLandmarks count=1434 (need 1434 for 3D mesh)
2026-03-07 06:12:43 +0000: [ENGINE] faceMesh present: 478 landmarks, 478 depths
[EVAL] rawCVA=62.0 adj=62.0 base=62.0 class=forwardHead relScore=88 sev=good pitchΔ=-4.46 faceΔ=-7.2% eye=active eyeClass=forwardHead eyeConf=0.00 eyeFwd=0.19 eyeDown=0.38 eyePitchDrop=4.46 depthΔ=-0.036 irisΔ=-0.011
2026-03-07 06:12:43 +0000: [MediaPipeClient] faceLandmarks count=1434 (need 1434 for 3D mesh)
2026-03-07 06:12:43 +0000: [ENGINE] faceMesh present: 478 landmarks, 478 depths
[EVAL] rawCVA=62.0 adj=62.0 base=62.0 class=normal relScore=95 sev=good pitchΔ=-2.16 faceΔ=-4.9% eye=active eyeClass=inconclusive eyeConf=0.03 eyeFwd=0.14 eyeDown=0.17 eyePitchDrop=2.16 depthΔ=-0.031 irisΔ=0.007
2026-03-07 06:12:43 +0000: [MediaPipeClient] faceLandmarks count=1434 (need 1434 for 3D mesh)
2026-03-07 06:12:43 +0000: [ENGINE] faceMesh present: 478 landmarks, 478 depths
2026-03-07 06:12:43 +0000: [ENGINE] [CTX] context=laptop conf=1.00 frame=stable source=manual faceRatio=0.90 cam=FaceTime HD Camera model=FaceTime HD Camera reasons=deviceHint:laptop|builtInHeuristic:belowEye|manualContextOverride
[EVAL] rawCVA=62.0 adj=62.0 base=62.0 class=forwardHead relScore=86 sev=good pitchΔ=-3.12 faceΔ=-10.2% eye=active eyeClass=forwardHead eyeConf=0.26 eyeFwd=0.29 eyeDown=0.17 eyePitchDrop=3.12 depthΔ=-0.019 irisΔ=-0.002
2026-03-07 06:12:44 +0000: [MediaPipeClient] faceLandmarks count=1434 (need 1434 for 3D mesh)
2026-03-07 06:12:44 +0000: [ENGINE] faceMesh present: 478 landmarks, 478 depths
[EVAL] rawCVA=62.0 adj=62.0 base=62.0 class=forwardHead relScore=86 sev=good pitchΔ=-3.90 faceΔ=-10.0% eye=active eyeClass=forwardHead eyeConf=0.17 eyeFwd=0.28 eyeDown=0.26 eyePitchDrop=3.90 depthΔ=-0.002 irisΔ=-0.008
2026-03-07 06:12:44 +0000: [ENGINE] [SCORE/MP] rawCVA=62.0 smoothedCVA=62.0 relScore=86 severity=good menuBar=good pitch=-1.0
2026-03-07 06:12:44 +0000: [ENGINE] analyzing frame 1920x1080
2026-03-07 06:12:44 +0000: [MediaPipeClient] faceLandmarks count=1434 (need 1434 for 3D mesh)
2026-03-07 06:12:44 +0000: [ENGINE] faceMesh present: 478 landmarks, 478 depths
[EVAL] rawCVA=62.0 adj=62.0 base=62.0 class=forwardHead relScore=85 sev=good pitchΔ=-3.82 faceΔ=-10.4% eye=active eyeClass=forwardHead eyeConf=0.17 eyeFwd=0.28 eyeDown=0.26 eyePitchDrop=3.82 depthΔ=-0.027 irisΔ=-0.013
2026-03-07 06:12:44 +0000: [MediaPipeClient] faceLandmarks count=1434 (need 1434 for 3D mesh)
2026-03-07 06:12:44 +0000: [ENGINE] faceMesh present: 478 landmarks, 478 depths
[EVAL] rawCVA=62.0 adj=62.0 base=62.0 class=forwardHead relScore=88 sev=good pitchΔ=-2.75 faceΔ=-9.0% eye=active eyeClass=forwardHead eyeConf=0.26 eyeFwd=0.26 eyeDown=0.15 eyePitchDrop=2.75 depthΔ=-0.051 irisΔ=-0.006
2026-03-07 06:12:44 +0000: [ENGINE] [SCORE/MP] rawCVA=62.0 smoothedCVA=62.0 relScore=88 severity=good menuBar=good pitch=0.2
2026-03-07 06:12:45 +0000: [MediaPipeClient] faceLandmarks count=1434 (need 1434 for 3D mesh)
2026-03-07 06:12:45 +0000: [ENGINE] faceMesh present: 478 landmarks, 478 depths
[EVAL] rawCVA=62.0 adj=62.0 base=62.0 class=forwardHead relScore=87 sev=good pitchΔ=-1.64 faceΔ=-9.7% eye=active eyeClass=forwardHead eyeConf=0.38 eyeFwd=0.29 eyeDown=0.06 eyePitchDrop=1.64 depthΔ=-0.047 irisΔ=-0.003
2026-03-07 06:12:45 +0000: [MediaPipeClient] faceLandmarks count=1434 (need 1434 for 3D mesh)
2026-03-07 06:12:45 +0000: [ENGINE] faceMesh present: 478 landmarks, 478 depths
[EVAL] rawCVA=62.0 adj=62.0 base=62.0 class=forwardHead relScore=86 sev=good pitchΔ=-1.61 faceΔ=-10.6% eye=active eyeClass=forwardHead eyeConf=0.40 eyeFwd=0.30 eyeDown=0.05 eyePitchDrop=1.61 depthΔ=-0.047 irisΔ=-0.008
2026-03-07 06:12:45 +0000: [MediaPipeClient] faceLandmarks count=1434 (need 1434 for 3D mesh)
2026-03-07 06:12:45 +0000: [ENGINE] faceMesh present: 478 landmarks, 478 depths
[EVAL] rawCVA=62.0 adj=62.0 base=62.0 class=forwardHead relScore=83 sev=good pitchΔ=-1.73 faceΔ=-13.1% eye=active eyeClass=forwardHead eyeConf=0.39 eyeFwd=0.30 eyeDown=0.06 eyePitchDrop=1.73 depthΔ=-0.053 irisΔ=-0.010
2026-03-07 06:12:45 +0000: [ENGINE] [SCORE/MP] rawCVA=62.0 smoothedCVA=62.0 relScore=83 severity=good menuBar=good pitch=1.2
2026-03-07 06:12:46 +0000: [MediaPipeClient] faceLandmarks count=1434 (need 1434 for 3D mesh)
2026-03-07 06:12:46 +0000: [ENGINE] faceMesh present: 478 landmarks, 478 depths
2026-03-07 06:12:46 +0000: [ENGINE] [CTX] context=laptop conf=1.00 frame=stable source=manual faceRatio=0.88 cam=FaceTime HD Camera model=FaceTime HD Camera reasons=deviceHint:laptop|builtInHeuristic:belowEye|manualContextOverride
[EVAL] rawCVA=62.0 adj=62.0 base=62.0 class=forwardHead relScore=84 sev=good pitchΔ=-1.24 faceΔ=-12.1% eye=active eyeClass=forwardHead eyeConf=0.39 eyeFwd=0.30 eyeDown=0.06 eyePitchDrop=1.24 depthΔ=-0.063 irisΔ=-0.016
2026-03-07 06:12:46 +0000: [MediaPipeClient] faceLandmarks count=1434 (need 1434 for 3D mesh)
2026-03-07 06:12:46 +0000: [ENGINE] faceMesh present: 478 landmarks, 478 depths
[EVAL] rawCVA=62.0 adj=62.0 base=62.0 class=forwardHead relScore=79 sev=good pitchΔ=-2.56 faceΔ=-16.1% eye=active eyeClass=forwardHead eyeConf=0.29 eyeFwd=0.29 eyeDown=0.16 eyePitchDrop=2.56 depthΔ=-0.064 irisΔ=-0.075
2026-03-07 06:12:46 +0000: [ENGINE] analyzing frame 1920x1080
2026-03-07T06:12:46Z: [PERF_CAMERA] frames=151 portrait=0 avgConvertMs=4.54 avgRotateMs=0.00 avgFrameMs=4.56 maxConvertMs=6.68 maxRotateMs=0.00 maxFrameMs=6.71
2026-03-07 06:12:46 +0000: [MediaPipeClient] faceLandmarks count=1434 (need 1434 for 3D mesh)
2026-03-07 06:12:46 +0000: [ENGINE] faceMesh present: 478 landmarks, 478 depths
2026-03-07 06:12:46 +0000: [ENGINE] [CTX] context=laptop conf=1.00 frame=tooFar source=manual faceRatio=0.75 cam=FaceTime HD Camera model=FaceTime HD Camera reasons=deviceHint:laptop|faceRatio:far|builtInHeuristic:belowEye|manualContextOverride
[EVAL] rawCVA=61.0 adj=61.0 base=62.0 class=forwardHead relScore=66 sev=mild pitchΔ=-8.99 faceΔ=-25.2% eye=active eyeClass=forwardHead eyeConf=0.00 eyeFwd=0.34 eyeDown=0.64 eyePitchDrop=8.99 depthΔ=0.014 irisΔ=-0.095
2026-03-07 06:12:47 +0000: [ENGINE] analyzing frame 1920x1080
2026-03-07 06:12:47 +0000: [MediaPipeClient] faceLandmarks count=1434 (need 1434 for 3D mesh)
2026-03-07 06:12:47 +0000: [ENGINE] faceMesh present: 478 landmarks, 478 depths
[EVAL] rawCVA=57.0 adj=57.0 base=62.0 class=forwardHead relScore=43 sev=moderate pitchΔ=-12.25 faceΔ=-23.8% eye=active eyeClass=forwardHead eyeConf=0.24 eyeFwd=0.70 eyeDown=0.61 eyePitchDrop=12.25 depthΔ=0.058 irisΔ=-0.100
2026-03-07 06:12:47 +0000: [MediaPipeClient] faceLandmarks count=1434 (need 1434 for 3D mesh)
2026-03-07 06:12:47 +0000: [ENGINE] faceMesh present: 478 landmarks, 478 depths
2026-03-07 06:12:47 +0000: [ENGINE] [CTX] context=laptop conf=1.00 frame=stable source=manual faceRatio=0.87 cam=FaceTime HD Camera model=FaceTime HD Camera reasons=deviceHint:laptop|builtInHeuristic:belowEye|manualContextOverride
[EVAL] rawCVA=58.3 adj=58.3 base=62.0 class=forwardHead relScore=66 sev=mild pitchΔ=-7.72 faceΔ=-13.0% eye=active eyeClass=forwardHead eyeConf=0.00 eyeFwd=0.45 eyeDown=0.63 eyePitchDrop=7.72 depthΔ=0.019 irisΔ=-0.081
2026-03-07 06:12:47 +0000: [MediaPipeClient] faceLandmarks count=1434 (need 1434 for 3D mesh)
2026-03-07 06:12:47 +0000: [ENGINE] faceMesh present: 478 landmarks, 478 depths
[EVAL] rawCVA=59.9 adj=59.9 base=62.0 class=forwardHead relScore=82 sev=good pitchΔ=-2.64 faceΔ=-9.4% eye=active eyeClass=forwardHead eyeConf=0.27 eyeFwd=0.28 eyeDown=0.16 eyePitchDrop=2.64 depthΔ=-0.008 irisΔ=-0.049
2026-03-07 06:12:48 +0000: [MediaPipeClient] faceLandmarks count=1434 (need 1434 for 3D mesh)
2026-03-07 06:12:48 +0000: [ENGINE] faceMesh present: 478 landmarks, 478 depths
[EVAL] rawCVA=60.9 adj=60.9 base=62.0 class=forwardHead relScore=82 sev=good pitchΔ=-0.14 faceΔ=-10.8% eye=active eyeClass=forwardHead eyeConf=0.39 eyeFwd=0.30 eyeDown=0.06 eyePitchDrop=0.14 depthΔ=-0.020 irisΔ=-0.022
2026-03-07 06:12:48 +0000: [MediaPipeClient] faceLandmarks count=1434 (need 1434 for 3D mesh)
2026-03-07 06:12:48 +0000: [ENGINE] faceMesh present: 478 landmarks, 478 depths
[EVAL] rawCVA=61.5 adj=61.5 base=62.0 class=forwardHead relScore=86 sev=good pitchΔ=0.02 faceΔ=-9.3% eye=active eyeClass=forwardHead eyeConf=0.36 eyeFwd=0.28 eyeDown=0.07 eyePitchDrop=-0.02 depthΔ=-0.025 irisΔ=-0.015
2026-03-07 06:12:48 +0000: [MediaPipeClient] faceLandmarks count=1434 (need 1434 for 3D mesh)
2026-03-07 06:12:48 +0000: [ENGINE] faceMesh present: 478 landmarks, 478 depths
[EVAL] rawCVA=61.8 adj=61.8 base=62.0 class=forwardHead relScore=83 sev=good pitchΔ=0.04 faceΔ=-12.3% eye=active eyeClass=forwardHead eyeConf=0.39 eyeFwd=0.30 eyeDown=0.06 eyePitchDrop=-0.04 depthΔ=-0.007 irisΔ=-0.016
2026-03-07 06:12:49 +0000: [MediaPipeClient] faceLandmarks count=1434 (need 1434 for 3D mesh)
2026-03-07 06:12:49 +0000: [ENGINE] faceMesh present: 478 landmarks, 478 depths
[EVAL] rawCVA=61.9 adj=61.9 base=62.0 class=forwardHead relScore=77 sev=good pitchΔ=0.83 faceΔ=-16.9% eye=active eyeClass=forwardHead eyeConf=0.39 eyeFwd=0.30 eyeDown=0.06 eyePitchDrop=-0.83 depthΔ=-0.026 irisΔ=-0.015
2026-03-07 06:12:49 +0000: [ENGINE] [SCORE/MP] rawCVA=62.0 smoothedCVA=61.9 relScore=77 severity=good menuBar=good pitch=3.7
2026-03-07 06:12:49 +0000: [MediaPipeClient] faceLandmarks count=1434 (need 1434 for 3D mesh)
2026-03-07 06:12:49 +0000: [ENGINE] faceMesh present: 478 landmarks, 478 depths
[EVAL] rawCVA=62.0 adj=62.0 base=62.0 class=forwardHead relScore=84 sev=good pitchΔ=0.90 faceΔ=-11.7% eye=active eyeClass=forwardHead eyeConf=0.39 eyeFwd=0.30 eyeDown=0.06 eyePitchDrop=-0.90 depthΔ=-0.021 irisΔ=-0.016
2026-03-07 06:12:49 +0000: [MediaPipeClient] faceLandmarks count=1434 (need 1434 for 3D mesh)
2026-03-07 06:12:49 +0000: [ENGINE] faceMesh present: 478 landmarks, 478 depths
2026-03-07 06:12:49 +0000: [ENGINE] [CTX] context=laptop conf=1.00 frame=stable source=manual faceRatio=0.90 cam=FaceTime HD Camera model=FaceTime HD Camera reasons=deviceHint:laptop|builtInHeuristic:belowEye|manualContextOverride
[EVAL] rawCVA=62.0 adj=62.0 base=62.0 class=forwardHead relScore=86 sev=good pitchΔ=1.50 faceΔ=-9.6% eye=active eyeClass=forwardHead eyeConf=0.38 eyeFwd=0.29 eyeDown=0.06 eyePitchDrop=-1.50 depthΔ=-0.033 irisΔ=-0.001
2026-03-07 06:12:49 +0000: [ENGINE] [SCORE/MP] rawCVA=62.0 smoothedCVA=62.0 relScore=86 severity=good menuBar=good pitch=4.4
2026-03-07 06:12:50 +0000: [MediaPipeClient] faceLandmarks count=1434 (need 1434 for 3D mesh)
2026-03-07 06:12:50 +0000: [ENGINE] faceMesh present: 478 landmarks, 478 depths
[EVAL] rawCVA=62.0 adj=62.0 base=62.0 class=forwardHead relScore=88 sev=good pitchΔ=2.05 faceΔ=-7.0% eye=active eyeClass=forwardHead eyeConf=0.25 eyeFwd=0.21 eyeDown=0.11 eyePitchDrop=-2.05 depthΔ=-0.035 irisΔ=-0.006
2026-03-07 06:12:50 +0000: [MediaPipeClient] faceLandmarks count=1434 (need 1434 for 3D mesh)
2026-03-07 06:12:50 +0000: [ENGINE] faceMesh present: 478 landmarks, 478 depths
[EVAL] rawCVA=61.9 adj=61.9 base=62.0 class=forwardHead relScore=87 sev=good pitchΔ=2.17 faceΔ=-8.0% eye=active eyeClass=forwardHead eyeConf=0.30 eyeFwd=0.24 eyeDown=0.09 eyePitchDrop=-2.17 depthΔ=-0.051 irisΔ=-0.005
2026-03-07 06:12:50 +0000: [MediaPipeClient] faceLandmarks count=1434 (need 1434 for 3D mesh)
2026-03-07 06:12:50 +0000: [ENGINE] faceMesh present: 478 landmarks, 478 depths
[EVAL] rawCVA=61.9 adj=61.9 base=62.0 class=forwardHead relScore=87 sev=good pitchΔ=0.74 faceΔ=-9.3% eye=active eyeClass=forwardHead eyeConf=0.36 eyeFwd=0.28 eyeDown=0.07 eyePitchDrop=-0.74 depthΔ=-0.017 irisΔ=-0.004
2026-03-07 06:12:51 +0000: [MediaPipeClient] faceLandmarks count=1434 (need 1434 for 3D mesh)
2026-03-07 06:12:51 +0000: [ENGINE] faceMesh present: 478 landmarks, 478 depths
[EVAL] rawCVA=62.0 adj=62.0 base=62.0 class=forwardHead relScore=88 sev=good pitchΔ=0.05 faceΔ=-6.9% eye=active eyeClass=forwardHead eyeConf=0.35 eyeFwd=0.30 eyeDown=0.10 eyePitchDrop=-0.05 depthΔ=0.016 irisΔ=-0.008
2026-03-07 06:12:51 +0000: [MediaPipeClient] faceLandmarks count=1434 (need 1434 for 3D mesh)
2026-03-07 06:12:51 +0000: [ENGINE] faceMesh present: 478 landmarks, 478 depths
[EVAL] rawCVA=62.0 adj=62.0 base=62.0 class=forwardHead relScore=88 sev=good pitchΔ=-0.96 faceΔ=-8.8% eye=active eyeClass=forwardHead eyeConf=0.35 eyeFwd=0.27 eyeDown=0.07 eyePitchDrop=0.96 depthΔ=0.002 irisΔ=-0.001
2026-03-07 06:12:51 +0000: [ENGINE] analyzing frame 1920x1080
2026-03-07 06:12:51 +0000: [MediaPipeClient] faceLandmarks count=1434 (need 1434 for 3D mesh)
2026-03-07 06:12:51 +0000: [ENGINE] faceMesh present: 478 landmarks, 478 depths
[EVAL] rawCVA=62.0 adj=62.0 base=62.0 class=forwardHead relScore=78 sev=good pitchΔ=-1.64 faceΔ=-11.4% eye=active eyeClass=forwardHead eyeConf=0.65 eyeFwd=0.52 eyeDown=0.02 eyePitchDrop=1.64 depthΔ=0.036 irisΔ=-0.003
2026-03-07T06:12:51Z: [PERF_CAMERA] frames=150 portrait=0 avgConvertMs=4.62 avgRotateMs=0.00 avgFrameMs=4.63 maxConvertMs=6.99 maxRotateMs=0.00 maxFrameMs=7.01
2026-03-07 06:12:52 +0000: [MediaPipeClient] faceLandmarks count=1434 (need 1434 for 3D mesh)
2026-03-07 06:12:52 +0000: [ENGINE] faceMesh present: 478 landmarks, 478 depths
2026-03-07 06:12:52 +0000: [ENGINE] [CTX] context=laptop conf=1.00 frame=stable source=manual faceRatio=0.90 cam=FaceTime HD Camera model=FaceTime HD Camera reasons=deviceHint:laptop|builtInHeuristic:belowEye|manualContextOverride
[EVAL] rawCVA=62.0 adj=62.0 base=62.0 class=forwardHead relScore=78 sev=good pitchΔ=-1.86 faceΔ=-10.4% eye=active eyeClass=forwardHead eyeConf=0.69 eyeFwd=0.55 eyeDown=0.01 eyePitchDrop=1.86 depthΔ=0.041 irisΔ=0.004
2026-03-07 06:12:52 +0000: [MediaPipeClient] faceLandmarks count=1434 (need 1434 for 3D mesh)
2026-03-07 06:12:52 +0000: [ENGINE] faceMesh present: 478 landmarks, 478 depths
[EVAL] rawCVA=62.0 adj=62.0 base=62.0 class=forwardHead relScore=79 sev=good pitchΔ=-2.20 faceΔ=-10.9% eye=active eyeClass=forwardHead eyeConf=0.61 eyeFwd=0.50 eyeDown=0.04 eyePitchDrop=2.20 depthΔ=0.033 irisΔ=-0.005
2026-03-07 06:12:52 +0000: [ENGINE] [SCORE/MP] rawCVA=62.0 smoothedCVA=62.0 relScore=79 severity=good menuBar=good pitch=0.7
2026-03-07 06:12:52 +0000: [MediaPipeClient] faceLandmarks count=1434 (need 1434 for 3D mesh)
2026-03-07 06:12:52 +0000: [ENGINE] faceMesh present: 478 landmarks, 478 depths
[EVAL] rawCVA=62.0 adj=62.0 base=62.0 class=forwardHead relScore=68 sev=mild pitchΔ=-2.43 faceΔ=-10.4% eye=active eyeClass=forwardHead eyeConf=0.69 eyeFwd=0.60 eyeDown=0.05 eyePitchDrop=2.43 depthΔ=0.064 irisΔ=-0.006
2026-03-07 06:12:53 +0000: [MediaPipeClient] faceLandmarks count=1434 (need 1434 for 3D mesh)
2026-03-07 06:12:53 +0000: [ENGINE] faceMesh present: 478 landmarks, 478 depths
[EVAL] rawCVA=62.0 adj=62.0 base=62.0 class=forwardHead relScore=68 sev=mild pitchΔ=-1.88 faceΔ=-9.9% eye=active eyeClass=forwardHead eyeConf=0.74 eyeFwd=0.60 eyeDown=0.01 eyePitchDrop=1.88 depthΔ=0.067 irisΔ=-0.008
2026-03-07 06:12:53 +0000: [ENGINE] analyzing frame 1920x1080
2026-03-07 06:12:53 +0000: [MediaPipeClient] faceLandmarks count=1434 (need 1434 for 3D mesh)
2026-03-07 06:12:53 +0000: [ENGINE] faceMesh present: 478 landmarks, 478 depths
[EVAL] rawCVA=62.0 adj=62.0 base=62.0 class=forwardHead relScore=71 sev=mild pitchΔ=-1.79 faceΔ=-11.2% eye=active eyeClass=forwardHead eyeConf=0.74 eyeFwd=0.60 eyeDown=0.01 eyePitchDrop=1.79 depthΔ=0.052 irisΔ=-0.009
2026-03-07 06:12:53 +0000: [MediaPipeClient] faceLandmarks count=1434 (need 1434 for 3D mesh)
2026-03-07 06:12:53 +0000: [ENGINE] faceMesh present: 478 landmarks, 478 depths
[EVAL] rawCVA=62.0 adj=62.0 base=62.0 class=forwardHead relScore=77 sev=good pitchΔ=-1.78 faceΔ=-11.0% eye=active eyeClass=forwardHead eyeConf=0.69 eyeFwd=0.55 eyeDown=0.01 eyePitchDrop=1.78 depthΔ=0.041 irisΔ=-0.005
2026-03-07 06:12:54 +0000: [MediaPipeClient] faceLandmarks count=1434 (need 1434 for 3D mesh)
2026-03-07 06:12:54 +0000: [ENGINE] faceMesh present: 478 landmarks, 478 depths
[EVAL] rawCVA=62.0 adj=62.0 base=62.0 class=forwardHead relScore=80 sev=good pitchΔ=-1.80 faceΔ=-9.0% eye=active eyeClass=forwardHead eyeConf=0.63 eyeFwd=0.51 eyeDown=0.03 eyePitchDrop=1.80 depthΔ=0.039 irisΔ=0.003
2026-03-07 06:12:54 +0000: [MediaPipeClient] faceLandmarks count=1434 (need 1434 for 3D mesh)
2026-03-07 06:12:54 +0000: [ENGINE] faceMesh present: 478 landmarks, 478 depths
2026-03-07 06:12:54 +0000: [ENGINE] [CTX] context=laptop conf=1.00 frame=stable source=manual faceRatio=0.89 cam=FaceTime HD Camera model=FaceTime HD Camera reasons=deviceHint:laptop|builtInHeuristic:belowEye|manualContextOverride
[EVAL] rawCVA=62.0 adj=62.0 base=62.0 class=forwardHead relScore=76 sev=good pitchΔ=-1.81 faceΔ=-11.0% eye=active eyeClass=forwardHead eyeConf=0.72 eyeFwd=0.58 eyeDown=0.01 eyePitchDrop=1.81 depthΔ=0.046 irisΔ=0.004
2026-03-07 06:12:54 +0000: [MediaPipeClient] faceLandmarks count=1434 (need 1434 for 3D mesh)
2026-03-07 06:12:54 +0000: [ENGINE] faceMesh present: 478 landmarks, 478 depths
[EVAL] rawCVA=62.0 adj=62.0 base=62.0 class=forwardHead relScore=87 sev=good pitchΔ=-2.09 faceΔ=-8.0% eye=active eyeClass=forwardHead eyeConf=0.37 eyeFwd=0.31 eyeDown=0.09 eyePitchDrop=2.09 depthΔ=0.013 irisΔ=0.007
2026-03-07 06:12:54 +0000: [ENGINE] [SCORE/MP] rawCVA=62.0 smoothedCVA=62.0 relScore=87 severity=good menuBar=good pitch=0.8
2026-03-07 06:12:55 +0000: [MediaPipeClient] faceLandmarks count=1434 (need 1434 for 3D mesh)
2026-03-07 06:12:55 +0000: [ENGINE] faceMesh present: 478 landmarks, 478 depths
[EVAL] rawCVA=62.0 adj=62.0 base=62.0 class=forwardHead relScore=91 sev=good pitchΔ=-2.12 faceΔ=-6.5% eye=active eyeClass=forwardHead eyeConf=0.20 eyeFwd=0.19 eyeDown=0.14 eyePitchDrop=2.12 depthΔ=0.000 irisΔ=0.016
2026-03-07 06:12:55 +0000: [MediaPipeClient] faceLandmarks count=1434 (need 1434 for 3D mesh)
2026-03-07 06:12:55 +0000: [ENGINE] faceMesh present: 478 landmarks, 478 depths
[EVAL] rawCVA=62.0 adj=62.0 base=62.0 class=forwardHead relScore=88 sev=good pitchΔ=-2.32 faceΔ=-8.4% eye=active eyeClass=forwardHead eyeConf=0.27 eyeFwd=0.25 eyeDown=0.12 eyePitchDrop=2.32 depthΔ=-0.003 irisΔ=0.016
2026-03-07 06:12:55 +0000: [MediaPipeClient] faceLandmarks count=1434 (need 1434 for 3D mesh)
2026-03-07 06:12:55 +0000: [ENGINE] faceMesh present: 478 landmarks, 478 depths
[EVAL] rawCVA=62.0 adj=62.0 base=62.0 class=forwardHead relScore=89 sev=good pitchΔ=-2.30 faceΔ=-7.6% eye=active eyeClass=forwardHead eyeConf=0.23 eyeFwd=0.22 eyeDown=0.14 eyePitchDrop=2.30 depthΔ=0.000 irisΔ=0.018
2026-03-07 06:12:55 +0000: [ENGINE] [SCORE/MP] rawCVA=62.0 smoothedCVA=62.0 relScore=89 severity=good menuBar=good pitch=0.6
2026-03-07 06:12:56 +0000: [MediaPipeClient] faceLandmarks count=1434 (need 1434 for 3D mesh)
2026-03-07 06:12:56 +0000: [ENGINE] faceMesh present: 478 landmarks, 478 depths
[EVAL] rawCVA=62.0 adj=62.0 base=62.0 class=forwardHead relScore=90 sev=good pitchΔ=-2.16 faceΔ=-7.2% eye=active eyeClass=forwardHead eyeConf=0.23 eyeFwd=0.21 eyeDown=0.13 eyePitchDrop=2.16 depthΔ=0.000 irisΔ=0.022
2026-03-07 06:12:56 +0000: [ENGINE] [SCORE/MP] rawCVA=62.0 smoothedCVA=62.0 relScore=90 severity=good menuBar=good pitch=0.8
2026-03-07 06:12:56 +0000: [MediaPipeClient] faceLandmarks count=1434 (need 1434 for 3D mesh)
2026-03-07 06:12:56 +0000: [ENGINE] faceMesh present: 478 landmarks, 478 depths
[EVAL] rawCVA=62.0 adj=62.0 base=62.0 class=forwardHead relScore=88 sev=good pitchΔ=-2.32 faceΔ=-8.7% eye=active eyeClass=forwardHead eyeConf=0.29 eyeFwd=0.26 eyeDown=0.12 eyePitchDrop=2.32 depthΔ=-0.021 irisΔ=0.018
2026-03-07 06:12:56 +0000: [MediaPipeClient] faceLandmarks count=1434 (need 1434 for 3D mesh)
2026-03-07 06:12:56 +0000: [ENGINE] faceMesh present: 478 landmarks, 478 depths
2026-03-07 06:12:56 +0000: [ENGINE] [CTX] context=laptop conf=1.00 frame=stable source=manual faceRatio=0.93 cam=FaceTime HD Camera model=FaceTime HD Camera reasons=deviceHint:laptop|builtInHeuristic:belowEye|manualContextOverride
[EVAL] rawCVA=62.0 adj=62.0 base=62.0 class=forwardHead relScore=90 sev=good pitchΔ=-2.18 faceΔ=-6.9% eye=active eyeClass=forwardHead eyeConf=0.21 eyeFwd=0.20 eyeDown=0.14 eyePitchDrop=2.18 depthΔ=-0.023 irisΔ=0.022
2026-03-07T06:12:56Z: [PERF_CAMERA] frames=150 portrait=0 avgConvertMs=4.72 avgRotateMs=0.00 avgFrameMs=4.73 maxConvertMs=7.36 maxRotateMs=0.00 maxFrameMs=7.39
2026-03-07 06:12:57 +0000: [MediaPipeClient] faceLandmarks count=1434 (need 1434 for 3D mesh)
2026-03-07 06:12:57 +0000: [ENGINE] faceMesh present: 478 landmarks, 478 depths
[EVAL] rawCVA=62.0 adj=62.0 base=62.0 class=forwardHead relScore=91 sev=good pitchΔ=-2.21 faceΔ=-6.1% eye=active eyeClass=inconclusive eyeConf=0.01 eyeFwd=0.18 eyeDown=0.16 eyePitchDrop=2.21 depthΔ=-0.016 irisΔ=0.029
2026-03-07 06:12:57 +0000: [ENGINE] analyzing frame 1920x1080
2026-03-07 06:12:57 +0000: [MediaPipeClient] faceLandmarks count=1434 (need 1434 for 3D mesh)
2026-03-07 06:12:57 +0000: [ENGINE] faceMesh present: 478 landmarks, 478 depths
[EVAL] rawCVA=62.0 adj=62.0 base=62.0 class=normal relScore=95 sev=good pitchΔ=-2.01 faceΔ=-5.8% eye=active eyeClass=inconclusive eyeConf=0.02 eyeFwd=0.17 eyeDown=0.15 eyePitchDrop=2.01 depthΔ=-0.009 irisΔ=0.029
