VisionPoseDetector init at 2026-03-06 23:01:34 +0000
2026-03-06 23:01:34 +0000: [ENGINE] PostureEngine init
2026-03-06 23:07:07 +0000: [ENGINE] startMonitoring called
2026-03-06 23:07:09 +0000: [MediaPipeClient] Connected to pose server
2026-03-06 23:07:09 +0000: [ENGINE] [PERF_START] mediaPipeConnectedMs=1784.6
2026-03-06 23:07:09 +0000: [ENGINE] MediaPipe server connected — using enhanced detection
2026-03-06T23:07:10Z: [PERF_CAMERA] frames=1 portrait=0 avgConvertMs=26.93 avgRotateMs=0.00 avgFrameMs=26.95 maxConvertMs=26.93 maxRotateMs=0.00 maxFrameMs=26.95
2026-03-06 23:07:10 +0000: [ENGINE] [PERF_START] firstFrameMs=2808.4
2026-03-06 23:07:10 +0000: [MediaPipeClient] faceLandmarks count=1434 (need 1434 for 3D mesh)
2026-03-06 23:07:10 +0000: [ENGINE] faceMesh present: 478 landmarks, 478 depths
2026-03-06 23:07:10 +0000: [ENGINE] [CTX] context=laptop conf=1.00 sub=neutral source=auto faceRatio=0.99 cam=FaceTime HD Camera model=FaceTime HD Camera reasons=deviceHint:laptop
[EVAL] rawCVA=62.0 adj=62.0 base=62.0 class=normal relScore=95 sev=good pitchΔ=-0.96 faceΔ=-0.9% eye=active eyeClass=lookingDown eyeConf=0.37 eyeFwd=0.10 eyeDown=0.47 eyePitchDrop=0.96 depthΔ=-0.013 irisΔ=-0.044
2026-03-06 23:07:10 +0000: [ENGINE] [PERF_START] firstScoreMs=2954.1 source=mp firstFrameMs=2808.4 mediaPipeConnectedMs=1784.6 analysisDrops=0
2026-03-06 23:07:10 +0000: [MediaPipeClient] faceLandmarks count=1434 (need 1434 for 3D mesh)
2026-03-06 23:07:10 +0000: [ENGINE] faceMesh present: 478 landmarks, 478 depths
[EVAL] rawCVA=62.0 adj=62.0 base=62.0 class=normal relScore=95 sev=good pitchΔ=-1.04 faceΔ=-3.0% eye=active eyeClass=inconclusive eyeConf=0.25 eyeFwd=0.13 eyeDown=0.38 eyePitchDrop=1.04 depthΔ=-0.006 irisΔ=-0.036
2026-03-06 23:07:10 +0000: [MediaPipeClient] faceLandmarks count=1434 (need 1434 for 3D mesh)
2026-03-06 23:07:10 +0000: [ENGINE] faceMesh present: 478 landmarks, 478 depths
[EVAL] rawCVA=62.0 adj=62.0 base=62.0 class=normal relScore=95 sev=good pitchΔ=-0.73 faceΔ=-2.0% eye=active eyeClass=inconclusive eyeConf=0.34 eyeFwd=0.10 eyeDown=0.44 eyePitchDrop=0.73 depthΔ=-0.001 irisΔ=-0.037
2026-03-06 23:07:10 +0000: [ENGINE] [SCORE/MP] rawCVA=62.0 smoothedCVA=62.0 relScore=95 severity=good menuBar=good pitch=-3.6
2026-03-06 23:07:10 +0000: [ENGINE] analyzing frame 1920x1080
2026-03-06 23:07:11 +0000: [MediaPipeClient] faceLandmarks count=1434 (need 1434 for 3D mesh)
2026-03-06 23:07:11 +0000: [ENGINE] faceMesh present: 478 landmarks, 478 depths
[EVAL] rawCVA=62.0 adj=62.0 base=62.0 class=normal relScore=95 sev=good pitchΔ=-0.58 faceΔ=-0.3% eye=active eyeClass=lookingDown eyeConf=0.39 eyeFwd=0.10 eyeDown=0.49 eyePitchDrop=0.58 depthΔ=-0.007 irisΔ=-0.034
2026-03-06 23:07:11 +0000: [MediaPipeClient] faceLandmarks count=1434 (need 1434 for 3D mesh)
2026-03-06 23:07:11 +0000: [ENGINE] faceMesh present: 478 landmarks, 478 depths
[EVAL] rawCVA=62.0 adj=62.0 base=62.0 class=normal relScore=95 sev=good pitchΔ=0.23 faceΔ=0.1% eye=active eyeClass=lookingDown eyeConf=0.40 eyeFwd=0.10 eyeDown=0.50 eyePitchDrop=-0.23 depthΔ=-0.006 irisΔ=-0.020
2026-03-06 23:07:11 +0000: [ENGINE] analyzing frame 1920x1080
2026-03-06 23:07:11 +0000: [MediaPipeClient] faceLandmarks count=1434 (need 1434 for 3D mesh)
2026-03-06 23:07:11 +0000: [ENGINE] faceMesh present: 478 landmarks, 478 depths
[EVAL] rawCVA=62.0 adj=62.0 base=62.0 class=normal relScore=94 sev=good pitchΔ=0.56 faceΔ=-0.5% eye=active eyeClass=lookingDown eyeConf=0.38 eyeFwd=0.10 eyeDown=0.48 eyePitchDrop=-0.56 depthΔ=-0.011 irisΔ=-0.000
2026-03-06 23:07:11 +0000: [MediaPipeClient] faceLandmarks count=1434 (need 1434 for 3D mesh)
2026-03-06 23:07:11 +0000: [ENGINE] faceMesh present: 478 landmarks, 478 depths
[EVAL] rawCVA=62.0 adj=62.0 base=62.0 class=normal relScore=94 sev=good pitchΔ=0.71 faceΔ=1.1% eye=active eyeClass=lookingDown eyeConf=0.37 eyeFwd=0.10 eyeDown=0.47 eyePitchDrop=-0.71 depthΔ=-0.008 irisΔ=0.008
2026-03-06 23:07:11 +0000: [ENGINE] [SCORE/MP] rawCVA=62.0 smoothedCVA=62.0 relScore=94 severity=good menuBar=good pitch=-2.2
2026-03-06 23:07:11 +0000: [ENGINE] analyzing frame 1920x1080
2026-03-06 23:07:11 +0000: [MediaPipeClient] faceLandmarks count=1434 (need 1434 for 3D mesh)
2026-03-06 23:07:11 +0000: [ENGINE] faceMesh present: 478 landmarks, 478 depths
[EVAL] rawCVA=62.0 adj=62.0 base=62.0 class=normal relScore=93 sev=good pitchΔ=0.52 faceΔ=3.6% eye=active eyeClass=inconclusive eyeConf=0.29 eyeFwd=0.10 eyeDown=0.39 eyePitchDrop=-0.52 depthΔ=-0.003 irisΔ=0.013
2026-03-06 23:07:11 +0000: [MediaPipeClient] faceLandmarks count=1434 (need 1434 for 3D mesh)
2026-03-06 23:07:11 +0000: [ENGINE] faceMesh present: 478 landmarks, 478 depths
[EVAL] rawCVA=62.0 adj=62.0 base=62.0 class=normal relScore=93 sev=good pitchΔ=0.19 faceΔ=2.7% eye=active eyeClass=inconclusive eyeConf=0.32 eyeFwd=0.10 eyeDown=0.42 eyePitchDrop=-0.19 depthΔ=-0.005 irisΔ=0.012
2026-03-06 23:07:11 +0000: [ENGINE] [SCORE/MP] rawCVA=62.0 smoothedCVA=62.0 relScore=93 severity=good menuBar=good pitch=-2.7
2026-03-06 23:07:12 +0000: [MediaPipeClient] faceLandmarks count=1434 (need 1434 for 3D mesh)
2026-03-06 23:07:12 +0000: [ENGINE] faceMesh present: 478 landmarks, 478 depths
[EVAL] rawCVA=62.0 adj=62.0 base=62.0 class=normal relScore=94 sev=good pitchΔ=0.30 faceΔ=2.4% eye=active eyeClass=inconclusive eyeConf=0.33 eyeFwd=0.10 eyeDown=0.43 eyePitchDrop=-0.30 depthΔ=-0.001 irisΔ=-0.087
2026-03-06 23:07:12 +0000: [ENGINE] [SCORE/MP] rawCVA=62.0 smoothedCVA=62.0 relScore=94 severity=good menuBar=good pitch=-2.6
2026-03-06 23:07:12 +0000: [MediaPipeClient] faceLandmarks count=1434 (need 1434 for 3D mesh)
2026-03-06 23:07:12 +0000: [ENGINE] faceMesh present: 478 landmarks, 478 depths
[EVAL] rawCVA=62.0 adj=62.0 base=62.0 class=normal relScore=93 sev=good pitchΔ=0.75 faceΔ=2.4% eye=active eyeClass=inconclusive eyeConf=0.33 eyeFwd=0.10 eyeDown=0.43 eyePitchDrop=-0.75 depthΔ=-0.003 irisΔ=-0.057
2026-03-06 23:07:12 +0000: [MediaPipeClient] faceLandmarks count=1434 (need 1434 for 3D mesh)
2026-03-06 23:07:12 +0000: [ENGINE] faceMesh present: 478 landmarks, 478 depths
2026-03-06 23:07:12 +0000: [ENGINE] [CTX] context=laptop conf=1.00 sub=neutral source=auto faceRatio=1.02 cam=FaceTime HD Camera model=FaceTime HD Camera reasons=deviceHint:laptop
[EVAL] rawCVA=62.0 adj=62.0 base=62.0 class=normal relScore=93 sev=good pitchΔ=0.81 faceΔ=2.4% eye=active eyeClass=inconclusive eyeConf=0.33 eyeFwd=0.10 eyeDown=0.43 eyePitchDrop=-0.81 depthΔ=-0.005 irisΔ=-0.043
2026-03-06 23:07:12 +0000: [ENGINE] [SCORE/MP] rawCVA=62.0 smoothedCVA=62.0 relScore=93 severity=good menuBar=good pitch=-2.1
2026-03-06 23:07:12 +0000: [MediaPipeClient] faceLandmarks count=1434 (need 1434 for 3D mesh)
2026-03-06 23:07:12 +0000: [ENGINE] faceMesh present: 478 landmarks, 478 depths
[EVAL] rawCVA=62.0 adj=62.0 base=62.0 class=normal relScore=93 sev=good pitchΔ=0.73 faceΔ=2.2% eye=active eyeClass=inconclusive eyeConf=0.33 eyeFwd=0.10 eyeDown=0.43 eyePitchDrop=-0.73 depthΔ=-0.005 irisΔ=-0.025
2026-03-06 23:07:12 +0000: [MediaPipeClient] faceLandmarks count=1434 (need 1434 for 3D mesh)
2026-03-06 23:07:12 +0000: [ENGINE] faceMesh present: 478 landmarks, 478 depths
[EVAL] rawCVA=62.0 adj=62.0 base=62.0 class=normal relScore=94 sev=good pitchΔ=0.58 faceΔ=1.0% eye=active eyeClass=lookingDown eyeConf=0.37 eyeFwd=0.10 eyeDown=0.47 eyePitchDrop=-0.58 depthΔ=-0.002 irisΔ=-0.011
2026-03-06 23:07:13 +0000: [MediaPipeClient] faceLandmarks count=1434 (need 1434 for 3D mesh)
2026-03-06 23:07:13 +0000: [ENGINE] faceMesh present: 478 landmarks, 478 depths
[EVAL] rawCVA=62.0 adj=62.0 base=62.0 class=normal relScore=94 sev=good pitchΔ=0.80 faceΔ=1.3% eye=active eyeClass=lookingDown eyeConf=0.36 eyeFwd=0.10 eyeDown=0.46 eyePitchDrop=-0.80 depthΔ=-0.004 irisΔ=-0.007
2026-03-06 23:07:13 +0000: [MediaPipeClient] faceLandmarks count=1434 (need 1434 for 3D mesh)
2026-03-06 23:07:13 +0000: [ENGINE] faceMesh present: 478 landmarks, 478 depths
[EVAL] rawCVA=62.0 adj=62.0 base=62.0 class=normal relScore=94 sev=good pitchΔ=0.85 faceΔ=-0.4% eye=active eyeClass=lookingDown eyeConf=0.39 eyeFwd=0.10 eyeDown=0.49 eyePitchDrop=-0.85 depthΔ=-0.008 irisΔ=-0.005
2026-03-06 23:07:13 +0000: [ENGINE] [SCORE/MP] rawCVA=62.0 smoothedCVA=62.0 relScore=94 severity=good menuBar=good pitch=-2.1
2026-03-06 23:07:13 +0000: [MediaPipeClient] faceLandmarks count=1434 (need 1434 for 3D mesh)
2026-03-06 23:07:13 +0000: [ENGINE] faceMesh present: 478 landmarks, 478 depths
[EVAL] rawCVA=62.0 adj=62.0 base=62.0 class=normal relScore=93 sev=good pitchΔ=1.25 faceΔ=1.1% eye=active eyeClass=lookingDown eyeConf=0.37 eyeFwd=0.10 eyeDown=0.47 eyePitchDrop=-1.25 depthΔ=-0.008 irisΔ=-0.005
2026-03-06 23:07:13 +0000: [ENGINE] [SCORE/MP] rawCVA=62.0 smoothedCVA=62.0 relScore=93 severity=good menuBar=good pitch=-1.7
2026-03-06 23:07:13 +0000: [MediaPipeClient] faceLandmarks count=1434 (need 1434 for 3D mesh)
2026-03-06 23:07:13 +0000: [ENGINE] faceMesh present: 478 landmarks, 478 depths
[EVAL] rawCVA=62.0 adj=62.0 base=62.0 class=normal relScore=94 sev=good pitchΔ=1.20 faceΔ=0.5% eye=active eyeClass=lookingDown eyeConf=0.39 eyeFwd=0.10 eyeDown=0.49 eyePitchDrop=-1.20 depthΔ=-0.008 irisΔ=0.004
2026-03-06 23:07:13 +0000: [MediaPipeClient] faceLandmarks count=1434 (need 1434 for 3D mesh)
2026-03-06 23:07:13 +0000: [ENGINE] faceMesh present: 478 landmarks, 478 depths
[EVAL] rawCVA=62.0 adj=62.0 base=62.0 class=normal relScore=95 sev=good pitchΔ=0.43 faceΔ=-1.8% eye=active eyeClass=inconclusive eyeConf=0.35 eyeFwd=0.10 eyeDown=0.45 eyePitchDrop=-0.43 depthΔ=-0.007 irisΔ=0.006
2026-03-06 23:07:14 +0000: [MediaPipeClient] faceLandmarks count=1434 (need 1434 for 3D mesh)
2026-03-06 23:07:14 +0000: [ENGINE] faceMesh present: 478 landmarks, 478 depths
2026-03-06 23:07:14 +0000: [ENGINE] [PERF_START] calibrationCompletedMs=6826.0
[EVAL] rawCVA=62.0 adj=62.0 base=62.0 class=normal relScore=95 sev=good pitchΔ=-0.32 faceΔ=-1.4% eye=active eyeClass=lookingDown eyeConf=0.36 eyeFwd=0.10 eyeDown=0.46 eyePitchDrop=0.32 depthΔ=-0.005 irisΔ=0.018
2026-03-06 23:07:14 +0000: [MediaPipeClient] faceLandmarks count=1434 (need 1434 for 3D mesh)
2026-03-06 23:07:14 +0000: [ENGINE] faceMesh present: 478 landmarks, 478 depths
[EVAL] rawCVA=62.0 adj=62.0 base=62.0 class=normal relScore=95 sev=good pitchΔ=-0.44 faceΔ=0.5% eye=active eyeClass=lookingDown eyeConf=0.39 eyeFwd=0.10 eyeDown=0.49 eyePitchDrop=0.44 depthΔ=-0.006 irisΔ=0.015
2026-03-06 23:07:14 +0000: [MediaPipeClient] faceLandmarks count=1434 (need 1434 for 3D mesh)
2026-03-06 23:07:14 +0000: [ENGINE] faceMesh present: 478 landmarks, 478 depths
2026-03-06 23:07:14 +0000: [ENGINE] [CTX] context=laptop conf=1.00 sub=neutral source=auto faceRatio=1.00 cam=FaceTime HD Camera model=FaceTime HD Camera reasons=deviceHint:laptop
[EVAL] rawCVA=62.0 adj=62.0 base=62.0 class=normal relScore=95 sev=good pitchΔ=-0.34 faceΔ=0.3% eye=active eyeClass=lookingDown eyeConf=0.39 eyeFwd=0.10 eyeDown=0.49 eyePitchDrop=0.34 depthΔ=-0.005 irisΔ=0.014
2026-03-06 23:07:14 +0000: [MediaPipeClient] faceLandmarks count=1434 (need 1434 for 3D mesh)
2026-03-06 23:07:14 +0000: [ENGINE] faceMesh present: 478 landmarks, 478 depths
[EVAL] rawCVA=62.0 adj=62.0 base=62.0 class=normal relScore=95 sev=good pitchΔ=-0.37 faceΔ=-0.7% eye=active eyeClass=lookingDown eyeConf=0.38 eyeFwd=0.10 eyeDown=0.48 eyePitchDrop=0.37 depthΔ=-0.006 irisΔ=-0.001
2026-03-06 23:07:14 +0000: [ENGINE] [SCORE/MP] rawCVA=62.0 smoothedCVA=62.0 relScore=95 severity=good menuBar=good pitch=-2.8
2026-03-06T23:07:15Z: [PERF_CAMERA] frames=151 portrait=0 avgConvertMs=4.68 avgRotateMs=0.00 avgFrameMs=4.70 maxConvertMs=7.15 maxRotateMs=0.00 maxFrameMs=7.18
2026-03-06 23:07:15 +0000: [MediaPipeClient] faceLandmarks count=1434 (need 1434 for 3D mesh)
2026-03-06 23:07:15 +0000: [ENGINE] faceMesh present: 478 landmarks, 478 depths
[EVAL] rawCVA=62.0 adj=62.0 base=62.0 class=normal relScore=95 sev=good pitchΔ=-0.56 faceΔ=0.2% eye=active eyeClass=lookingDown eyeConf=0.39 eyeFwd=0.10 eyeDown=0.49 eyePitchDrop=0.56 depthΔ=-0.007 irisΔ=0.003
2026-03-06 23:07:15 +0000: [MediaPipeClient] faceLandmarks count=1434 (need 1434 for 3D mesh)
2026-03-06 23:07:15 +0000: [ENGINE] faceMesh present: 478 landmarks, 478 depths
[EVAL] rawCVA=62.0 adj=62.0 base=62.0 class=normal relScore=95 sev=good pitchΔ=-0.58 faceΔ=-0.3% eye=active eyeClass=lookingDown eyeConf=0.39 eyeFwd=0.10 eyeDown=0.49 eyePitchDrop=0.58 depthΔ=-0.004 irisΔ=0.010
2026-03-06 23:07:15 +0000: [ENGINE] [SCORE/MP] rawCVA=62.0 smoothedCVA=62.0 relScore=95 severity=good menuBar=good pitch=-3.0
2026-03-06 23:07:15 +0000: [MediaPipeClient] faceLandmarks count=1434 (need 1434 for 3D mesh)
2026-03-06 23:07:15 +0000: [ENGINE] faceMesh present: 478 landmarks, 478 depths
[EVAL] rawCVA=62.0 adj=62.0 base=62.0 class=normal relScore=95 sev=good pitchΔ=-0.58 faceΔ=-0.3% eye=active eyeClass=lookingDown eyeConf=0.37 eyeFwd=0.12 eyeDown=0.48 eyePitchDrop=0.58 depthΔ=0.003 irisΔ=0.011
2026-03-06 23:07:16 +0000: [MediaPipeClient] faceLandmarks count=1434 (need 1434 for 3D mesh)
2026-03-06 23:07:16 +0000: [ENGINE] faceMesh present: 478 landmarks, 478 depths
[EVAL] rawCVA=62.0 adj=62.0 base=62.0 class=normal relScore=95 sev=good pitchΔ=-0.88 faceΔ=-0.2% eye=active eyeClass=lookingDown eyeConf=0.35 eyeFwd=0.13 eyeDown=0.48 eyePitchDrop=0.88 depthΔ=0.005 irisΔ=0.016
2026-03-06 23:07:16 +0000: [MediaPipeClient] faceLandmarks count=1434 (need 1434 for 3D mesh)
2026-03-06 23:07:16 +0000: [ENGINE] faceMesh present: 478 landmarks, 478 depths
[EVAL] rawCVA=62.0 adj=62.0 base=62.0 class=normal relScore=95 sev=good pitchΔ=-0.54 faceΔ=-0.5% eye=active eyeClass=lookingDown eyeConf=0.30 eyeFwd=0.16 eyeDown=0.46 eyePitchDrop=0.54 depthΔ=0.010 irisΔ=0.020
2026-03-06 23:07:16 +0000: [ENGINE] [SCORE/MP] rawCVA=62.0 smoothedCVA=62.0 relScore=95 severity=good menuBar=good pitch=-2.9
2026-03-06 23:07:16 +0000: [MediaPipeClient] faceLandmarks count=1434 (need 1434 for 3D mesh)
2026-03-06 23:07:16 +0000: [ENGINE] faceMesh present: 478 landmarks, 478 depths
2026-03-06 23:07:16 +0000: [ENGINE] [CTX] context=laptop conf=1.00 sub=neutral source=auto faceRatio=0.99 cam=FaceTime HD Camera model=FaceTime HD Camera reasons=deviceHint:laptop
[EVAL] rawCVA=62.0 adj=62.0 base=62.0 class=normal relScore=95 sev=good pitchΔ=-0.89 faceΔ=-0.6% eye=active eyeClass=inconclusive eyeConf=0.28 eyeFwd=0.17 eyeDown=0.45 eyePitchDrop=0.89 depthΔ=0.012 irisΔ=0.019
2026-03-06 23:07:16 +0000: [ENGINE] [SCORE/MP] rawCVA=62.0 smoothedCVA=62.0 relScore=95 severity=good menuBar=good pitch=-3.3
2026-03-06 23:07:17 +0000: [MediaPipeClient] faceLandmarks count=1434 (need 1434 for 3D mesh)
2026-03-06 23:07:17 +0000: [ENGINE] faceMesh present: 478 landmarks, 478 depths
[EVAL] rawCVA=62.0 adj=62.0 base=62.0 class=normal relScore=95 sev=good pitchΔ=-1.07 faceΔ=-0.2% eye=active eyeClass=lookingDown eyeConf=0.32 eyeFwd=0.15 eyeDown=0.47 eyePitchDrop=1.07 depthΔ=0.009 irisΔ=0.018
2026-03-06 23:07:17 +0000: [ENGINE] [SCORE/MP] rawCVA=62.0 smoothedCVA=62.0 relScore=95 severity=good menuBar=good pitch=-3.5
2026-03-06 23:07:17 +0000: [MediaPipeClient] faceLandmarks count=1434 (need 1434 for 3D mesh)
2026-03-06 23:07:17 +0000: [ENGINE] faceMesh present: 478 landmarks, 478 depths
[EVAL] rawCVA=62.0 adj=62.0 base=62.0 class=normal relScore=95 sev=good pitchΔ=-0.51 faceΔ=-0.5% eye=active eyeClass=lookingDown eyeConf=0.31 eyeFwd=0.15 eyeDown=0.47 eyePitchDrop=0.51 depthΔ=0.009 irisΔ=0.025
2026-03-06 23:07:17 +0000: [MediaPipeClient] faceLandmarks count=1434 (need 1434 for 3D mesh)

===== DEBUG CAPTURE: GOOD_POSTURE START =====
2026-03-06 23:07:17 +0000: [ENGINE] faceMesh present: 478 landmarks, 478 depths
[EVAL] rawCVA=62.0 adj=62.0 base=62.0 class=normal relScore=95 sev=good pitchΔ=-0.62 faceΔ=-2.1% eye=active eyeClass=inconclusive eyeConf=0.27 eyeFwd=0.15 eyeDown=0.42 eyePitchDrop=0.62 depthΔ=0.008 irisΔ=0.034
2026-03-06 23:07:18 +0000: [MediaPipeClient] faceLandmarks count=1434 (need 1434 for 3D mesh)
2026-03-06 23:07:18 +0000: [ENGINE] faceMesh present: 478 landmarks, 478 depths
[EVAL] rawCVA=62.0 adj=62.0 base=62.0 class=normal relScore=95 sev=good pitchΔ=-0.64 faceΔ=-2.0% eye=active eyeClass=inconclusive eyeConf=0.28 eyeFwd=0.15 eyeDown=0.42 eyePitchDrop=0.64 depthΔ=0.008 irisΔ=0.031
2026-03-06 23:07:18 +0000: [ENGINE] analyzing frame 1920x1080
2026-03-06 23:07:18 +0000: [MediaPipeClient] faceLandmarks count=1434 (need 1434 for 3D mesh)
2026-03-06 23:07:18 +0000: [ENGINE] faceMesh present: 478 landmarks, 478 depths
[EVAL] rawCVA=62.0 adj=62.0 base=62.0 class=normal relScore=95 sev=good pitchΔ=-0.72 faceΔ=0.6% eye=active eyeClass=lookingDown eyeConf=0.35 eyeFwd=0.13 eyeDown=0.48 eyePitchDrop=0.72 depthΔ=0.005 irisΔ=0.032
2026-03-06 23:07:18 +0000: [MediaPipeClient] faceLandmarks count=1434 (need 1434 for 3D mesh)
2026-03-06 23:07:18 +0000: [ENGINE] faceMesh present: 478 landmarks, 478 depths
[EVAL] rawCVA=62.0 adj=62.0 base=62.0 class=normal relScore=95 sev=good pitchΔ=-0.87 faceΔ=0.8% eye=active eyeClass=lookingDown eyeConf=0.33 eyeFwd=0.13 eyeDown=0.46 eyePitchDrop=0.87 depthΔ=0.005 irisΔ=0.018
2026-03-06 23:07:19 +0000: [MediaPipeClient] faceLandmarks count=1434 (need 1434 for 3D mesh)
2026-03-06 23:07:19 +0000: [ENGINE] faceMesh present: 478 landmarks, 478 depths
2026-03-06 23:07:19 +0000: [ENGINE] [CTX] context=laptop conf=1.00 sub=neutral source=auto faceRatio=1.01 cam=FaceTime HD Camera model=FaceTime HD Camera reasons=deviceHint:laptop
[EVAL] rawCVA=62.0 adj=62.0 base=62.0 class=normal relScore=94 sev=good pitchΔ=-0.44 faceΔ=1.1% eye=active eyeClass=lookingDown eyeConf=0.34 eyeFwd=0.12 eyeDown=0.46 eyePitchDrop=0.44 depthΔ=0.003 irisΔ=0.015
2026-03-06 23:07:19 +0000: [ENGINE] [SCORE/MP] rawCVA=62.0 smoothedCVA=62.0 relScore=94 severity=good menuBar=good pitch=-2.8
2026-03-06 23:07:19 +0000: [MediaPipeClient] faceLandmarks count=1434 (need 1434 for 3D mesh)
2026-03-06 23:07:19 +0000: [ENGINE] faceMesh present: 478 landmarks, 478 depths
[EVAL] rawCVA=62.0 adj=62.0 base=62.0 class=normal relScore=95 sev=good pitchΔ=-0.46 faceΔ=0.8% eye=active eyeClass=lookingDown eyeConf=0.37 eyeFwd=0.10 eyeDown=0.48 eyePitchDrop=0.46 depthΔ=0.001 irisΔ=0.016
2026-03-06 23:07:19 +0000: [ENGINE] [SCORE/MP] rawCVA=62.0 smoothedCVA=62.0 relScore=95 severity=good menuBar=good pitch=-2.8
2026-03-06 23:07:19 +0000: [MediaPipeClient] faceLandmarks count=1434 (need 1434 for 3D mesh)
2026-03-06 23:07:19 +0000: [ENGINE] faceMesh present: 478 landmarks, 478 depths
[EVAL] rawCVA=62.0 adj=62.0 base=62.0 class=normal relScore=94 sev=good pitchΔ=-0.07 faceΔ=1.0% eye=active eyeClass=lookingDown eyeConf=0.37 eyeFwd=0.10 eyeDown=0.47 eyePitchDrop=0.07 depthΔ=-0.002 irisΔ=0.023
2026-03-06T23:07:20Z: [PERF_CAMERA] frames=151 portrait=0 avgConvertMs=4.74 avgRotateMs=0.00 avgFrameMs=4.76 maxConvertMs=9.51 maxRotateMs=0.00 maxFrameMs=9.54
2026-03-06 23:07:20 +0000: [MediaPipeClient] faceLandmarks count=1434 (need 1434 for 3D mesh)
2026-03-06 23:07:20 +0000: [ENGINE] faceMesh present: 478 landmarks, 478 depths
[EVAL] rawCVA=62.0 adj=62.0 base=62.0 class=normal relScore=95 sev=good pitchΔ=-0.02 faceΔ=0.7% eye=active eyeClass=lookingDown eyeConf=0.38 eyeFwd=0.10 eyeDown=0.48 eyePitchDrop=0.02 depthΔ=-0.003 irisΔ=0.026
2026-03-06 23:07:20 +0000: [MediaPipeClient] faceLandmarks count=1434 (need 1434 for 3D mesh)
2026-03-06 23:07:20 +0000: [ENGINE] faceMesh present: 478 landmarks, 478 depths
[EVAL] rawCVA=62.0 adj=62.0 base=62.0 class=normal relScore=95 sev=good pitchΔ=-0.06 faceΔ=-0.8% eye=active eyeClass=lookingDown eyeConf=0.38 eyeFwd=0.10 eyeDown=0.48 eyePitchDrop=0.06 depthΔ=-0.003 irisΔ=0.026
2026-03-06 23:07:20 +0000: [MediaPipeClient] faceLandmarks count=1434 (need 1434 for 3D mesh)
2026-03-06 23:07:20 +0000: [ENGINE] faceMesh present: 478 landmarks, 478 depths
[EVAL] rawCVA=62.0 adj=62.0 base=62.0 class=normal relScore=95 sev=good pitchΔ=-0.14 faceΔ=0.9% eye=active eyeClass=lookingDown eyeConf=0.38 eyeFwd=0.10 eyeDown=0.48 eyePitchDrop=0.14 depthΔ=-0.002 irisΔ=0.025
2026-03-06 23:07:21 +0000: [MediaPipeClient] faceLandmarks count=1434 (need 1434 for 3D mesh)
2026-03-06 23:07:21 +0000: [ENGINE] faceMesh present: 478 landmarks, 478 depths
[EVAL] rawCVA=62.0 adj=62.0 base=62.0 class=normal relScore=94 sev=good pitchΔ=-0.36 faceΔ=1.7% eye=active eyeClass=lookingDown eyeConf=0.36 eyeFwd=0.10 eyeDown=0.46 eyePitchDrop=0.36 depthΔ=-0.001 irisΔ=0.031
2026-03-06 23:07:21 +0000: [ENGINE] [SCORE/MP] rawCVA=62.0 smoothedCVA=62.0 relScore=94 severity=good menuBar=good pitch=-2.7
2026-03-06 23:07:21 +0000: [MediaPipeClient] faceLandmarks count=1434 (need 1434 for 3D mesh)
2026-03-06 23:07:21 +0000: [ENGINE] faceMesh present: 478 landmarks, 478 depths
2026-03-06 23:07:21 +0000: [ENGINE] [CTX] context=laptop conf=1.00 sub=neutral source=auto faceRatio=1.00 cam=FaceTime HD Camera model=FaceTime HD Camera reasons=deviceHint:laptop
[EVAL] rawCVA=62.0 adj=62.0 base=62.0 class=normal relScore=95 sev=good pitchΔ=-0.34 faceΔ=-0.1% eye=active eyeClass=lookingDown eyeConf=0.40 eyeFwd=0.10 eyeDown=0.50 eyePitchDrop=0.34 depthΔ=-0.010 irisΔ=0.025
2026-03-06 23:07:21 +0000: [MediaPipeClient] faceLandmarks count=1434 (need 1434 for 3D mesh)
2026-03-06 23:07:21 +0000: [ENGINE] faceMesh present: 478 landmarks, 478 depths
[EVAL] rawCVA=62.0 adj=62.0 base=62.0 class=normal relScore=94 sev=good pitchΔ=-0.10 faceΔ=1.3% eye=active eyeClass=lookingDown eyeConf=0.37 eyeFwd=0.10 eyeDown=0.47 eyePitchDrop=0.10 depthΔ=-0.010 irisΔ=0.023
2026-03-06 23:07:21 +0000: [ENGINE] [SCORE/MP] rawCVA=62.0 smoothedCVA=62.0 relScore=94 severity=good menuBar=good pitch=-2.5
2026-03-06 23:07:22 +0000: [MediaPipeClient] faceLandmarks count=1434 (need 1434 for 3D mesh)
2026-03-06 23:07:22 +0000: [ENGINE] faceMesh present: 478 landmarks, 478 depths
[EVAL] rawCVA=62.0 adj=62.0 base=62.0 class=normal relScore=95 sev=good pitchΔ=0.10 faceΔ=0.1% eye=active eyeClass=lookingDown eyeConf=0.40 eyeFwd=0.10 eyeDown=0.50 eyePitchDrop=-0.10 depthΔ=-0.007 irisΔ=0.020
2026-03-06 23:07:22 +0000: [MediaPipeClient] faceLandmarks count=1434 (need 1434 for 3D mesh)
2026-03-06 23:07:22 +0000: [ENGINE] faceMesh present: 478 landmarks, 478 depths
[EVAL] rawCVA=62.0 adj=62.0 base=62.0 class=normal relScore=95 sev=good pitchΔ=0.22 faceΔ=-0.0% eye=active eyeClass=lookingDown eyeConf=0.40 eyeFwd=0.10 eyeDown=0.50 eyePitchDrop=-0.22 depthΔ=-0.009 irisΔ=0.017
2026-03-06 23:07:22 +0000: [MediaPipeClient] faceLandmarks count=1434 (need 1434 for 3D mesh)
2026-03-06 23:07:22 +0000: [ENGINE] faceMesh present: 478 landmarks, 478 depths
[EVAL] rawCVA=62.0 adj=62.0 base=62.0 class=normal relScore=94 sev=good pitchΔ=0.28 faceΔ=0.6% eye=active eyeClass=lookingDown eyeConf=0.38 eyeFwd=0.10 eyeDown=0.48 eyePitchDrop=-0.28 depthΔ=-0.010 irisΔ=0.010
2026-03-06 23:07:22 +0000: [ENGINE] [SCORE/MP] rawCVA=62.0 smoothedCVA=62.0 relScore=94 severity=good menuBar=good pitch=-2.1
===== DEBUG CAPTURE: GOOD_POSTURE END (6 snapshots saved) =====

[DEBUG SUMMARY] label=GOOD_POSTURE class=normal:16 eyeClass=lookingDown:14,inconclusive:2 eyeConfAvg=0.36
2026-03-06 23:07:23 +0000: [MediaPipeClient] faceLandmarks count=1434 (need 1434 for 3D mesh)
2026-03-06 23:07:23 +0000: [ENGINE] faceMesh present: 478 landmarks, 478 depths
[EVAL] rawCVA=62.0 adj=62.0 base=62.0 class=normal relScore=94 sev=good pitchΔ=-0.05 faceΔ=1.3% eye=active eyeClass=lookingDown eyeConf=0.36 eyeFwd=0.10 eyeDown=0.46 eyePitchDrop=0.05 depthΔ=-0.005 irisΔ=0.008
2026-03-06 23:07:23 +0000: [MediaPipeClient] faceLandmarks count=1434 (need 1434 for 3D mesh)
2026-03-06 23:07:23 +0000: [ENGINE] faceMesh present: 478 landmarks, 478 depths
[EVAL] rawCVA=62.0 adj=62.0 base=62.0 class=normal relScore=95 sev=good pitchΔ=-0.06 faceΔ=-0.7% eye=active eyeClass=lookingDown eyeConf=0.36 eyeFwd=0.11 eyeDown=0.47 eyePitchDrop=0.06 depthΔ=0.002 irisΔ=0.002
2026-03-06 23:07:23 +0000: [ENGINE] [SCORE/MP] rawCVA=62.0 smoothedCVA=62.0 relScore=95 severity=good menuBar=good pitch=-2.4
2026-03-06 23:07:23 +0000: [MediaPipeClient] faceLandmarks count=1434 (need 1434 for 3D mesh)
2026-03-06 23:07:23 +0000: [ENGINE] faceMesh present: 478 landmarks, 478 depths
2026-03-06 23:07:23 +0000: [ENGINE] [CTX] context=laptop conf=1.00 sub=neutral source=auto faceRatio=0.99 cam=FaceTime HD Camera model=FaceTime HD Camera reasons=deviceHint:laptop
[EVAL] rawCVA=62.0 adj=62.0 base=62.0 class=normal relScore=95 sev=good pitchΔ=0.00 faceΔ=-1.5% eye=active eyeClass=lookingDown eyeConf=0.36 eyeFwd=0.10 eyeDown=0.46 eyePitchDrop=0.00 depthΔ=-0.004 irisΔ=-0.002
2026-03-06 23:07:23 +0000: [ENGINE] [SCORE/MP] rawCVA=62.0 smoothedCVA=62.0 relScore=95 severity=good menuBar=good pitch=-2.4
2026-03-06 23:07:24 +0000: [ENGINE] analyzing frame 1920x1080
2026-03-06 23:07:24 +0000: [MediaPipeClient] faceLandmarks count=1434 (need 1434 for 3D mesh)
2026-03-06 23:07:24 +0000: [ENGINE] faceMesh present: 478 landmarks, 478 depths
[EVAL] rawCVA=62.0 adj=62.0 base=62.0 class=normal relScore=95 sev=good pitchΔ=-0.01 faceΔ=0.8% eye=active eyeClass=lookingDown eyeConf=0.38 eyeFwd=0.10 eyeDown=0.48 eyePitchDrop=0.01 depthΔ=-0.005 irisΔ=0.012
2026-03-06 23:07:24 +0000: [MediaPipeClient] faceLandmarks count=1434 (need 1434 for 3D mesh)
2026-03-06 23:07:24 +0000: [ENGINE] faceMesh present: 478 landmarks, 478 depths
[EVAL] rawCVA=62.0 adj=62.0 base=62.0 class=normal relScore=95 sev=good pitchΔ=-0.08 faceΔ=-0.3% eye=active eyeClass=lookingDown eyeConf=0.39 eyeFwd=0.10 eyeDown=0.49 eyePitchDrop=0.08 depthΔ=-0.006 irisΔ=0.010
2026-03-06 23:07:24 +0000: [MediaPipeClient] faceLandmarks count=1434 (need 1434 for 3D mesh)
2026-03-06 23:07:24 +0000: [ENGINE] faceMesh present: 478 landmarks, 478 depths
[EVAL] rawCVA=62.0 adj=62.0 base=62.0 class=normal relScore=95 sev=good pitchΔ=-0.75 faceΔ=-2.1% eye=active eyeClass=inconclusive eyeConf=0.31 eyeFwd=0.12 eyeDown=0.43 eyePitchDrop=0.75 depthΔ=0.003 irisΔ=0.010
2026-03-06 23:07:25 +0000: [ENGINE] analyzing frame 1920x1080
2026-03-06 23:07:25 +0000: [MediaPipeClient] faceLandmarks count=1434 (need 1434 for 3D mesh)
2026-03-06 23:07:25 +0000: [ENGINE] faceMesh present: 478 landmarks, 478 depths
[EVAL] rawCVA=62.0 adj=62.0 base=62.0 class=normal relScore=95 sev=good pitchΔ=-1.18 faceΔ=-1.5% eye=active eyeClass=inconclusive eyeConf=0.27 eyeFwd=0.16 eyeDown=0.43 eyePitchDrop=1.18 depthΔ=0.010 irisΔ=0.005
2026-03-06 23:07:25 +0000: [ENGINE] [SCORE/MP] rawCVA=62.0 smoothedCVA=62.0 relScore=95 severity=good menuBar=good pitch=-3.6
2026-03-06T23:07:25Z: [PERF_CAMERA] frames=150 portrait=0 avgConvertMs=4.53 avgRotateMs=0.00 avgFrameMs=4.54 maxConvertMs=8.11 maxRotateMs=0.00 maxFrameMs=8.14
2026-03-06 23:07:25 +0000: [MediaPipeClient] faceLandmarks count=1434 (need 1434 for 3D mesh)
2026-03-06 23:07:25 +0000: [ENGINE] faceMesh present: 478 landmarks, 478 depths
[EVAL] rawCVA=62.0 adj=62.0 base=62.0 class=normal relScore=95 sev=good pitchΔ=-1.29 faceΔ=-1.4% eye=active eyeClass=inconclusive eyeConf=0.27 eyeFwd=0.16 eyeDown=0.43 eyePitchDrop=1.29 depthΔ=0.010 irisΔ=0.005
2026-03-06 23:07:25 +0000: [MediaPipeClient] faceLandmarks count=1434 (need 1434 for 3D mesh)
2026-03-06 23:07:25 +0000: [ENGINE] faceMesh present: 478 landmarks, 478 depths
[EVAL] rawCVA=62.0 adj=62.0 base=62.0 class=normal relScore=95 sev=good pitchΔ=-0.65 faceΔ=-2.3% eye=active eyeClass=inconclusive eyeConf=0.22 eyeFwd=0.17 eyeDown=0.39 eyePitchDrop=0.65 depthΔ=0.010 irisΔ=-0.000
2026-03-06 23:07:25 +0000: [ENGINE] [SCORE/MP] rawCVA=62.0 smoothedCVA=62.0 relScore=95 severity=good menuBar=good pitch=-3.0

===== DEBUG CAPTURE: TURTLE_NECK START =====
2026-03-06 23:07:26 +0000: [MediaPipeClient] faceLandmarks count=1434 (need 1434 for 3D mesh)
2026-03-06 23:07:26 +0000: [ENGINE] faceMesh present: 478 landmarks, 478 depths
2026-03-06 23:07:26 +0000: [ENGINE] [CTX] context=laptop conf=1.00 sub=neutral source=auto faceRatio=0.99 cam=FaceTime HD Camera model=FaceTime HD Camera reasons=deviceHint:laptop
[EVAL] rawCVA=62.0 adj=62.0 base=62.0 class=normal relScore=95 sev=good pitchΔ=-1.46 faceΔ=-0.8% eye=active eyeClass=inconclusive eyeConf=0.27 eyeFwd=0.17 eyeDown=0.44 eyePitchDrop=1.46 depthΔ=0.012 irisΔ=-0.003
2026-03-06 23:07:26 +0000: [MediaPipeClient] faceLandmarks count=1434 (need 1434 for 3D mesh)
2026-03-06 23:07:26 +0000: [ENGINE] faceMesh present: 478 landmarks, 478 depths
[EVAL] rawCVA=62.0 adj=62.0 base=62.0 class=normal relScore=95 sev=good pitchΔ=-1.55 faceΔ=-1.9% eye=active eyeClass=inconclusive eyeConf=0.21 eyeFwd=0.19 eyeDown=0.40 eyePitchDrop=1.55 depthΔ=0.015 irisΔ=-0.011
2026-03-06 23:07:26 +0000: [MediaPipeClient] faceLandmarks count=1434 (need 1434 for 3D mesh)
2026-03-06 23:07:26 +0000: [ENGINE] faceMesh present: 478 landmarks, 478 depths
[EVAL] rawCVA=61.6 adj=61.6 base=62.0 class=normal relScore=94 sev=good pitchΔ=-3.07 faceΔ=-4.3% eye=active eyeClass=inconclusive eyeConf=0.08 eyeFwd=0.27 eyeDown=0.35 eyePitchDrop=3.07 depthΔ=0.020 irisΔ=-0.034
2026-03-06 23:07:26 +0000: [ENGINE] [SCORE/MP] rawCVA=61.3 smoothedCVA=61.6 relScore=94 severity=good menuBar=good pitch=-5.5
2026-03-06 23:07:27 +0000: [ENGINE] analyzing frame 1920x1080
2026-03-06 23:07:27 +0000: [MediaPipeClient] faceLandmarks count=1434 (need 1434 for 3D mesh)
2026-03-06 23:07:27 +0000: [ENGINE] faceMesh present: 478 landmarks, 478 depths
[EVAL] rawCVA=60.0 adj=61.0 base=62.0 class=lookingDown relScore=93 sev=good pitchΔ=-4.36 faceΔ=-4.2% eye=active eyeClass=lookingDown eyeConf=0.18 eyeFwd=0.27 eyeDown=0.45 eyePitchDrop=4.36 depthΔ=0.025 irisΔ=-0.032
2026-03-06 23:07:27 +0000: [MediaPipeClient] faceLandmarks count=1434 (need 1434 for 3D mesh)
2026-03-06 23:07:27 +0000: [ENGINE] faceMesh present: 478 landmarks, 478 depths
[EVAL] rawCVA=57.6 adj=59.8 base=62.0 class=lookingDown relScore=90 sev=good pitchΔ=-5.73 faceΔ=-3.5% eye=active eyeClass=forwardHead eyeConf=0.00 eyeFwd=0.39 eyeDown=0.58 eyePitchDrop=5.73 depthΔ=0.036 irisΔ=-0.046
2026-03-06 23:07:27 +0000: [MediaPipeClient] faceLandmarks count=1434 (need 1434 for 3D mesh)
2026-03-06 23:07:27 +0000: [ENGINE] faceMesh present: 478 landmarks, 478 depths
[EVAL] rawCVA=55.3 adj=58.7 base=62.0 class=lookingDown relScore=87 sev=good pitchΔ=-6.39 faceΔ=-3.9% eye=active eyeClass=forwardHead eyeConf=0.06 eyeFwd=0.52 eyeDown=0.61 eyePitchDrop=6.39 depthΔ=0.040 irisΔ=-0.053
2026-03-06 23:07:28 +0000: [MediaPipeClient] faceLandmarks count=1434 (need 1434 for 3D mesh)
2026-03-06 23:07:28 +0000: [ENGINE] faceMesh present: 478 landmarks, 478 depths
[EVAL] rawCVA=52.9 adj=52.9 base=62.0 class=forwardHead relScore=73 sev=mild pitchΔ=-7.48 faceΔ=-11.7% eye=active eyeClass=forwardHead eyeConf=0.52 eyeFwd=0.83 eyeDown=0.46 eyePitchDrop=7.48 depthΔ=0.045 irisΔ=-0.064
2026-03-06 23:07:28 +0000: [MediaPipeClient] faceLandmarks count=1434 (need 1434 for 3D mesh)
2026-03-06 23:07:28 +0000: [ENGINE] faceMesh present: 478 landmarks, 478 depths
2026-03-06 23:07:28 +0000: [ENGINE] [CTX] context=laptop conf=1.00 sub=neutral source=auto faceRatio=0.87 cam=FaceTime HD Camera model=FaceTime HD Camera reasons=deviceHint:laptop
[EVAL] rawCVA=51.3 adj=51.3 base=62.0 class=forwardHead relScore=69 sev=mild pitchΔ=-7.60 faceΔ=-12.9% eye=active eyeClass=forwardHead eyeConf=0.59 eyeFwd=0.89 eyeDown=0.45 eyePitchDrop=7.60 depthΔ=0.049 irisΔ=-0.085
2026-03-06 23:07:28 +0000: [MediaPipeClient] faceLandmarks count=1434 (need 1434 for 3D mesh)
2026-03-06 23:07:28 +0000: [ENGINE] faceMesh present: 478 landmarks, 478 depths
[EVAL] rawCVA=50.0 adj=50.0 base=62.0 class=forwardHead relScore=66 sev=mild pitchΔ=-7.98 faceΔ=-11.5% eye=active eyeClass=forwardHead eyeConf=0.60 eyeFwd=0.90 eyeDown=0.45 eyePitchDrop=7.98 depthΔ=0.051 irisΔ=-0.096
2026-03-06 23:07:29 +0000: [MediaPipeClient] faceLandmarks count=1434 (need 1434 for 3D mesh)
2026-03-06 23:07:29 +0000: [ENGINE] faceMesh present: 478 landmarks, 478 depths
[EVAL] rawCVA=49.6 adj=49.6 base=62.0 class=forwardHead relScore=65 sev=mild pitchΔ=-7.67 faceΔ=-12.5% eye=active eyeClass=forwardHead eyeConf=0.60 eyeFwd=0.90 eyeDown=0.45 eyePitchDrop=7.67 depthΔ=0.062 irisΔ=-0.100
2026-03-06 23:07:29 +0000: [MediaPipeClient] faceLandmarks count=1434 (need 1434 for 3D mesh)
2026-03-06 23:07:29 +0000: [ENGINE] faceMesh present: 478 landmarks, 478 depths
[EVAL] rawCVA=49.5 adj=49.5 base=62.0 class=forwardHead relScore=65 sev=mild pitchΔ=-7.63 faceΔ=-12.1% eye=active eyeClass=forwardHead eyeConf=0.60 eyeFwd=0.90 eyeDown=0.45 eyePitchDrop=7.63 depthΔ=0.059 irisΔ=-0.102
2026-03-06 23:07:29 +0000: [MediaPipeClient] faceLandmarks count=1434 (need 1434 for 3D mesh)
2026-03-06 23:07:29 +0000: [ENGINE] faceMesh present: 478 landmarks, 478 depths
[EVAL] rawCVA=49.7 adj=49.7 base=62.0 class=forwardHead relScore=65 sev=mild pitchΔ=-7.36 faceΔ=-8.8% eye=active eyeClass=forwardHead eyeConf=0.50 eyeFwd=0.84 eyeDown=0.49 eyePitchDrop=7.36 depthΔ=0.046 irisΔ=-0.099
2026-03-06 23:07:29 +0000: [ENGINE] [SCORE/MP] rawCVA=49.9 smoothedCVA=49.7 relScore=65 severity=mild menuBar=good pitch=-9.7
2026-03-06 23:07:30 +0000: [MediaPipeClient] faceLandmarks count=1434 (need 1434 for 3D mesh)
2026-03-06 23:07:30 +0000: [ENGINE] faceMesh present: 478 landmarks, 478 depths
[EVAL] rawCVA=49.8 adj=49.8 base=62.0 class=forwardHead relScore=66 sev=mild pitchΔ=-7.48 faceΔ=-8.6% eye=active eyeClass=forwardHead eyeConf=0.47 eyeFwd=0.82 eyeDown=0.50 eyePitchDrop=7.48 depthΔ=0.044 irisΔ=-0.089
2026-03-06T23:07:30Z: [PERF_CAMERA] frames=151 portrait=0 avgConvertMs=4.46 avgRotateMs=0.00 avgFrameMs=4.47 maxConvertMs=6.79 maxRotateMs=0.00 maxFrameMs=6.81
2026-03-06 23:07:30 +0000: [MediaPipeClient] faceLandmarks count=1434 (need 1434 for 3D mesh)
2026-03-06 23:07:30 +0000: [ENGINE] faceMesh present: 478 landmarks, 478 depths
[EVAL] rawCVA=50.2 adj=50.2 base=62.0 class=forwardHead relScore=67 sev=mild pitchΔ=-7.04 faceΔ=-8.1% eye=active eyeClass=forwardHead eyeConf=0.47 eyeFwd=0.83 eyeDown=0.50 eyePitchDrop=7.04 depthΔ=0.048 irisΔ=-0.083
2026-03-06 23:07:30 +0000: [ENGINE] [SCORE/MP] rawCVA=50.5 smoothedCVA=50.2 relScore=67 severity=mild menuBar=mild pitch=-9.4
2026-03-06 23:07:30 +0000: [MediaPipeClient] faceLandmarks count=1434 (need 1434 for 3D mesh)
2026-03-06 23:07:30 +0000: [ENGINE] faceMesh present: 478 landmarks, 478 depths
2026-03-06 23:07:30 +0000: [ENGINE] [CTX] context=laptop conf=1.00 sub=neutral source=auto faceRatio=0.89 cam=FaceTime HD Camera model=FaceTime HD Camera reasons=deviceHint:laptop
[EVAL] rawCVA=50.4 adj=50.4 base=62.0 class=forwardHead relScore=67 sev=mild pitchΔ=-7.18 faceΔ=-10.8% eye=active eyeClass=forwardHead eyeConf=0.57 eyeFwd=0.88 eyeDown=0.46 eyePitchDrop=7.18 depthΔ=0.047 irisΔ=-0.082
2026-03-06 23:07:31 +0000: [MediaPipeClient] faceLandmarks count=1434 (need 1434 for 3D mesh)
2026-03-06 23:07:31 +0000: [ENGINE] faceMesh present: 478 landmarks, 478 depths
[EVAL] rawCVA=50.5 adj=50.5 base=62.0 class=forwardHead relScore=67 sev=mild pitchΔ=-7.18 faceΔ=-10.6% eye=active eyeClass=forwardHead eyeConf=0.49 eyeFwd=0.83 eyeDown=0.49 eyePitchDrop=7.18 depthΔ=0.038 irisΔ=-0.087
===== DEBUG CAPTURE: TURTLE_NECK END (6 snapshots saved) =====

[DEBUG SUMMARY] label=TURTLE_NECK class=forwardHead:10,lookingDown:3,normal:3 eyeClass=forwardHead:12,inconclusive:3,lookingDown:1 eyeConfAvg=0.39
2026-03-06 23:07:31 +0000: [MediaPipeClient] faceLandmarks count=1434 (need 1434 for 3D mesh)
2026-03-06 23:07:31 +0000: [ENGINE] faceMesh present: 478 landmarks, 478 depths
[EVAL] rawCVA=50.7 adj=50.7 base=62.0 class=forwardHead relScore=68 sev=mild pitchΔ=-7.09 faceΔ=-8.7% eye=active eyeClass=forwardHead eyeConf=0.40 eyeFwd=0.78 eyeDown=0.52 eyePitchDrop=7.09 depthΔ=0.036 irisΔ=-0.084
2026-03-06 23:07:31 +0000: [ENGINE] [SCORE/MP] rawCVA=50.7 smoothedCVA=50.7 relScore=68 severity=mild menuBar=mild pitch=-9.5
2026-03-06 23:07:31 +0000: [MediaPipeClient] faceLandmarks count=1434 (need 1434 for 3D mesh)
2026-03-06 23:07:31 +0000: [ENGINE] faceMesh present: 478 landmarks, 478 depths
[EVAL] rawCVA=50.5 adj=50.5 base=62.0 class=forwardHead relScore=67 sev=mild pitchΔ=-7.33 faceΔ=-10.5% eye=active eyeClass=forwardHead eyeConf=0.47 eyeFwd=0.82 eyeDown=0.49 eyePitchDrop=7.33 depthΔ=0.036 irisΔ=-0.082
2026-03-06 23:07:31 +0000: [ENGINE] [SCORE/MP] rawCVA=50.4 smoothedCVA=50.5 relScore=67 severity=mild menuBar=mild pitch=-9.7
2026-03-06 23:07:32 +0000: [MediaPipeClient] faceLandmarks count=1434 (need 1434 for 3D mesh)
2026-03-06 23:07:32 +0000: [ENGINE] faceMesh present: 478 landmarks, 478 depths
[EVAL] rawCVA=50.8 adj=50.8 base=62.0 class=forwardHead relScore=68 sev=mild pitchΔ=-6.93 faceΔ=-8.9% eye=active eyeClass=forwardHead eyeConf=0.49 eyeFwd=0.83 eyeDown=0.49 eyePitchDrop=6.93 depthΔ=0.044 irisΔ=-0.079
2026-03-06 23:07:32 +0000: [MediaPipeClient] faceLandmarks count=1434 (need 1434 for 3D mesh)
2026-03-06 23:07:32 +0000: [ENGINE] faceMesh present: 478 landmarks, 478 depths
[EVAL] rawCVA=50.8 adj=50.8 base=62.0 class=forwardHead relScore=68 sev=mild pitchΔ=-7.12 faceΔ=-9.2% eye=active eyeClass=forwardHead eyeConf=0.51 eyeFwd=0.84 eyeDown=0.49 eyePitchDrop=7.12 depthΔ=0.045 irisΔ=-0.095
2026-03-06 23:07:32 +0000: [ENGINE] analyzing frame 1920x1080
2026-03-06 23:07:32 +0000: [MediaPipeClient] faceLandmarks count=1434 (need 1434 for 3D mesh)
2026-03-06 23:07:32 +0000: [ENGINE] faceMesh present: 478 landmarks, 478 depths
[EVAL] rawCVA=50.7 adj=50.7 base=62.0 class=forwardHead relScore=68 sev=mild pitchΔ=-7.20 faceΔ=-9.8% eye=active eyeClass=forwardHead eyeConf=0.50 eyeFwd=0.83 eyeDown=0.48 eyePitchDrop=7.20 depthΔ=0.040 irisΔ=-0.098
2026-03-06 23:07:33 +0000: [MediaPipeClient] faceLandmarks count=1434 (need 1434 for 3D mesh)
2026-03-06 23:07:33 +0000: [ENGINE] faceMesh present: 478 landmarks, 478 depths
2026-03-06 23:07:33 +0000: [ENGINE] [CTX] context=laptop conf=1.00 sub=neutral source=auto faceRatio=0.89 cam=FaceTime HD Camera model=FaceTime HD Camera reasons=deviceHint:laptop
[EVAL] rawCVA=50.9 adj=50.9 base=62.0 class=forwardHead relScore=68 sev=mild pitchΔ=-6.94 faceΔ=-11.2% eye=active eyeClass=forwardHead eyeConf=0.53 eyeFwd=0.85 eyeDown=0.47 eyePitchDrop=6.94 depthΔ=0.041 irisΔ=-0.079
2026-03-06 23:07:33 +0000: [MediaPipeClient] faceLandmarks count=1434 (need 1434 for 3D mesh)
2026-03-06 23:07:33 +0000: [ENGINE] faceMesh present: 478 landmarks, 478 depths
[EVAL] rawCVA=51.1 adj=56.6 base=62.0 class=lookingDown relScore=82 sev=good pitchΔ=-6.81 faceΔ=-6.4% eye=active eyeClass=forwardHead eyeConf=0.30 eyeFwd=0.71 eyeDown=0.56 eyePitchDrop=6.81 depthΔ=0.037 irisΔ=-0.076
2026-03-06 23:07:33 +0000: [ENGINE] [SCORE/MP] rawCVA=51.3 smoothedCVA=51.1 relScore=82 severity=good menuBar=mild pitch=-9.2
2026-03-06 23:07:33 +0000: [MediaPipeClient] faceLandmarks count=1434 (need 1434 for 3D mesh)
2026-03-06 23:07:33 +0000: [ENGINE] faceMesh present: 478 landmarks, 478 depths
[EVAL] rawCVA=52.1 adj=57.0 base=62.0 class=lookingDown relScore=83 sev=good pitchΔ=-6.02 faceΔ=-5.2% eye=active eyeClass=forwardHead eyeConf=0.32 eyeFwd=0.69 eyeDown=0.52 eyePitchDrop=6.02 depthΔ=0.037 irisΔ=-0.071
2026-03-06 23:07:34 +0000: [MediaPipeClient] faceLandmarks count=1434 (need 1434 for 3D mesh)
2026-03-06 23:07:34 +0000: [ENGINE] faceMesh present: 478 landmarks, 478 depths
[EVAL] rawCVA=53.7 adj=57.8 base=62.0 class=lookingDown relScore=85 sev=good pitchΔ=-5.05 faceΔ=-2.6% eye=active eyeClass=forwardHead eyeConf=0.14 eyeFwd=0.56 eyeDown=0.57 eyePitchDrop=5.05 depthΔ=0.037 irisΔ=-0.050
2026-03-06 23:07:34 +0000: [MediaPipeClient] faceLandmarks count=1434 (need 1434 for 3D mesh)
2026-03-06 23:07:34 +0000: [ENGINE] faceMesh present: 478 landmarks, 478 depths
[EVAL] rawCVA=56.7 adj=59.3 base=62.0 class=lookingDown relScore=89 sev=good pitchΔ=-3.09 faceΔ=-1.2% eye=active eyeClass=forwardHead eyeConf=0.10 eyeFwd=0.42 eyeDown=0.46 eyePitchDrop=3.09 depthΔ=0.032 irisΔ=-0.040
2026-03-06 23:07:34 +0000: [MediaPipeClient] faceLandmarks count=1434 (need 1434 for 3D mesh)
2026-03-06 23:07:34 +0000: [ENGINE] faceMesh present: 478 landmarks, 478 depths
[EVAL] rawCVA=59.1 adj=60.6 base=62.0 class=lookingDown relScore=91 sev=good pitchΔ=2.23 faceΔ=0.3% eye=active eyeClass=inconclusive eyeConf=0.21 eyeFwd=0.24 eyeDown=0.44 eyePitchDrop=-2.23 depthΔ=0.016 irisΔ=-0.017
2026-03-06 23:07:34 +0000: [ENGINE] [SCORE/MP] rawCVA=60.8 smoothedCVA=59.1 relScore=91 severity=good menuBar=mild pitch=-0.1
2026-03-06 23:07:35 +0000: [MediaPipeClient] faceLandmarks count=1434 (need 1434 for 3D mesh)
2026-03-06 23:07:35 +0000: [ENGINE] faceMesh present: 478 landmarks, 478 depths
[EVAL] rawCVA=60.6 adj=60.6 base=62.0 class=normal relScore=89 sev=good pitchΔ=3.19 faceΔ=-1.9% eye=active eyeClass=inconclusive eyeConf=0.28 eyeFwd=0.14 eyeDown=0.42 eyePitchDrop=-3.19 depthΔ=0.007 irisΔ=0.016
2026-03-06T23:07:35Z: [PERF_CAMERA] frames=150 portrait=0 avgConvertMs=4.69 avgRotateMs=0.00 avgFrameMs=4.71 maxConvertMs=6.61 maxRotateMs=0.00 maxFrameMs=6.63
2026-03-06 23:07:35 +0000: [MediaPipeClient] faceLandmarks count=1434 (need 1434 for 3D mesh)
2026-03-06 23:07:35 +0000: [ENGINE] faceMesh present: 478 landmarks, 478 depths
2026-03-06 23:07:35 +0000: [ENGINE] [CTX] context=laptop conf=1.00 sub=neutral source=auto faceRatio=0.98 cam=FaceTime HD Camera model=FaceTime HD Camera reasons=deviceHint:laptop
[EVAL] rawCVA=61.3 adj=61.3 base=62.0 class=normal relScore=90 sev=good pitchΔ=2.51 faceΔ=-1.7% eye=active eyeClass=lookingDown eyeConf=0.36 eyeFwd=0.10 eyeDown=0.46 eyePitchDrop=-2.51 depthΔ=-0.006 irisΔ=0.036
2026-03-06 23:07:35 +0000: [MediaPipeClient] faceLandmarks count=1434 (need 1434 for 3D mesh)
2026-03-06 23:07:35 +0000: [ENGINE] faceMesh present: 478 landmarks, 478 depths
[EVAL] rawCVA=61.7 adj=61.7 base=62.0 class=normal relScore=93 sev=good pitchΔ=1.18 faceΔ=-1.3% eye=active eyeClass=lookingDown eyeConf=0.37 eyeFwd=0.10 eyeDown=0.47 eyePitchDrop=-1.18 depthΔ=-0.009 irisΔ=0.038
2026-03-06 23:07:36 +0000: [MediaPipeClient] faceLandmarks count=1434 (need 1434 for 3D mesh)
2026-03-06 23:07:36 +0000: [ENGINE] faceMesh present: 478 landmarks, 478 depths
[EVAL] rawCVA=61.9 adj=61.9 base=62.0 class=normal relScore=95 sev=good pitchΔ=-1.24 faceΔ=-5.5% eye=active eyeClass=inconclusive eyeConf=0.06 eyeFwd=0.21 eyeDown=0.27 eyePitchDrop=1.24 depthΔ=-0.011 irisΔ=0.018
2026-03-06 23:07:36 +0000: [ENGINE] analyzing frame 1920x1080
2026-03-06 23:07:36 +0000: [MediaPipeClient] faceLandmarks count=1434 (need 1434 for 3D mesh)
2026-03-06 23:07:36 +0000: [ENGINE] faceMesh present: 478 landmarks, 478 depths
[EVAL] rawCVA=61.2 adj=61.2 base=62.0 class=normal relScore=93 sev=good pitchΔ=-3.43 faceΔ=-4.3% eye=active eyeClass=inconclusive eyeConf=0.30 eyeFwd=0.14 eyeDown=0.44 eyePitchDrop=3.43 depthΔ=-0.008 irisΔ=-0.002
2026-03-06 23:07:36 +0000: [ENGINE] [SCORE/MP] rawCVA=60.7 smoothedCVA=61.2 relScore=93 severity=good menuBar=good pitch=-5.8

===== DEBUG CAPTURE: TURTLE_NECK START =====
2026-03-06 23:07:36 +0000: [MediaPipeClient] faceLandmarks count=1434 (need 1434 for 3D mesh)
2026-03-06 23:07:36 +0000: [ENGINE] faceMesh present: 478 landmarks, 478 depths
[EVAL] rawCVA=59.1 adj=60.5 base=62.0 class=lookingDown relScore=91 sev=good pitchΔ=-5.03 faceΔ=-4.8% eye=active eyeClass=lookingDown eyeConf=0.40 eyeFwd=0.17 eyeDown=0.56 eyePitchDrop=5.03 depthΔ=-0.003 irisΔ=-0.017
2026-03-06 23:07:37 +0000: [MediaPipeClient] faceLandmarks count=1434 (need 1434 for 3D mesh)
2026-03-06 23:07:37 +0000: [ENGINE] faceMesh present: 478 landmarks, 478 depths
[EVAL] rawCVA=56.9 adj=56.9 base=62.0 class=forwardHead relScore=83 sev=good pitchΔ=-5.70 faceΔ=-8.0% eye=active eyeClass=forwardHead eyeConf=0.00 eyeFwd=0.36 eyeDown=0.52 eyePitchDrop=5.70 depthΔ=0.003 irisΔ=-0.016
2026-03-06 23:07:37 +0000: [ENGINE] analyzing frame 1920x1080
2026-03-06 23:07:37 +0000: [MediaPipeClient] faceLandmarks count=1434 (need 1434 for 3D mesh)
2026-03-06 23:07:37 +0000: [ENGINE] faceMesh present: 478 landmarks, 478 depths
[EVAL] rawCVA=55.3 adj=58.7 base=62.0 class=lookingDown relScore=87 sev=good pitchΔ=-6.00 faceΔ=-6.0% eye=active eyeClass=inconclusive eyeConf=0.08 eyeFwd=0.42 eyeDown=0.58 eyePitchDrop=6.00 depthΔ=0.011 irisΔ=-0.015
2026-03-06 23:07:37 +0000: [MediaPipeClient] faceLandmarks count=1434 (need 1434 for 3D mesh)
2026-03-06 23:07:37 +0000: [ENGINE] faceMesh present: 478 landmarks, 478 depths
2026-03-06 23:07:37 +0000: [ENGINE] [CTX] context=laptop conf=1.00 sub=neutral source=auto faceRatio=0.93 cam=FaceTime HD Camera model=FaceTime HD Camera reasons=deviceHint:laptop
[EVAL] rawCVA=54.1 adj=58.0 base=62.0 class=lookingDown relScore=85 sev=good pitchΔ=-6.38 faceΔ=-7.2% eye=active eyeClass=forwardHead eyeConf=0.06 eyeFwd=0.49 eyeDown=0.58 eyePitchDrop=6.38 depthΔ=0.010 irisΔ=-0.023
2026-03-06 23:07:38 +0000: [MediaPipeClient] faceLandmarks count=1434 (need 1434 for 3D mesh)
2026-03-06 23:07:38 +0000: [ENGINE] faceMesh present: 478 landmarks, 478 depths
[EVAL] rawCVA=53.2 adj=57.6 base=62.0 class=lookingDown relScore=84 sev=good pitchΔ=-6.49 faceΔ=-7.1% eye=active eyeClass=forwardHead eyeConf=0.11 eyeFwd=0.55 eyeDown=0.59 eyePitchDrop=6.49 depthΔ=0.013 irisΔ=-0.029
2026-03-06 23:07:38 +0000: [MediaPipeClient] faceLandmarks count=1434 (need 1434 for 3D mesh)
2026-03-06 23:07:38 +0000: [ENGINE] faceMesh present: 478 landmarks, 478 depths
[EVAL] rawCVA=52.7 adj=57.4 base=62.0 class=lookingDown relScore=84 sev=good pitchΔ=-6.52 faceΔ=-6.8% eye=active eyeClass=forwardHead eyeConf=0.10 eyeFwd=0.55 eyeDown=0.60 eyePitchDrop=6.52 depthΔ=0.012 irisΔ=-0.028
2026-03-06 23:07:38 +0000: [ENGINE] [SCORE/MP] rawCVA=52.4 smoothedCVA=52.7 relScore=84 severity=good menuBar=good pitch=-8.9
2026-03-06 23:07:38 +0000: [MediaPipeClient] faceLandmarks count=1434 (need 1434 for 3D mesh)
2026-03-06 23:07:38 +0000: [ENGINE] faceMesh present: 478 landmarks, 478 depths
[EVAL] rawCVA=52.5 adj=57.3 base=62.0 class=lookingDown relScore=84 sev=good pitchΔ=-6.49 faceΔ=-6.8% eye=active eyeClass=forwardHead eyeConf=0.10 eyeFwd=0.55 eyeDown=0.60 eyePitchDrop=6.49 depthΔ=0.011 irisΔ=-0.040
2026-03-06 23:07:39 +0000: [MediaPipeClient] faceLandmarks count=1434 (need 1434 for 3D mesh)
2026-03-06 23:07:39 +0000: [ENGINE] faceMesh present: 478 landmarks, 478 depths
[EVAL] rawCVA=52.1 adj=57.0 base=62.0 class=lookingDown relScore=83 sev=good pitchΔ=-6.83 faceΔ=-7.3% eye=active eyeClass=forwardHead eyeConf=0.08 eyeFwd=0.56 eyeDown=0.63 eyePitchDrop=6.83 depthΔ=0.008 irisΔ=-0.038
2026-03-06 23:07:39 +0000: [MediaPipeClient] faceLandmarks count=1434 (need 1434 for 3D mesh)
2026-03-06 23:07:39 +0000: [ENGINE] faceMesh present: 478 landmarks, 478 depths
[EVAL] rawCVA=51.7 adj=56.9 base=62.0 class=lookingDown relScore=83 sev=good pitchΔ=-6.91 faceΔ=-7.0% eye=active eyeClass=forwardHead eyeConf=0.05 eyeFwd=0.55 eyeDown=0.65 eyePitchDrop=6.91 depthΔ=0.007 irisΔ=-0.032
2026-03-06 23:07:39 +0000: [ENGINE] [SCORE/MP] rawCVA=51.5 smoothedCVA=51.7 relScore=83 severity=good menuBar=good pitch=-9.3
2026-03-06 23:07:39 +0000: [MediaPipeClient] faceLandmarks count=1434 (need 1434 for 3D mesh)
2026-03-06 23:07:39 +0000: [ENGINE] faceMesh present: 478 landmarks, 478 depths
2026-03-06 23:07:39 +0000: [ENGINE] [CTX] context=laptop conf=1.00 sub=neutral source=auto faceRatio=0.93 cam=FaceTime HD Camera model=FaceTime HD Camera reasons=deviceHint:laptop
[EVAL] rawCVA=51.5 adj=56.7 base=62.0 class=lookingDown relScore=82 sev=good pitchΔ=-6.96 faceΔ=-7.4% eye=active eyeClass=forwardHead eyeConf=0.03 eyeFwd=0.53 eyeDown=0.65 eyePitchDrop=6.96 depthΔ=0.002 irisΔ=-0.033
2026-03-06 23:07:40 +0000: [MediaPipeClient] faceLandmarks count=1434 (need 1434 for 3D mesh)
2026-03-06 23:07:40 +0000: [ENGINE] faceMesh present: 478 landmarks, 478 depths
[EVAL] rawCVA=51.5 adj=56.8 base=62.0 class=lookingDown relScore=82 sev=good pitchΔ=-6.71 faceΔ=-7.8% eye=active eyeClass=forwardHead eyeConf=0.15 eyeFwd=0.60 eyeDown=0.60 eyePitchDrop=6.71 depthΔ=0.010 irisΔ=-0.030
2026-03-06 23:07:40 +0000: [ENGINE] [SCORE/MP] rawCVA=51.6 smoothedCVA=51.5 relScore=82 severity=good menuBar=good pitch=-9.1
2026-03-06T23:07:40Z: [PERF_CAMERA] frames=150 portrait=0 avgConvertMs=4.53 avgRotateMs=0.00 avgFrameMs=4.55 maxConvertMs=6.88 maxRotateMs=0.00 maxFrameMs=6.91
2026-03-06 23:07:40 +0000: [MediaPipeClient] faceLandmarks count=1434 (need 1434 for 3D mesh)
2026-03-06 23:07:40 +0000: [ENGINE] faceMesh present: 478 landmarks, 478 depths
[EVAL] rawCVA=51.9 adj=57.0 base=62.0 class=lookingDown relScore=83 sev=good pitchΔ=-6.41 faceΔ=-6.6% eye=active eyeClass=forwardHead eyeConf=0.10 eyeFwd=0.56 eyeDown=0.61 eyePitchDrop=6.41 depthΔ=0.009 irisΔ=-0.029
2026-03-06 23:07:40 +0000: [ENGINE] analyzing frame 1920x1080
2026-03-06 23:07:40 +0000: [MediaPipeClient] faceLandmarks count=1434 (need 1434 for 3D mesh)
2026-03-06 23:07:40 +0000: [ENGINE] faceMesh present: 478 landmarks, 478 depths
[EVAL] rawCVA=51.9 adj=57.0 base=62.0 class=lookingDown relScore=83 sev=good pitchΔ=-6.70 faceΔ=-6.6% eye=active eyeClass=forwardHead eyeConf=0.06 eyeFwd=0.55 eyeDown=0.63 eyePitchDrop=6.70 depthΔ=0.008 irisΔ=-0.030
2026-03-06 23:07:40 +0000: [ENGINE] [SCORE/MP] rawCVA=51.9 smoothedCVA=51.9 relScore=83 severity=good menuBar=good pitch=-9.1
2026-03-06 23:07:40 +0000: [MediaPipeClient] faceLandmarks count=1434 (need 1434 for 3D mesh)
2026-03-06 23:07:40 +0000: [ENGINE] faceMesh present: 478 landmarks, 478 depths
[EVAL] rawCVA=51.8 adj=56.9 base=62.0 class=lookingDown relScore=83 sev=good pitchΔ=-6.78 faceΔ=-6.1% eye=active eyeClass=inconclusive eyeConf=0.05 eyeFwd=0.54 eyeDown=0.65 eyePitchDrop=6.78 depthΔ=0.010 irisΔ=-0.034
2026-03-06 23:07:40 +0000: [ENGINE] [SCORE/MP] rawCVA=51.7 smoothedCVA=51.8 relScore=83 severity=good menuBar=good pitch=-9.2
2026-03-06 23:07:41 +0000: [MediaPipeClient] faceLandmarks count=1434 (need 1434 for 3D mesh)
2026-03-06 23:07:41 +0000: [ENGINE] faceMesh present: 478 landmarks, 478 depths
[EVAL] rawCVA=51.9 adj=56.9 base=62.0 class=lookingDown relScore=83 sev=good pitchΔ=-6.61 faceΔ=-6.6% eye=active eyeClass=forwardHead eyeConf=0.07 eyeFwd=0.55 eyeDown=0.63 eyePitchDrop=6.61 depthΔ=0.008 irisΔ=-0.028
2026-03-06 23:07:41 +0000: [MediaPipeClient] faceLandmarks count=1434 (need 1434 for 3D mesh)
2026-03-06 23:07:41 +0000: [ENGINE] faceMesh present: 478 landmarks, 478 depths
[EVAL] rawCVA=51.9 adj=56.9 base=62.0 class=lookingDown relScore=83 sev=good pitchΔ=-6.70 faceΔ=-7.2% eye=active eyeClass=forwardHead eyeConf=0.10 eyeFwd=0.56 eyeDown=0.62 eyePitchDrop=6.70 depthΔ=0.008 irisΔ=-0.028
2026-03-06 23:07:41 +0000: [ENGINE] [SCORE/MP] rawCVA=51.9 smoothedCVA=51.9 relScore=83 severity=good menuBar=good pitch=-9.1
===== DEBUG CAPTURE: TURTLE_NECK END (6 snapshots saved) =====

[DEBUG SUMMARY] label=TURTLE_NECK class=lookingDown:15,forwardHead:1 eyeClass=forwardHead:13,inconclusive:2,lookingDown:1 eyeConfAvg=0.10
2026-03-06 23:07:41 +0000: [MediaPipeClient] faceLandmarks count=1434 (need 1434 for 3D mesh)
2026-03-06 23:07:41 +0000: [ENGINE] faceMesh present: 478 landmarks, 478 depths
2026-03-06 23:07:41 +0000: [ENGINE] [CTX] context=laptop conf=1.00 sub=neutral source=auto faceRatio=0.93 cam=FaceTime HD Camera model=FaceTime HD Camera reasons=deviceHint:laptop
[EVAL] rawCVA=51.8 adj=56.9 base=62.0 class=lookingDown relScore=83 sev=good pitchΔ=-6.70 faceΔ=-6.6% eye=active eyeClass=forwardHead eyeConf=0.03 eyeFwd=0.53 eyeDown=0.65 eyePitchDrop=6.70 depthΔ=0.004 irisΔ=-0.037
2026-03-06 23:07:42 +0000: [ENGINE] analyzing frame 1920x1080
2026-03-06 23:07:42 +0000: [MediaPipeClient] faceLandmarks count=1434 (need 1434 for 3D mesh)
2026-03-06 23:07:42 +0000: [ENGINE] faceMesh present: 478 landmarks, 478 depths
[EVAL] rawCVA=52.5 adj=57.2 base=62.0 class=lookingDown relScore=83 sev=good pitchΔ=-6.03 faceΔ=-6.3% eye=active eyeClass=inconclusive eyeConf=0.05 eyeFwd=0.50 eyeDown=0.60 eyePitchDrop=6.03 depthΔ=0.002 irisΔ=-0.034
2026-03-06 23:07:42 +0000: [MediaPipeClient] faceLandmarks count=1434 (need 1434 for 3D mesh)
2026-03-06 23:07:42 +0000: [ENGINE] faceMesh present: 478 landmarks, 478 depths
[EVAL] rawCVA=53.0 adj=57.5 base=62.0 class=lookingDown relScore=84 sev=good pitchΔ=-5.93 faceΔ=-6.0% eye=active eyeClass=inconclusive eyeConf=0.06 eyeFwd=0.47 eyeDown=0.60 eyePitchDrop=5.93 depthΔ=0.003 irisΔ=-0.138
2026-03-06 23:07:42 +0000: [MediaPipeClient] faceLandmarks count=1434 (need 1434 for 3D mesh)
2026-03-06 23:07:42 +0000: [ENGINE] faceMesh present: 478 landmarks, 478 depths
[EVAL] rawCVA=53.8 adj=57.9 base=62.0 class=lookingDown relScore=85 sev=good pitchΔ=-5.52 faceΔ=-7.3% eye=active eyeClass=forwardHead eyeConf=0.14 eyeFwd=0.51 eyeDown=0.52 eyePitchDrop=5.52 depthΔ=0.006 irisΔ=-0.100
2026-03-06 23:07:43 +0000: [MediaPipeClient] faceLandmarks count=1434 (need 1434 for 3D mesh)
2026-03-06 23:07:43 +0000: [ENGINE] faceMesh present: 478 landmarks, 478 depths
[EVAL] rawCVA=54.9 adj=58.5 base=62.0 class=lookingDown relScore=86 sev=good pitchΔ=-4.81 faceΔ=-5.3% eye=active eyeClass=inconclusive eyeConf=0.05 eyeFwd=0.44 eyeDown=0.49 eyePitchDrop=4.81 depthΔ=0.011 irisΔ=-0.066
2026-03-06 23:07:43 +0000: [MediaPipeClient] faceLandmarks count=1434 (need 1434 for 3D mesh)
2026-03-06 23:07:43 +0000: [ENGINE] faceMesh present: 478 landmarks, 478 depths
[EVAL] rawCVA=56.4 adj=59.2 base=62.0 class=lookingDown relScore=88 sev=good pitchΔ=-4.11 faceΔ=-4.8% eye=active eyeClass=inconclusive eyeConf=0.00 eyeFwd=0.42 eyeDown=0.42 eyePitchDrop=4.11 depthΔ=0.019 irisΔ=-0.042
2026-03-06 23:07:43 +0000: [MediaPipeClient] faceLandmarks count=1434 (need 1434 for 3D mesh)
2026-03-06 23:07:43 +0000: [ENGINE] faceMesh present: 478 landmarks, 478 depths
[EVAL] rawCVA=57.8 adj=59.9 base=62.0 class=lookingDown relScore=90 sev=good pitchΔ=-3.57 faceΔ=-3.5% eye=active eyeClass=inconclusive eyeConf=0.05 eyeFwd=0.37 eyeDown=0.42 eyePitchDrop=3.57 depthΔ=0.026 irisΔ=-0.037
2026-03-06 23:07:44 +0000: [MediaPipeClient] faceLandmarks count=1434 (need 1434 for 3D mesh)
2026-03-06 23:07:44 +0000: [ENGINE] faceMesh present: 478 landmarks, 478 depths
2026-03-06 23:07:44 +0000: [ENGINE] [CTX] context=laptop conf=1.00 sub=neutral source=auto faceRatio=1.00 cam=FaceTime HD Camera model=FaceTime HD Camera reasons=deviceHint:laptop
[EVAL] rawCVA=59.4 adj=60.7 base=62.0 class=lookingDown relScore=92 sev=good pitchΔ=-2.83 faceΔ=-0.0% eye=active eyeClass=forwardHead eyeConf=0.00 eyeFwd=0.29 eyeDown=0.49 eyePitchDrop=2.83 depthΔ=0.029 irisΔ=-0.017
2026-03-06 23:07:44 +0000: [MediaPipeClient] faceLandmarks count=1434 (need 1434 for 3D mesh)
2026-03-06 23:07:44 +0000: [ENGINE] faceMesh present: 478 landmarks, 478 depths
[EVAL] rawCVA=60.6 adj=60.6 base=62.0 class=normal relScore=92 sev=good pitchΔ=-2.61 faceΔ=-4.6% eye=active eyeClass=forwardHead eyeConf=0.22 eyeFwd=0.34 eyeDown=0.27 eyePitchDrop=2.61 depthΔ=0.028 irisΔ=-0.024
2026-03-06 23:07:44 +0000: [MediaPipeClient] faceLandmarks count=1434 (need 1434 for 3D mesh)
2026-03-06 23:07:44 +0000: [ENGINE] faceMesh present: 478 landmarks, 478 depths
[EVAL] rawCVA=61.1 adj=61.1 base=62.0 class=normal relScore=93 sev=good pitchΔ=-2.86 faceΔ=-4.3% eye=active eyeClass=inconclusive eyeConf=0.01 eyeFwd=0.30 eyeDown=0.32 eyePitchDrop=2.86 depthΔ=0.025 irisΔ=-0.026
2026-03-06 23:07:45 +0000: [MediaPipeClient] faceLandmarks count=1434 (need 1434 for 3D mesh)
2026-03-06 23:07:45 +0000: [ENGINE] faceMesh present: 478 landmarks, 478 depths
[EVAL] rawCVA=61.5 adj=61.5 base=62.0 class=normal relScore=94 sev=good pitchΔ=-2.50 faceΔ=-4.6% eye=active eyeClass=inconclusive eyeConf=0.08 eyeFwd=0.33 eyeDown=0.26 eyePitchDrop=2.50 depthΔ=0.027 irisΔ=-0.030
2026-03-06T23:07:45Z: [PERF_CAMERA] frames=151 portrait=0 avgConvertMs=5.01 avgRotateMs=0.00 avgFrameMs=5.03 maxConvertMs=12.49 maxRotateMs=0.00 maxFrameMs=12.52
2026-03-06 23:07:45 +0000: [MediaPipeClient] faceLandmarks count=1434 (need 1434 for 3D mesh)
2026-03-06 23:07:45 +0000: [ENGINE] faceMesh present: 478 landmarks, 478 depths
[EVAL] rawCVA=61.6 adj=61.6 base=62.0 class=normal relScore=94 sev=good pitchΔ=-2.82 faceΔ=-4.4% eye=active eyeClass=inconclusive eyeConf=0.03 eyeFwd=0.29 eyeDown=0.32 eyePitchDrop=2.82 depthΔ=0.021 irisΔ=-0.025
2026-03-06 23:07:45 +0000: [ENGINE] analyzing frame 1920x1080
2026-03-06 23:07:45 +0000: [MediaPipeClient] faceLandmarks count=1434 (need 1434 for 3D mesh)
2026-03-06 23:07:45 +0000: [ENGINE] faceMesh present: 478 landmarks, 478 depths
2026-03-06 23:07:45 +0000: [ENGINE] [CTX] context=laptop conf=1.00 sub=tooFar source=auto faceRatio=0.78 cam=FaceTime HD Camera model=FaceTime HD Camera reasons=deviceHint:laptop|faceRatio:far
[EVAL] rawCVA=61.6 adj=61.6 base=62.0 class=unknown relScore=94 sev=good pitchΔ=-9.71 faceΔ=-21.5% eye=skip
2026-03-06 23:07:46 +0000: [MediaPipeClient] faceLandmarks count=1434 (need 1434 for 3D mesh)
2026-03-06 23:07:46 +0000: [ENGINE] faceMesh present: 478 landmarks, 478 depths
2026-03-06 23:07:46 +0000: [ENGINE] [CTX] context=laptop conf=1.00 sub=neutral source=auto faceRatio=0.88 cam=FaceTime HD Camera model=FaceTime HD Camera reasons=deviceHint:laptop
[EVAL] rawCVA=61.6 adj=61.6 base=62.0 class=unknown relScore=94 sev=good pitchΔ=-10.72 faceΔ=-12.2% eye=skip
2026-03-06 23:07:46 +0000: [MediaPipeClient] faceLandmarks count=1434 (need 1434 for 3D mesh)
2026-03-06 23:07:46 +0000: [ENGINE] faceMesh present: 478 landmarks, 478 depths
[EVAL] rawCVA=61.6 adj=61.6 base=62.0 class=unknown relScore=94 sev=good pitchΔ=-7.84 faceΔ=-8.9% eye=skip
2026-03-06 23:07:46 +0000: [ENGINE] [SCORE/MP] rawCVA=61.6 smoothedCVA=61.6 relScore=94 severity=good menuBar=good pitch=-10.2
2026-03-06 23:07:46 +0000: [MediaPipeClient] faceLandmarks count=1434 (need 1434 for 3D mesh)
2026-03-06 23:07:46 +0000: [ENGINE] faceMesh present: 478 landmarks, 478 depths
[EVAL] rawCVA=61.6 adj=61.6 base=62.0 class=forwardHead relScore=94 sev=good pitchΔ=-6.70 faceΔ=-8.5% eye=active eyeClass=forwardHead eyeConf=0.00 eyeFwd=0.30 eyeDown=0.56 eyePitchDrop=6.70 depthΔ=0.016 irisΔ=-0.058
2026-03-06 23:07:46 +0000: [ENGINE] [SCORE/MP] rawCVA=61.6 smoothedCVA=61.6 relScore=94 severity=good menuBar=good pitch=-9.1
2026-03-06 23:07:47 +0000: [MediaPipeClient] faceLandmarks count=1434 (need 1434 for 3D mesh)
2026-03-06 23:07:47 +0000: [ENGINE] faceMesh present: 478 landmarks, 478 depths
[EVAL] rawCVA=61.6 adj=61.6 base=62.0 class=forwardHead relScore=94 sev=good pitchΔ=-5.93 faceΔ=-8.3% eye=active eyeClass=forwardHead eyeConf=0.04 eyeFwd=0.36 eyeDown=0.47 eyePitchDrop=5.93 depthΔ=0.025 irisΔ=-0.062
2026-03-06 23:07:47 +0000: [ENGINE] [SCORE/MP] rawCVA=61.6 smoothedCVA=61.6 relScore=94 severity=good menuBar=good pitch=-8.3
2026-03-06 23:07:47 +0000: [MediaPipeClient] faceLandmarks count=1434 (need 1434 for 3D mesh)
2026-03-06 23:07:47 +0000: [ENGINE] faceMesh present: 478 landmarks, 478 depths
[EVAL] rawCVA=58.3 adj=60.2 base=62.0 class=lookingDown relScore=91 sev=good pitchΔ=-6.14 faceΔ=-4.3% eye=active eyeClass=forwardHead eyeConf=0.00 eyeFwd=0.34 eyeDown=0.60 eyePitchDrop=6.14 depthΔ=0.031 irisΔ=-0.054
2026-03-06 23:07:47 +0000: [MediaPipeClient] faceLandmarks count=1434 (need 1434 for 3D mesh)
2026-03-06 23:07:47 +0000: [ENGINE] faceMesh present: 478 landmarks, 478 depths
[EVAL] rawCVA=55.4 adj=58.7 base=62.0 class=lookingDown relScore=87 sev=good pitchΔ=-6.64 faceΔ=-3.0% eye=active eyeClass=forwardHead eyeConf=0.00 eyeFwd=0.50 eyeDown=0.67 eyePitchDrop=6.64 depthΔ=0.044 irisΔ=-0.040
2026-03-06 23:07:48 +0000: [MediaPipeClient] faceLandmarks count=1434 (need 1434 for 3D mesh)
2026-03-06 23:07:48 +0000: [ENGINE] faceMesh present: 478 landmarks, 478 depths
[EVAL] rawCVA=54.9 adj=58.5 base=62.0 class=lookingDown relScore=86 sev=good pitchΔ=-5.31 faceΔ=-2.3% eye=active eyeClass=forwardHead eyeConf=0.15 eyeFwd=0.57 eyeDown=0.57 eyePitchDrop=5.31 depthΔ=0.050 irisΔ=-0.026
2026-03-06 23:07:48 +0000: [MediaPipeClient] faceLandmarks count=1434 (need 1434 for 3D mesh)
2026-03-06 23:07:48 +0000: [ENGINE] faceMesh present: 478 landmarks, 478 depths
2026-03-06 23:07:48 +0000: [ENGINE] [CTX] context=laptop conf=1.00 sub=neutral source=auto faceRatio=0.96 cam=FaceTime HD Camera model=FaceTime HD Camera reasons=deviceHint:laptop
[EVAL] rawCVA=55.0 adj=58.5 base=62.0 class=lookingDown relScore=87 sev=good pitchΔ=-5.30 faceΔ=-4.0% eye=active eyeClass=forwardHead eyeConf=0.27 eyeFwd=0.60 eyeDown=0.48 eyePitchDrop=5.30 depthΔ=0.048 irisΔ=-0.030
2026-03-06 23:07:48 +0000: [MediaPipeClient] faceLandmarks count=1434 (need 1434 for 3D mesh)
2026-03-06 23:07:48 +0000: [ENGINE] faceMesh present: 478 landmarks, 478 depths
[EVAL] rawCVA=54.5 adj=58.2 base=62.0 class=lookingDown relScore=86 sev=good pitchΔ=-5.99 faceΔ=-3.7% eye=active eyeClass=forwardHead eyeConf=0.21 eyeFwd=0.61 eyeDown=0.56 eyePitchDrop=5.99 depthΔ=0.050 irisΔ=-0.031
2026-03-06 23:07:49 +0000: [MediaPipeClient] faceLandmarks count=1434 (need 1434 for 3D mesh)
2026-03-06 23:07:49 +0000: [ENGINE] faceMesh present: 478 landmarks, 478 depths
[EVAL] rawCVA=54.3 adj=58.2 base=62.0 class=lookingDown relScore=86 sev=good pitchΔ=-5.71 faceΔ=-1.1% eye=active eyeClass=forwardHead eyeConf=0.07 eyeFwd=0.57 eyeDown=0.65 eyePitchDrop=5.71 depthΔ=0.057 irisΔ=-0.035
2026-03-06 23:07:49 +0000: [MediaPipeClient] faceLandmarks count=1434 (need 1434 for 3D mesh)
2026-03-06 23:07:49 +0000: [ENGINE] faceMesh present: 478 landmarks, 478 depths
[EVAL] rawCVA=54.0 adj=54.0 base=62.0 class=forwardHead relScore=76 sev=good pitchΔ=-6.04 faceΔ=-2.5% eye=active eyeClass=forwardHead eyeConf=0.12 eyeFwd=0.60 eyeDown=0.63 eyePitchDrop=6.04 depthΔ=0.067 irisΔ=-0.041
2026-03-06 23:07:49 +0000: [MediaPipeClient] faceLandmarks count=1434 (need 1434 for 3D mesh)
2026-03-06 23:07:49 +0000: [ENGINE] faceMesh present: 478 landmarks, 478 depths
[EVAL] rawCVA=53.7 adj=53.7 base=62.0 class=forwardHead relScore=75 sev=good pitchΔ=-6.03 faceΔ=-2.8% eye=active eyeClass=forwardHead eyeConf=0.16 eyeFwd=0.62 eyeDown=0.61 eyePitchDrop=6.03 depthΔ=0.076 irisΔ=-0.048
2026-03-06 23:07:50 +0000: [MediaPipeClient] faceLandmarks count=1434 (need 1434 for 3D mesh)
2026-03-06 23:07:50 +0000: [ENGINE] faceMesh present: 478 landmarks, 478 depths
[EVAL] rawCVA=53.4 adj=53.4 base=62.0 class=forwardHead relScore=74 sev=mild pitchΔ=-6.21 faceΔ=-1.8% eye=active eyeClass=forwardHead eyeConf=0.08 eyeFwd=0.60 eyeDown=0.67 eyePitchDrop=6.21 depthΔ=0.077 irisΔ=-0.040
2026-03-06 23:07:50 +0000: [ENGINE] [SCORE/MP] rawCVA=53.2 smoothedCVA=53.4 relScore=74 severity=mild menuBar=good pitch=-8.6
2026-03-06T23:07:50Z: [PERF_CAMERA] frames=150 portrait=0 avgConvertMs=5.30 avgRotateMs=0.00 avgFrameMs=5.32 maxConvertMs=10.35 maxRotateMs=0.00 maxFrameMs=10.50
2026-03-06 23:07:50 +0000: [MediaPipeClient] faceLandmarks count=1434 (need 1434 for 3D mesh)
2026-03-06 23:07:50 +0000: [ENGINE] faceMesh present: 478 landmarks, 478 depths
[EVAL] rawCVA=54.1 adj=54.1 base=62.0 class=forwardHead relScore=76 sev=good pitchΔ=-5.34 faceΔ=-4.9% eye=active eyeClass=forwardHead eyeConf=0.41 eyeFwd=0.69 eyeDown=0.43 eyePitchDrop=5.34 depthΔ=0.070 irisΔ=-0.093
2026-03-06 23:07:50 +0000: [ENGINE] [SCORE/MP] rawCVA=54.5 smoothedCVA=54.1 relScore=76 severity=good menuBar=good pitch=-7.7
2026-03-06 23:07:50 +0000: [MediaPipeClient] faceLandmarks count=1434 (need 1434 for 3D mesh)
2026-03-06 23:07:50 +0000: [ENGINE] faceMesh present: 478 landmarks, 478 depths
2026-03-06 23:07:50 +0000: [ENGINE] [CTX] context=laptop conf=1.00 sub=neutral source=auto faceRatio=0.94 cam=FaceTime HD Camera model=FaceTime HD Camera reasons=deviceHint:laptop
[EVAL] rawCVA=54.3 adj=54.3 base=62.0 class=unknown relScore=76 sev=good pitchΔ=0.93 faceΔ=-5.9% eye=skip
2026-03-06 23:07:51 +0000: [MediaPipeClient] faceLandmarks count=1434 (need 1434 for 3D mesh)
2026-03-06 23:07:51 +0000: [ENGINE] faceMesh present: 478 landmarks, 478 depths
[EVAL] rawCVA=54.4 adj=54.4 base=62.0 class=unknown relScore=77 sev=good pitchΔ=4.59 faceΔ=0.6% eye=skip
2026-03-06 23:07:51 +0000: [MediaPipeClient] faceLandmarks count=1434 (need 1434 for 3D mesh)
2026-03-06 23:07:51 +0000: [ENGINE] faceMesh present: 478 landmarks, 478 depths
[EVAL] rawCVA=54.4 adj=54.4 base=62.0 class=unknown relScore=77 sev=good pitchΔ=4.03 faceΔ=0.6% eye=skip
2026-03-06 23:07:51 +0000: [ENGINE] analyzing frame 1920x1080
2026-03-06 23:07:51 +0000: [MediaPipeClient] faceLandmarks count=1434 (need 1434 for 3D mesh)
2026-03-06 23:07:51 +0000: [ENGINE] faceMesh present: 478 landmarks, 478 depths
[EVAL] rawCVA=54.5 adj=54.5 base=62.0 class=unknown relScore=77 sev=good pitchΔ=5.11 faceΔ=0.4% eye=skip
2026-03-06 23:07:52 +0000: [MediaPipeClient] faceLandmarks count=0 (need 1434 for 3D mesh)
2026-03-06 23:07:52 +0000: [ENGINE] faceMesh=nil
[EVAL] rawCVA=54.5 adj=54.5 base=62.0 class=unknown relScore=77 sev=good pitchΔ=5.11 faceΔ=3.6% eye=skip
2026-03-06 23:07:52 +0000: [ENGINE] [SCORE/MP] rawCVA=54.5 smoothedCVA=54.5 relScore=77 severity=good menuBar=good pitch=2.7
2026-03-06 23:07:52 +0000: [ENGINE] analyzing frame 1920x1080
2026-03-06 23:07:52 +0000: [MediaPipeClient] faceLandmarks count=0 (need 1434 for 3D mesh)
2026-03-06 23:07:52 +0000: [ENGINE] faceMesh=nil
[EVAL] rawCVA=54.5 adj=54.5 base=62.0 class=unknown relScore=77 sev=good pitchΔ=5.11 faceΔ=0.9% eye=skip
2026-03-06 23:07:52 +0000: [MediaPipeClient] faceLandmarks count=0 (need 1434 for 3D mesh)
2026-03-06 23:07:52 +0000: [ENGINE] faceMesh=nil
[EVAL] rawCVA=54.5 adj=54.5 base=62.0 class=unknown relScore=77 sev=good pitchΔ=5.11 faceΔ=-0.3% eye=skip
2026-03-06 23:07:53 +0000: [MediaPipeClient] faceLandmarks count=0 (need 1434 for 3D mesh)
2026-03-06 23:07:53 +0000: [ENGINE] faceMesh=nil
2026-03-06 23:07:53 +0000: [ENGINE] [CTX] context=laptop conf=1.00 sub=neutral source=auto faceRatio=1.00 cam=FaceTime HD Camera model=FaceTime HD Camera reasons=deviceHint:laptop
[EVAL] rawCVA=58.6 adj=60.3 base=62.0 class=lookingDown relScore=90 sev=good pitchΔ=2.38 faceΔ=-0.3% eye=active eyeClass=lookingDown eyeConf=0.33 eyeFwd=0.16 eyeDown=0.49 eyePitchDrop=-2.38 depthΔ=-0.073 irisΔ=-0.026
2026-03-06 23:07:53 +0000: [MediaPipeClient] faceLandmarks count=0 (need 1434 for 3D mesh)
2026-03-06 23:07:53 +0000: [ENGINE] faceMesh=nil
[EVAL] rawCVA=62.8 adj=62.8 base=62.0 class=normal relScore=91 sev=good pitchΔ=2.38 faceΔ=-0.8% eye=active eyeClass=lookingDown eyeConf=0.38 eyeFwd=0.10 eyeDown=0.48 eyePitchDrop=-2.38 depthΔ=-0.081 irisΔ=-0.026
2026-03-06 23:07:53 +0000: [MediaPipeClient] faceLandmarks count=0 (need 1434 for 3D mesh)
2026-03-06 23:07:53 +0000: [ENGINE] faceMesh=nil
[EVAL] rawCVA=66.2 adj=66.2 base=62.0 class=normal relScore=83 sev=good pitchΔ=2.38 faceΔ=-2.6% eye=active eyeClass=inconclusive eyeConf=0.29 eyeFwd=0.12 eyeDown=0.41 eyePitchDrop=-2.38 depthΔ=-0.090 irisΔ=-0.026
2026-03-06 23:07:53 +0000: [ENGINE] [SCORE/MP] rawCVA=73.9 smoothedCVA=66.2 relScore=83 severity=good menuBar=good pitch=0.0
2026-03-06 23:07:54 +0000: [MediaPipeClient] faceLandmarks count=0 (need 1434 for 3D mesh)
2026-03-06 23:07:54 +0000: [ENGINE] faceMesh=nil
[EVAL] rawCVA=71.0 adj=71.0 base=62.0 class=normal relScore=71 sev=mild pitchΔ=2.38 faceΔ=-2.7% eye=active eyeClass=inconclusive eyeConf=0.28 eyeFwd=0.12 eyeDown=0.40 eyePitchDrop=-2.38 depthΔ=-0.063 irisΔ=-0.026
2026-03-06 23:07:54 +0000: [ENGINE] [SCORE/MP] rawCVA=74.2 smoothedCVA=71.0 relScore=71 severity=mild menuBar=good pitch=0.0
2026-03-06 23:07:54 +0000: [MediaPipeClient] faceLandmarks count=0 (need 1434 for 3D mesh)
2026-03-06 23:07:54 +0000: [ENGINE] faceMesh=nil
[EVAL] rawCVA=72.8 adj=72.8 base=62.0 class=forwardHead relScore=67 sev=mild pitchΔ=2.38 faceΔ=-6.1% eye=active eyeClass=inconclusive eyeConf=0.02 eyeFwd=0.23 eyeDown=0.25 eyePitchDrop=-2.38 depthΔ=-0.078 irisΔ=-0.026
2026-03-06 23:07:54 +0000: [ENGINE] [SCORE/MP] rawCVA=74.0 smoothedCVA=72.8 relScore=67 severity=mild menuBar=good pitch=0.0
2026-03-06 23:07:54 +0000: [MediaPipeClient] faceLandmarks count=0 (need 1434 for 3D mesh)
2026-03-06 23:07:54 +0000: [ENGINE] faceMesh=nil
[EVAL] rawCVA=72.7 adj=72.7 base=62.0 class=normal relScore=67 sev=mild pitchΔ=2.38 faceΔ=-5.7% eye=active eyeClass=inconclusive eyeConf=0.04 eyeFwd=0.21 eyeDown=0.26 eyePitchDrop=-2.38 depthΔ=-0.091 irisΔ=-0.026
2026-03-06 23:07:55 +0000: [MediaPipeClient] faceLandmarks count=1434 (need 1434 for 3D mesh)
2026-03-06 23:07:55 +0000: [ENGINE] faceMesh present: 478 landmarks, 478 depths
[EVAL] rawCVA=72.6 adj=72.6 base=62.0 class=unknown relScore=69 sev=mild pitchΔ=3.60 faceΔ=-2.8% eye=skip
2026-03-06T23:07:55Z: [PERF_CAMERA] frames=150 portrait=0 avgConvertMs=4.77 avgRotateMs=0.00 avgFrameMs=4.78 maxConvertMs=12.69 maxRotateMs=0.00 maxFrameMs=12.70
2026-03-06 23:07:55 +0000: [MediaPipeClient] faceLandmarks count=1434 (need 1434 for 3D mesh)
2026-03-06 23:07:55 +0000: [ENGINE] faceMesh present: 478 landmarks, 478 depths
2026-03-06 23:07:55 +0000: [ENGINE] [CTX] context=laptop conf=1.00 sub=neutral source=auto faceRatio=0.97 cam=FaceTime HD Camera model=FaceTime HD Camera reasons=deviceHint:laptop
[EVAL] rawCVA=72.6 adj=72.6 base=62.0 class=unknown relScore=69 sev=mild pitchΔ=3.81 faceΔ=-3.2% eye=skip
2026-03-06 23:07:55 +0000: [MediaPipeClient] faceLandmarks count=1434 (need 1434 for 3D mesh)
2026-03-06 23:07:55 +0000: [ENGINE] faceMesh present: 478 landmarks, 478 depths
[EVAL] rawCVA=72.6 adj=72.6 base=62.0 class=unknown relScore=69 sev=mild pitchΔ=4.16 faceΔ=-3.1% eye=skip
2026-03-06 23:07:56 +0000: [MediaPipeClient] faceLandmarks count=1434 (need 1434 for 3D mesh)
2026-03-06 23:07:56 +0000: [ENGINE] faceMesh present: 478 landmarks, 478 depths
[EVAL] rawCVA=72.6 adj=72.6 base=62.0 class=unknown relScore=69 sev=mild pitchΔ=3.95 faceΔ=-5.1% eye=skip
2026-03-06 23:07:56 +0000: [ENGINE] [SCORE/MP] rawCVA=72.6 smoothedCVA=72.6 relScore=69 severity=mild menuBar=mild pitch=1.6
2026-03-06 23:07:56 +0000: [MediaPipeClient] faceLandmarks count=1434 (need 1434 for 3D mesh)
2026-03-06 23:07:56 +0000: [ENGINE] faceMesh present: 478 landmarks, 478 depths
[EVAL] rawCVA=72.6 adj=72.6 base=62.0 class=unknown relScore=69 sev=mild pitchΔ=3.78 faceΔ=-6.4% eye=skip
2026-03-06 23:07:56 +0000: [ENGINE] analyzing frame 1920x1080
2026-03-06 23:07:56 +0000: [MediaPipeClient] faceLandmarks count=1434 (need 1434 for 3D mesh)
2026-03-06 23:07:56 +0000: [ENGINE] faceMesh present: 478 landmarks, 478 depths
[EVAL] rawCVA=72.6 adj=72.6 base=62.0 class=unknown relScore=69 sev=mild pitchΔ=2.80 faceΔ=-3.3% eye=skip
2026-03-06 23:07:56 +0000: [ENGINE] [SCORE/MP] rawCVA=72.6 smoothedCVA=72.6 relScore=69 severity=mild menuBar=mild pitch=0.4
2026-03-06 23:07:57 +0000: [MediaPipeClient] faceLandmarks count=1434 (need 1434 for 3D mesh)
2026-03-06 23:07:57 +0000: [ENGINE] faceMesh present: 478 landmarks, 478 depths
[EVAL] rawCVA=72.6 adj=72.6 base=62.0 class=unknown relScore=69 sev=mild pitchΔ=3.36 faceΔ=-5.6% eye=skip
2026-03-06 23:07:57 +0000: [MediaPipeClient] faceLandmarks count=1434 (need 1434 for 3D mesh)
2026-03-06 23:07:57 +0000: [ENGINE] faceMesh present: 478 landmarks, 478 depths
[EVAL] rawCVA=72.6 adj=72.6 base=62.0 class=unknown relScore=69 sev=mild pitchΔ=3.61 faceΔ=-2.0% eye=skip
2026-03-06 23:07:57 +0000: [ENGINE] [SCORE/MP] rawCVA=72.6 smoothedCVA=72.6 relScore=69 severity=mild menuBar=mild pitch=1.2
2026-03-06 23:07:57 +0000: [MediaPipeClient] faceLandmarks count=1434 (need 1434 for 3D mesh)
2026-03-06 23:07:57 +0000: [ENGINE] faceMesh present: 478 landmarks, 478 depths
2026-03-06 23:07:57 +0000: [ENGINE] [CTX] context=laptop conf=1.00 sub=neutral source=auto faceRatio=0.97 cam=FaceTime HD Camera model=FaceTime HD Camera reasons=deviceHint:laptop
[EVAL] rawCVA=72.6 adj=72.6 base=62.0 class=unknown relScore=69 sev=mild pitchΔ=3.28 faceΔ=-2.9% eye=skip
2026-03-06 23:07:58 +0000: [MediaPipeClient] faceLandmarks count=0 (need 1434 for 3D mesh)
2026-03-06 23:07:58 +0000: [ENGINE] faceMesh=nil
[EVAL] rawCVA=72.6 adj=72.6 base=62.0 class=unknown relScore=69 sev=mild pitchΔ=3.28 faceΔ=-5.0% eye=skip
2026-03-06 23:07:58 +0000: [MediaPipeClient] faceLandmarks count=0 (need 1434 for 3D mesh)
2026-03-06 23:07:58 +0000: [ENGINE] faceMesh=nil
[EVAL] rawCVA=72.6 adj=72.6 base=62.0 class=unknown relScore=69 sev=mild pitchΔ=3.28 faceΔ=-3.6% eye=skip
2026-03-06 23:07:58 +0000: [ENGINE] analyzing frame 1920x1080
2026-03-06 23:07:58 +0000: [MediaPipeClient] faceLandmarks count=1434 (need 1434 for 3D mesh)
2026-03-06 23:07:58 +0000: [ENGINE] faceMesh present: 478 landmarks, 478 depths
[EVAL] rawCVA=72.6 adj=72.6 base=62.0 class=unknown relScore=69 sev=mild pitchΔ=2.92 faceΔ=-3.8% eye=skip
2026-03-06 23:07:59 +0000: [MediaPipeClient] faceLandmarks count=0 (need 1434 for 3D mesh)
2026-03-06 23:07:59 +0000: [ENGINE] faceMesh=nil
[EVAL] rawCVA=72.6 adj=72.6 base=62.0 class=unknown relScore=69 sev=mild pitchΔ=2.92 faceΔ=-4.7% eye=skip
2026-03-06 23:07:59 +0000: [ENGINE] [SCORE/MP] rawCVA=72.6 smoothedCVA=72.6 relScore=69 severity=mild menuBar=mild pitch=0.5
2026-03-06 23:07:59 +0000: [MediaPipeClient] faceLandmarks count=0 (need 1434 for 3D mesh)
2026-03-06 23:07:59 +0000: [ENGINE] faceMesh=nil
[EVAL] rawCVA=72.6 adj=72.6 base=62.0 class=unknown relScore=69 sev=mild pitchΔ=2.92 faceΔ=-5.4% eye=skip
2026-03-06 23:07:59 +0000: [ENGINE] [SCORE/MP] rawCVA=72.6 smoothedCVA=72.6 relScore=69 severity=mild menuBar=mild pitch=0.5
2026-03-06 23:07:59 +0000: [MediaPipeClient] faceLandmarks count=1434 (need 1434 for 3D mesh)
2026-03-06 23:07:59 +0000: [ENGINE] faceMesh present: 478 landmarks, 478 depths
[EVAL] rawCVA=72.6 adj=72.6 base=62.0 class=unknown relScore=69 sev=mild pitchΔ=4.94 faceΔ=-4.7% eye=skip
2026-03-06 23:08:00 +0000: [MediaPipeClient] faceLandmarks count=1434 (need 1434 for 3D mesh)
2026-03-06 23:08:00 +0000: [ENGINE] faceMesh present: 478 landmarks, 478 depths
2026-03-06 23:08:00 +0000: [ENGINE] [CTX] context=laptop conf=1.00 sub=neutral source=auto faceRatio=0.96 cam=FaceTime HD Camera model=FaceTime HD Camera reasons=deviceHint:laptop
[EVAL] rawCVA=72.6 adj=72.6 base=62.0 class=unknown relScore=69 sev=mild pitchΔ=5.54 faceΔ=-3.6% eye=skip
2026-03-06 23:08:00 +0000: [ENGINE] [SCORE/MP] rawCVA=72.6 smoothedCVA=72.6 relScore=69 severity=mild menuBar=mild pitch=3.2
2026-03-06T23:08:00Z: [PERF_CAMERA] frames=150 portrait=0 avgConvertMs=4.54 avgRotateMs=0.00 avgFrameMs=4.56 maxConvertMs=7.20 maxRotateMs=0.00 maxFrameMs=7.22
2026-03-06 23:08:00 +0000: [MediaPipeClient] faceLandmarks count=1434 (need 1434 for 3D mesh)
2026-03-06 23:08:00 +0000: [ENGINE] faceMesh present: 478 landmarks, 478 depths
[EVAL] rawCVA=72.6 adj=72.6 base=62.0 class=unknown relScore=69 sev=mild pitchΔ=4.15 faceΔ=-2.4% eye=skip
2026-03-06 23:08:00 +0000: [MediaPipeClient] faceLandmarks count=1434 (need 1434 for 3D mesh)
2026-03-06 23:08:00 +0000: [ENGINE] faceMesh present: 478 landmarks, 478 depths
[EVAL] rawCVA=72.6 adj=72.6 base=62.0 class=unknown relScore=69 sev=mild pitchΔ=3.70 faceΔ=-3.7% eye=skip
2026-03-06 23:08:00 +0000: [ENGINE] [SCORE/MP] rawCVA=72.6 smoothedCVA=72.6 relScore=69 severity=mild menuBar=mild pitch=1.3
2026-03-06 23:08:01 +0000: [MediaPipeClient] faceLandmarks count=0 (need 1434 for 3D mesh)
2026-03-06 23:08:01 +0000: [ENGINE] faceMesh=nil
[EVAL] rawCVA=72.6 adj=72.6 base=62.0 class=unknown relScore=69 sev=mild pitchΔ=3.70 faceΔ=-3.6% eye=skip
2026-03-06 23:08:01 +0000: [MediaPipeClient] faceLandmarks count=1434 (need 1434 for 3D mesh)
2026-03-06 23:08:01 +0000: [ENGINE] faceMesh present: 478 landmarks, 478 depths
[EVAL] rawCVA=72.6 adj=72.6 base=62.0 class=unknown relScore=69 sev=mild pitchΔ=3.40 faceΔ=-1.7% eye=skip
2026-03-06 23:08:01 +0000: [MediaPipeClient] faceLandmarks count=1434 (need 1434 for 3D mesh)
2026-03-06 23:08:01 +0000: [ENGINE] faceMesh present: 478 landmarks, 478 depths
[EVAL] rawCVA=72.6 adj=72.6 base=62.0 class=unknown relScore=69 sev=mild pitchΔ=2.36 faceΔ=-1.6% eye=skip
2026-03-06 23:08:01 +0000: [ENGINE] [SCORE/MP] rawCVA=72.6 smoothedCVA=72.6 relScore=69 severity=mild menuBar=mild pitch=-0.0
2026-03-06 23:08:02 +0000: [MediaPipeClient] faceLandmarks count=1434 (need 1434 for 3D mesh)
2026-03-06 23:08:02 +0000: [ENGINE] faceMesh present: 478 landmarks, 478 depths
[EVAL] rawCVA=72.6 adj=72.6 base=62.0 class=unknown relScore=69 sev=mild pitchΔ=3.20 faceΔ=-5.7% eye=skip
2026-03-06 23:08:02 +0000: [MediaPipeClient] faceLandmarks count=0 (need 1434 for 3D mesh)
2026-03-06 23:08:02 +0000: [ENGINE] faceMesh=nil
2026-03-06 23:08:02 +0000: [ENGINE] [CTX] context=laptop conf=1.00 sub=neutral source=auto faceRatio=0.95 cam=FaceTime HD Camera model=FaceTime HD Camera reasons=deviceHint:laptop
[EVAL] rawCVA=72.6 adj=72.6 base=62.0 class=unknown relScore=69 sev=mild pitchΔ=3.20 faceΔ=-5.4% eye=skip
2026-03-06 23:08:02 +0000: [MediaPipeClient] faceLandmarks count=0 (need 1434 for 3D mesh)
2026-03-06 23:08:02 +0000: [ENGINE] faceMesh=nil
[EVAL] rawCVA=72.6 adj=72.6 base=62.0 class=unknown relScore=69 sev=mild pitchΔ=3.20 faceΔ=-3.5% eye=skip
2026-03-06 23:08:03 +0000: [MediaPipeClient] faceLandmarks count=1434 (need 1434 for 3D mesh)
2026-03-06 23:08:03 +0000: [ENGINE] faceMesh present: 478 landmarks, 478 depths
[EVAL] rawCVA=72.6 adj=72.6 base=62.0 class=unknown relScore=69 sev=mild pitchΔ=3.84 faceΔ=-3.8% eye=skip
2026-03-06 23:08:03 +0000: [ENGINE] analyzing frame 1920x1080
2026-03-06 23:08:03 +0000: [MediaPipeClient] faceLandmarks count=1434 (need 1434 for 3D mesh)
2026-03-06 23:08:03 +0000: [ENGINE] faceMesh present: 478 landmarks, 478 depths
[EVAL] rawCVA=72.6 adj=72.6 base=62.0 class=unknown relScore=69 sev=mild pitchΔ=3.56 faceΔ=-3.4% eye=skip
2026-03-06 23:08:03 +0000: [MediaPipeClient] faceLandmarks count=1434 (need 1434 for 3D mesh)
2026-03-06 23:08:03 +0000: [ENGINE] faceMesh present: 478 landmarks, 478 depths
[EVAL] rawCVA=72.6 adj=72.6 base=62.0 class=unknown relScore=69 sev=mild pitchΔ=3.78 faceΔ=-3.8% eye=skip
2026-03-06 23:08:04 +0000: [MediaPipeClient] faceLandmarks count=1434 (need 1434 for 3D mesh)
2026-03-06 23:08:04 +0000: [ENGINE] faceMesh present: 478 landmarks, 478 depths
[EVAL] rawCVA=72.6 adj=72.6 base=62.0 class=unknown relScore=69 sev=mild pitchΔ=3.39 faceΔ=-4.3% eye=skip
2026-03-06 23:08:04 +0000: [MediaPipeClient] faceLandmarks count=1434 (need 1434 for 3D mesh)
2026-03-06 23:08:04 +0000: [ENGINE] faceMesh present: 478 landmarks, 478 depths
[EVAL] rawCVA=72.6 adj=72.6 base=62.0 class=unknown relScore=69 sev=mild pitchΔ=3.71 faceΔ=-4.9% eye=skip
2026-03-06 23:08:04 +0000: [MediaPipeClient] faceLandmarks count=1434 (need 1434 for 3D mesh)
2026-03-06 23:08:04 +0000: [ENGINE] faceMesh present: 478 landmarks, 478 depths
2026-03-06 23:08:04 +0000: [ENGINE] [CTX] context=laptop conf=1.00 sub=neutral source=auto faceRatio=0.99 cam=FaceTime HD Camera model=FaceTime HD Camera reasons=deviceHint:laptop
[EVAL] rawCVA=72.6 adj=72.6 base=62.0 class=unknown relScore=69 sev=mild pitchΔ=4.31 faceΔ=-1.1% eye=skip
2026-03-06 23:08:05 +0000: [MediaPipeClient] faceLandmarks count=1434 (need 1434 for 3D mesh)
2026-03-06 23:08:05 +0000: [ENGINE] faceMesh present: 478 landmarks, 478 depths
[EVAL] rawCVA=72.6 adj=72.6 base=62.0 class=unknown relScore=69 sev=mild pitchΔ=4.80 faceΔ=-4.8% eye=skip
2026-03-06T23:08:05Z: [PERF_CAMERA] frames=150 portrait=0 avgConvertMs=4.53 avgRotateMs=0.00 avgFrameMs=4.55 maxConvertMs=5.89 maxRotateMs=0.00 maxFrameMs=5.91
2026-03-06 23:08:05 +0000: [ENGINE] analyzing frame 1920x1080
2026-03-06 23:08:05 +0000: [MediaPipeClient] faceLandmarks count=0 (need 1434 for 3D mesh)
2026-03-06 23:08:05 +0000: [ENGINE] faceMesh=nil
[EVAL] rawCVA=72.6 adj=72.6 base=62.0 class=unknown relScore=69 sev=mild pitchΔ=4.80 faceΔ=-5.1% eye=skip
2026-03-06 23:08:05 +0000: [MediaPipeClient] faceLandmarks count=1434 (need 1434 for 3D mesh)
2026-03-06 23:08:05 +0000: [ENGINE] faceMesh present: 478 landmarks, 478 depths
[EVAL] rawCVA=72.6 adj=72.6 base=62.0 class=unknown relScore=69 sev=mild pitchΔ=4.26 faceΔ=-4.6% eye=skip
2026-03-06 23:08:06 +0000: [MediaPipeClient] faceLandmarks count=1434 (need 1434 for 3D mesh)
2026-03-06 23:08:06 +0000: [ENGINE] faceMesh present: 478 landmarks, 478 depths
[EVAL] rawCVA=72.6 adj=72.6 base=62.0 class=unknown relScore=69 sev=mild pitchΔ=4.16 faceΔ=-3.8% eye=skip
2026-03-06 23:08:06 +0000: [ENGINE] [SCORE/MP] rawCVA=72.6 smoothedCVA=72.6 relScore=69 severity=mild menuBar=mild pitch=1.8
2026-03-06 23:08:06 +0000: [MediaPipeClient] faceLandmarks count=0 (need 1434 for 3D mesh)
2026-03-06 23:08:06 +0000: [ENGINE] faceMesh=nil
[EVAL] rawCVA=72.6 adj=72.6 base=62.0 class=unknown relScore=69 sev=mild pitchΔ=4.16 faceΔ=-4.6% eye=skip
2026-03-06 23:08:06 +0000: [ENGINE] [SCORE/MP] rawCVA=72.6 smoothedCVA=72.6 relScore=69 severity=mild menuBar=mild pitch=1.8
2026-03-06 23:08:06 +0000: [MediaPipeClient] faceLandmarks count=1434 (need 1434 for 3D mesh)
2026-03-06 23:08:06 +0000: [ENGINE] faceMesh present: 478 landmarks, 478 depths
[EVAL] rawCVA=72.6 adj=72.6 base=62.0 class=unknown relScore=69 sev=mild pitchΔ=4.29 faceΔ=-6.0% eye=skip
2026-03-06 23:08:07 +0000: [MediaPipeClient] faceLandmarks count=1434 (need 1434 for 3D mesh)
2026-03-06 23:08:07 +0000: [ENGINE] faceMesh present: 478 landmarks, 478 depths
2026-03-06 23:08:07 +0000: [ENGINE] [CTX] context=laptop conf=1.00 sub=neutral source=auto faceRatio=0.94 cam=FaceTime HD Camera model=FaceTime HD Camera reasons=deviceHint:laptop
[EVAL] rawCVA=72.6 adj=72.6 base=62.0 class=unknown relScore=69 sev=mild pitchΔ=4.11 faceΔ=-6.1% eye=skip
2026-03-06 23:08:07 +0000: [MediaPipeClient] faceLandmarks count=1434 (need 1434 for 3D mesh)
2026-03-06 23:08:07 +0000: [ENGINE] faceMesh present: 478 landmarks, 478 depths
[EVAL] rawCVA=72.6 adj=72.6 base=62.0 class=unknown relScore=69 sev=mild pitchΔ=3.63 faceΔ=-6.4% eye=skip
2026-03-06 23:08:07 +0000: [ENGINE] [SCORE/MP] rawCVA=72.6 smoothedCVA=72.6 relScore=69 severity=mild menuBar=mild pitch=1.2
